#! /usr/bin/vvp
:ivl_version "12.0 (stable)" "(v12_0-dirty)";
:ivl_delay_selection "TYPICAL";
:vpi_time_precision + 0;
:vpi_module "/usr/lib/ivl/system.vpi";
:vpi_module "/usr/lib/ivl/vhdl_sys.vpi";
:vpi_module "/usr/lib/ivl/vhdl_textio.vpi";
:vpi_module "/usr/lib/ivl/v2005_math.vpi";
:vpi_module "/usr/lib/ivl/va_math.vpi";
S_0x5b3a7f0050b0 .scope module, "testbench" "testbench" 2 28;
 .timescale 0 0;
v0x5b3a7f02d7b0_0 .var "rm", 31 0;
v0x5b3a7f02d870_0 .var "rn", 31 0;
v0x5b3a7f02d930_0 .net "y", 31 0, L_0x5b3a7f03dfb0;  1 drivers
v0x5b3a7f02d9d0_0 .net "y_abs", 31 0, L_0x5b3a7f03ecc0;  1 drivers
S_0x5b3a7efd6520 .scope module, "sd" "signed_div" 2 31, 2 1 0, S_0x5b3a7f0050b0;
 .timescale 0 0;
    .port_info 0 /INPUT 32 "rn";
    .port_info 1 /INPUT 32 "rm";
    .port_info 2 /OUTPUT 32 "y";
L_0x5b3a7f03ddd0 .functor AND 1, L_0x5b3a7f03db10, L_0x5b3a7f03dc70, C4<1>, C4<1>;
L_0x793565a45018 .functor BUFT 1, C4<00000000000000000000000000000000>, C4<0>, C4<0>, C4<0>;
v0x5b3a7f011e50_0 .net/2u *"_ivl_0", 31 0, L_0x793565a45018;  1 drivers
v0x5b3a7f02b3e0_0 .net *"_ivl_10", 31 0, L_0x5b3a7f03dee0;  1 drivers
L_0x793565a450a8 .functor BUFT 1, C4<00000000000000000000000000000000>, C4<0>, C4<0>, C4<0>;
v0x5b3a7f02b4c0_0 .net/2u *"_ivl_12", 31 0, L_0x793565a450a8;  1 drivers
v0x5b3a7f02b580_0 .net *"_ivl_2", 0 0, L_0x5b3a7f03db10;  1 drivers
L_0x793565a45060 .functor BUFT 1, C4<00000000000000000000000000000000>, C4<0>, C4<0>, C4<0>;
v0x5b3a7f02b640_0 .net/2u *"_ivl_4", 31 0, L_0x793565a45060;  1 drivers
v0x5b3a7f02b770_0 .net *"_ivl_6", 0 0, L_0x5b3a7f03dc70;  1 drivers
v0x5b3a7f02b830_0 .net *"_ivl_8", 0 0, L_0x5b3a7f03ddd0;  1 drivers
v0x5b3a7f02b910_0 .net "rm", 31 0, v0x5b3a7f02d7b0_0;  1 drivers
v0x5b3a7f02b9f0_0 .net "rn", 31 0, v0x5b3a7f02d870_0;  1 drivers
v0x5b3a7f02bad0_0 .net "y", 31 0, L_0x5b3a7f03dfb0;  alias, 1 drivers
L_0x5b3a7f03db10 .cmp/ne 32, v0x5b3a7f02d7b0_0, L_0x793565a45018;
L_0x5b3a7f03dc70 .cmp/ne 32, v0x5b3a7f02d870_0, L_0x793565a45060;
L_0x5b3a7f03dee0 .arith/div 32, v0x5b3a7f02d870_0, v0x5b3a7f02d7b0_0;
L_0x5b3a7f03dfb0 .functor MUXZ 32, L_0x793565a450a8, L_0x5b3a7f03dee0, L_0x5b3a7f03ddd0, C4<>;
S_0x5b3a7f02bc30 .scope module, "ud" "usigned_div" 2 32, 2 16 0, S_0x5b3a7f0050b0;
 .timescale 0 0;
    .port_info 0 /INPUT 32 "rn";
    .port_info 1 /INPUT 32 "rm";
    .port_info 2 /OUTPUT 32 "y";
L_0x5b3a7f03e3a0 .functor AND 1, L_0x5b3a7f03e960, L_0x5b3a7f03ea50, C4<1>, C4<1>;
L_0x793565a45210 .functor BUFT 1, C4<00000000000000000000000000000000>, C4<0>, C4<0>, C4<0>;
v0x5b3a7f02cd30_0 .net/2u *"_ivl_0", 31 0, L_0x793565a45210;  1 drivers
v0x5b3a7f02ce10_0 .net *"_ivl_10", 31 0, L_0x5b3a7f03eb90;  1 drivers
L_0x793565a452a0 .functor BUFT 1, C4<00000000000000000000000000000000>, C4<0>, C4<0>, C4<0>;
v0x5b3a7f02cef0_0 .net/2u *"_ivl_12", 31 0, L_0x793565a452a0;  1 drivers
v0x5b3a7f02cfb0_0 .net *"_ivl_2", 0 0, L_0x5b3a7f03e960;  1 drivers
L_0x793565a45258 .functor BUFT 1, C4<00000000000000000000000000000000>, C4<0>, C4<0>, C4<0>;
v0x5b3a7f02d070_0 .net/2u *"_ivl_4", 31 0, L_0x793565a45258;  1 drivers
v0x5b3a7f02d1a0_0 .net *"_ivl_6", 0 0, L_0x5b3a7f03ea50;  1 drivers
v0x5b3a7f02d260_0 .net *"_ivl_8", 0 0, L_0x5b3a7f03e3a0;  1 drivers
v0x5b3a7f02d340_0 .net "abs_rm", 31 0, L_0x5b3a7f03e7d0;  1 drivers
v0x5b3a7f02d400_0 .net "abs_rn", 31 0, L_0x5b3a7f03e460;  1 drivers
v0x5b3a7f02d4a0_0 .net "rm", 31 0, v0x5b3a7f02d7b0_0;  alias, 1 drivers
v0x5b3a7f02d540_0 .net "rn", 31 0, v0x5b3a7f02d870_0;  alias, 1 drivers
v0x5b3a7f02d650_0 .net "y", 31 0, L_0x5b3a7f03ecc0;  alias, 1 drivers
L_0x5b3a7f03e960 .cmp/ne 32, L_0x5b3a7f03e7d0, L_0x793565a45210;
L_0x5b3a7f03ea50 .cmp/ne 32, L_0x5b3a7f03e460, L_0x793565a45258;
L_0x5b3a7f03eb90 .arith/div 32, L_0x5b3a7f03e460, L_0x5b3a7f03e7d0;
L_0x5b3a7f03ecc0 .functor MUXZ 32, L_0x793565a452a0, L_0x5b3a7f03eb90, L_0x5b3a7f03e3a0, C4<>;
S_0x5b3a7f02be10 .scope module, "a_rm" "absolute_value" 2 22, 2 9 0, S_0x5b3a7f02bc30;
 .timescale 0 0;
    .port_info 0 /INPUT 32 "value";
    .port_info 1 /OUTPUT 32 "abs_value";
L_0x793565a45180 .functor BUFT 1, C4<00000000000000000000000000000000>, C4<0>, C4<0>, C4<0>;
v0x5b3a7f02c030_0 .net/2s *"_ivl_0", 31 0, L_0x793565a45180;  1 drivers
v0x5b3a7f02c130_0 .net *"_ivl_2", 0 0, L_0x5b3a7f03e5f0;  1 drivers
L_0x793565a451c8 .functor BUFT 1, C4<00000000000000000000000000000000>, C4<0>, C4<0>, C4<0>;
v0x5b3a7f02c1f0_0 .net *"_ivl_4", 31 0, L_0x793565a451c8;  1 drivers
v0x5b3a7f02c2b0_0 .net *"_ivl_7", 31 0, L_0x5b3a7f03e6e0;  1 drivers
v0x5b3a7f02c390_0 .net "abs_value", 31 0, L_0x5b3a7f03e7d0;  alias, 1 drivers
v0x5b3a7f02c4c0_0 .net/s "value", 31 0, v0x5b3a7f02d7b0_0;  alias, 1 drivers
L_0x5b3a7f03e5f0 .cmp/gt.s 32, L_0x793565a45180, v0x5b3a7f02d7b0_0;
L_0x5b3a7f03e6e0 .arith/sub 32, L_0x793565a451c8, v0x5b3a7f02d7b0_0;
L_0x5b3a7f03e7d0 .functor MUXZ 32, v0x5b3a7f02d7b0_0, L_0x5b3a7f03e6e0, L_0x5b3a7f03e5f0, C4<>;
S_0x5b3a7f02c5c0 .scope module, "a_rn" "absolute_value" 2 21, 2 9 0, S_0x5b3a7f02bc30;
 .timescale 0 0;
    .port_info 0 /INPUT 32 "value";
    .port_info 1 /OUTPUT 32 "abs_value";
L_0x793565a450f0 .functor BUFT 1, C4<00000000000000000000000000000000>, C4<0>, C4<0>, C4<0>;
v0x5b3a7f02c7a0_0 .net/2s *"_ivl_0", 31 0, L_0x793565a450f0;  1 drivers
v0x5b3a7f02c8a0_0 .net *"_ivl_2", 0 0, L_0x5b3a7f03e1c0;  1 drivers
L_0x793565a45138 .functor BUFT 1, C4<00000000000000000000000000000000>, C4<0>, C4<0>, C4<0>;
v0x5b3a7f02c960_0 .net *"_ivl_4", 31 0, L_0x793565a45138;  1 drivers
v0x5b3a7f02ca20_0 .net *"_ivl_7", 31 0, L_0x5b3a7f03e300;  1 drivers
v0x5b3a7f02cb00_0 .net "abs_value", 31 0, L_0x5b3a7f03e460;  alias, 1 drivers
v0x5b3a7f02cc30_0 .net/s "value", 31 0, v0x5b3a7f02d870_0;  alias, 1 drivers
L_0x5b3a7f03e1c0 .cmp/gt.s 32, L_0x793565a450f0, v0x5b3a7f02d870_0;
L_0x5b3a7f03e300 .arith/sub 32, L_0x793565a45138, v0x5b3a7f02d870_0;
L_0x5b3a7f03e460 .functor MUXZ 32, v0x5b3a7f02d870_0, L_0x5b3a7f03e300, L_0x5b3a7f03e1c0, C4<>;
    .scope S_0x5b3a7f0050b0;
T_0 ;
    %pushi/vec4 4294967284, 0, 32;
    %store/vec4 v0x5b3a7f02d870_0, 0, 32;
    %pushi/vec4 2, 0, 32;
    %store/vec4 v0x5b3a7f02d7b0_0, 0, 32;
    %delay 1, 0;
    %vpi_call 2 35 "$finish" {0 0 0};
    %end;
    .thread T_0;
    .scope S_0x5b3a7f0050b0;
T_1 ;
    %vpi_call 2 38 "$dumpfile", "provando.vcd" {0 0 0};
    %vpi_call 2 39 "$dumpvars" {0 0 0};
    %end;
    .thread T_1;
# The file index is used to find the file name in the following table.
:file_names 3;
    "N/A";
    "<interactive>";
    "div.v";
