#! /usr/bin/vvp
:ivl_version "12.0 (stable)" "(v12_0-dirty)";
:ivl_delay_selection "TYPICAL";
:vpi_time_precision + 0;
:vpi_module "/usr/lib/ivl/system.vpi";
:vpi_module "/usr/lib/ivl/vhdl_sys.vpi";
:vpi_module "/usr/lib/ivl/vhdl_textio.vpi";
:vpi_module "/usr/lib/ivl/v2005_math.vpi";
:vpi_module "/usr/lib/ivl/va_math.vpi";
S_0x61766b2cf190 .scope module, "testbench" "testbench" 2 1;
 .timescale 0 0;
v0x61766b2f6760_0 .net "DataAdr", 31 0, L_0x61766b313050;  1 drivers
v0x61766b2f6840_0 .net "MemWrite", 0 0, L_0x61766b308b30;  1 drivers
v0x61766b2f6900_0 .net "WriteData", 31 0, L_0x61766b30e390;  1 drivers
v0x61766b2f69a0_0 .var "clk", 0 0;
v0x61766b2f6a40_0 .var "reset", 0 0;
S_0x61766b1f8580 .scope module, "dut" "top" 2 7, 3 1 0, S_0x61766b2cf190;
 .timescale 0 0;
    .port_info 0 /INPUT 1 "clk";
    .port_info 1 /INPUT 1 "reset";
    .port_info 2 /OUTPUT 32 "WriteData";
    .port_info 3 /OUTPUT 32 "DataAdr";
    .port_info 4 /OUTPUT 1 "MemWrite";
v0x61766b2f6020_0 .net "DataAdr", 31 0, L_0x61766b313050;  alias, 1 drivers
v0x61766b2f60e0_0 .net "Instr", 31 0, L_0x61766b313420;  1 drivers
v0x61766b2f61a0_0 .net "MemWrite", 0 0, L_0x61766b308b30;  alias, 1 drivers
v0x61766b2f62d0_0 .net "PC", 31 0, v0x61766b2e6090_0;  1 drivers
v0x61766b2f6370_0 .net "ReadData", 31 0, L_0x61766b313670;  1 drivers
v0x61766b2f64c0_0 .net "WriteData", 31 0, L_0x61766b30e390;  alias, 1 drivers
v0x61766b2f6580_0 .net "clk", 0 0, v0x61766b2f69a0_0;  1 drivers
v0x61766b2f6620_0 .net "reset", 0 0, v0x61766b2f6a40_0;  1 drivers
S_0x61766b291d20 .scope module, "arm" "arm" 3 16, 4 1 0, S_0x61766b1f8580;
 .timescale 0 0;
    .port_info 0 /INPUT 1 "clk";
    .port_info 1 /INPUT 1 "reset";
    .port_info 2 /OUTPUT 32 "PC";
    .port_info 3 /INPUT 32 "Instr";
    .port_info 4 /OUTPUT 1 "MemWrite";
    .port_info 5 /OUTPUT 32 "ALUResult";
    .port_info 6 /OUTPUT 32 "WriteData";
    .port_info 7 /INPUT 32 "ReadData";
v0x61766b2f3ba0_0 .net "ALUControl", 1 0, v0x61766b2d98c0_0;  1 drivers
v0x61766b2f3c80_0 .net "ALUFlags", 3 0, L_0x61766b3125b0;  1 drivers
v0x61766b2f3d40_0 .net "ALUResult", 31 0, L_0x61766b313050;  alias, 1 drivers
v0x61766b2f3de0_0 .net "ALUSrc", 0 0, L_0x61766b2f6d30;  1 drivers
v0x61766b2f3f10_0 .net "DivMulSrc", 0 0, v0x61766b2d9cf0_0;  1 drivers
v0x61766b2f3fb0_0 .net "ImmSrc", 1 0, L_0x61766b2f6c90;  1 drivers
v0x61766b2f4100_0 .net "Instr", 31 0, L_0x61766b313420;  alias, 1 drivers
v0x61766b2f41c0_0 .net "MemWrite", 0 0, L_0x61766b308b30;  alias, 1 drivers
v0x61766b2f4260_0 .net "MemtoReg", 0 0, L_0x61766b2f6dd0;  1 drivers
v0x61766b2f4420_0 .net "PC", 31 0, v0x61766b2e6090_0;  alias, 1 drivers
v0x61766b2f44c0_0 .net "PCSrc", 0 0, L_0x61766b308c30;  1 drivers
v0x61766b2f45f0_0 .net "ReadData", 31 0, L_0x61766b313670;  alias, 1 drivers
v0x61766b2f46b0_0 .net "RegSrc", 1 0, L_0x61766b2f6bf0;  1 drivers
v0x61766b2f4770_0 .net "RegWrite", 0 0, L_0x61766b308a30;  1 drivers
v0x61766b2f48a0_0 .net "WriteData", 31 0, L_0x61766b30e390;  alias, 1 drivers
v0x61766b2f4960_0 .net "clk", 0 0, v0x61766b2f69a0_0;  alias, 1 drivers
v0x61766b2f4a00_0 .net "div_op", 0 0, v0x61766b2db210_0;  1 drivers
v0x61766b2f4aa0_0 .net "div_sel", 0 0, L_0x61766b307960;  1 drivers
v0x61766b2f4bd0_0 .net "mla_op", 0 0, v0x61766b2db660_0;  1 drivers
v0x61766b2f4d00_0 .net "reset", 0 0, v0x61766b2f6a40_0;  alias, 1 drivers
v0x61766b2f4da0_0 .net "shif_op", 0 0, v0x61766b2db7e0_0;  1 drivers
L_0x61766b308ec0 .part L_0x61766b313420, 12, 20;
L_0x61766b308ff0 .part L_0x61766b313420, 4, 4;
S_0x61766b289e70 .scope module, "c" "controller" 4 33, 5 1 0, S_0x61766b291d20;
 .timescale 0 0;
    .port_info 0 /INPUT 1 "clk";
    .port_info 1 /INPUT 1 "reset";
    .port_info 2 /INPUT 20 "Instr";
    .port_info 3 /INPUT 4 "ALUFlags";
    .port_info 4 /OUTPUT 2 "RegSrc";
    .port_info 5 /OUTPUT 1 "RegWrite";
    .port_info 6 /OUTPUT 2 "ImmSrc";
    .port_info 7 /OUTPUT 1 "ALUSrc";
    .port_info 8 /OUTPUT 2 "ALUControl";
    .port_info 9 /OUTPUT 1 "MemWrite";
    .port_info 10 /OUTPUT 1 "MemtoReg";
    .port_info 11 /OUTPUT 1 "PCSrc";
    .port_info 12 /OUTPUT 1 "DivMulSrc";
    .port_info 13 /OUTPUT 1 "shif_op";
    .port_info 14 /OUTPUT 1 "div_op";
    .port_info 15 /OUTPUT 1 "mla_op";
    .port_info 16 /OUTPUT 1 "div_sel";
    .port_info 17 /INPUT 4 "Instr_7_4";
v0x61766b2d95f0_0 .net "ALUControl", 1 0, v0x61766b2d98c0_0;  alias, 1 drivers
v0x61766b2dbbf0_0 .net "ALUFlags", 3 0, L_0x61766b3125b0;  alias, 1 drivers
v0x61766b2dbcc0_0 .net "ALUSrc", 0 0, L_0x61766b2f6d30;  alias, 1 drivers
v0x61766b2dbdc0_0 .net "DivMulSrc", 0 0, v0x61766b2d9cf0_0;  alias, 1 drivers
v0x61766b2dbe90_0 .net "FlagW", 1 0, v0x61766b2d9db0_0;  1 drivers
v0x61766b2dbf80_0 .net "ImmSrc", 1 0, L_0x61766b2f6c90;  alias, 1 drivers
v0x61766b2dc020_0 .net "Instr", 31 12, L_0x61766b308ec0;  1 drivers
v0x61766b2dc0c0_0 .net "Instr_7_4", 3 0, L_0x61766b308ff0;  1 drivers
v0x61766b2dc160_0 .net "MemW", 0 0, L_0x61766b2f6fa0;  1 drivers
v0x61766b2dc200_0 .net "MemWrite", 0 0, L_0x61766b308b30;  alias, 1 drivers
v0x61766b2dc2a0_0 .net "MemtoReg", 0 0, L_0x61766b2f6dd0;  alias, 1 drivers
v0x61766b2dc370_0 .net "PCS", 0 0, L_0x61766b2f7450;  1 drivers
v0x61766b2dc460_0 .net "PCSrc", 0 0, L_0x61766b308c30;  alias, 1 drivers
v0x61766b2dc500_0 .net "RegSrc", 1 0, L_0x61766b2f6bf0;  alias, 1 drivers
v0x61766b2dc5d0_0 .net "RegW", 0 0, L_0x61766b2f6f00;  1 drivers
v0x61766b2dc6c0_0 .net "RegWrite", 0 0, L_0x61766b308a30;  alias, 1 drivers
v0x61766b2dc760_0 .net "clk", 0 0, v0x61766b2f69a0_0;  alias, 1 drivers
v0x61766b2dc800_0 .net "div_op", 0 0, v0x61766b2db210_0;  alias, 1 drivers
v0x61766b2dc8d0_0 .net "div_sel", 0 0, L_0x61766b307960;  alias, 1 drivers
v0x61766b2dc9a0_0 .net "mla_op", 0 0, v0x61766b2db660_0;  alias, 1 drivers
v0x61766b2dca70_0 .net "reset", 0 0, v0x61766b2f6a40_0;  alias, 1 drivers
v0x61766b2dcb10_0 .net "shif_op", 0 0, v0x61766b2db7e0_0;  alias, 1 drivers
L_0x61766b307c60 .part L_0x61766b308ec0, 14, 2;
L_0x61766b307d00 .part L_0x61766b308ec0, 8, 6;
L_0x61766b307e40 .part L_0x61766b308ec0, 0, 4;
L_0x61766b308d60 .part L_0x61766b308ec0, 16, 4;
S_0x61766b28a250 .scope module, "cl" "condlogic" 5 63, 6 1 0, S_0x61766b289e70;
 .timescale 0 0;
    .port_info 0 /INPUT 1 "clk";
    .port_info 1 /INPUT 1 "reset";
    .port_info 2 /INPUT 4 "Cond";
    .port_info 3 /INPUT 4 "ALUFlags";
    .port_info 4 /INPUT 2 "FlagW";
    .port_info 5 /INPUT 1 "PCS";
    .port_info 6 /INPUT 1 "RegW";
    .port_info 7 /INPUT 1 "MemW";
    .port_info 8 /OUTPUT 1 "PCSrc";
    .port_info 9 /OUTPUT 1 "RegWrite";
    .port_info 10 /OUTPUT 1 "MemWrite";
L_0x61766b308970 .functor AND 2, v0x61766b2d9db0_0, L_0x61766b308840, C4<11>, C4<11>;
L_0x61766b308a30 .functor AND 1, L_0x61766b2f6f00, v0x61766b297c60_0, C4<1>, C4<1>;
L_0x61766b308b30 .functor AND 1, L_0x61766b2f6fa0, v0x61766b297c60_0, C4<1>, C4<1>;
L_0x61766b308c30 .functor AND 1, L_0x61766b2f7450, v0x61766b297c60_0, C4<1>, C4<1>;
v0x61766b2d8690_0 .net "ALUFlags", 3 0, L_0x61766b3125b0;  alias, 1 drivers
v0x61766b2d8790_0 .net "Cond", 3 0, L_0x61766b308d60;  1 drivers
v0x61766b2d8850_0 .net "CondEx", 0 0, v0x61766b297c60_0;  1 drivers
v0x61766b2d8950_0 .net "FlagW", 1 0, v0x61766b2d9db0_0;  alias, 1 drivers
v0x61766b2d89f0_0 .net "FlagWrite", 1 0, L_0x61766b308970;  1 drivers
v0x61766b2d8b00_0 .net "Flags", 3 0, L_0x61766b308200;  1 drivers
v0x61766b2d8bc0_0 .net "MemW", 0 0, L_0x61766b2f6fa0;  alias, 1 drivers
v0x61766b2d8c60_0 .net "MemWrite", 0 0, L_0x61766b308b30;  alias, 1 drivers
v0x61766b2d8d20_0 .net "PCS", 0 0, L_0x61766b2f7450;  alias, 1 drivers
v0x61766b2d8de0_0 .net "PCSrc", 0 0, L_0x61766b308c30;  alias, 1 drivers
v0x61766b2d8ea0_0 .net "RegW", 0 0, L_0x61766b2f6f00;  alias, 1 drivers
v0x61766b2d8f60_0 .net "RegWrite", 0 0, L_0x61766b308a30;  alias, 1 drivers
v0x61766b2d9020_0 .net *"_ivl_13", 1 0, L_0x61766b308840;  1 drivers
v0x61766b2d9100_0 .net "clk", 0 0, v0x61766b2f69a0_0;  alias, 1 drivers
v0x61766b2d91a0_0 .net "reset", 0 0, v0x61766b2f6a40_0;  alias, 1 drivers
L_0x61766b307f30 .part L_0x61766b308970, 1, 1;
L_0x61766b307fd0 .part L_0x61766b3125b0, 2, 2;
L_0x61766b308070 .part L_0x61766b308970, 0, 1;
L_0x61766b308160 .part L_0x61766b3125b0, 0, 2;
L_0x61766b308200 .concat8 [ 2 2 0 0], v0x61766b2d7e60_0, v0x61766b2d8410_0;
L_0x61766b308840 .concat [ 1 1 0 0], v0x61766b297c60_0, v0x61766b297c60_0;
S_0x61766b28a630 .scope module, "cc" "condcheck" 6 42, 7 1 0, S_0x61766b28a250;
 .timescale 0 0;
    .port_info 0 /INPUT 4 "Cond";
    .port_info 1 /INPUT 4 "Flags";
    .port_info 2 /OUTPUT 1 "CondEx";
L_0x61766b3086e0 .functor BUFZ 4, L_0x61766b308200, C4<0000>, C4<0000>, C4<0000>;
L_0x61766b308750 .functor XNOR 1, L_0x61766b3082f0, L_0x61766b308550, C4<0>, C4<0>;
v0x61766b297b60_0 .net "Cond", 3 0, L_0x61766b308d60;  alias, 1 drivers
v0x61766b297c60_0 .var "CondEx", 0 0;
v0x61766b285eb0_0 .net "Flags", 3 0, L_0x61766b308200;  alias, 1 drivers
v0x61766b2905b0_0 .net *"_ivl_6", 3 0, L_0x61766b3086e0;  1 drivers
v0x61766b22ec20_0 .net "carry", 0 0, L_0x61766b3084b0;  1 drivers
v0x61766b218ff0_0 .net "ge", 0 0, L_0x61766b308750;  1 drivers
v0x61766b2d7880_0 .net "neg", 0 0, L_0x61766b3082f0;  1 drivers
v0x61766b2d7940_0 .net "overflow", 0 0, L_0x61766b308550;  1 drivers
v0x61766b2d7a00_0 .net "zero", 0 0, L_0x61766b308390;  1 drivers
E_0x61766b2007c0/0 .event anyedge, v0x61766b297b60_0, v0x61766b2d7a00_0, v0x61766b22ec20_0, v0x61766b2d7880_0;
E_0x61766b2007c0/1 .event anyedge, v0x61766b2d7940_0, v0x61766b218ff0_0;
E_0x61766b2007c0 .event/or E_0x61766b2007c0/0, E_0x61766b2007c0/1;
L_0x61766b3082f0 .part L_0x61766b3086e0, 3, 1;
L_0x61766b308390 .part L_0x61766b3086e0, 2, 1;
L_0x61766b3084b0 .part L_0x61766b3086e0, 1, 1;
L_0x61766b308550 .part L_0x61766b3086e0, 0, 1;
S_0x61766b28aa10 .scope module, "flagreg0" "flopenr" 6 35, 8 1 0, S_0x61766b28a250;
 .timescale 0 0;
    .port_info 0 /INPUT 1 "clk";
    .port_info 1 /INPUT 1 "reset";
    .port_info 2 /INPUT 1 "en";
    .port_info 3 /INPUT 2 "d";
    .port_info 4 /OUTPUT 2 "q";
P_0x61766b2d7b40 .param/l "WIDTH" 0 8 8, +C4<00000000000000000000000000000010>;
v0x61766b2d7c00_0 .net "clk", 0 0, v0x61766b2f69a0_0;  alias, 1 drivers
v0x61766b2d7ce0_0 .net "d", 1 0, L_0x61766b308160;  1 drivers
v0x61766b2d7dc0_0 .net "en", 0 0, L_0x61766b308070;  1 drivers
v0x61766b2d7e60_0 .var "q", 1 0;
v0x61766b2d7f40_0 .net "reset", 0 0, v0x61766b2f6a40_0;  alias, 1 drivers
E_0x61766b295c60 .event posedge, v0x61766b2d7f40_0, v0x61766b2d7c00_0;
S_0x61766b2c3280 .scope module, "flagreg1" "flopenr" 6 28, 8 1 0, S_0x61766b28a250;
 .timescale 0 0;
    .port_info 0 /INPUT 1 "clk";
    .port_info 1 /INPUT 1 "reset";
    .port_info 2 /INPUT 1 "en";
    .port_info 3 /INPUT 2 "d";
    .port_info 4 /OUTPUT 2 "q";
P_0x61766b2d8140 .param/l "WIDTH" 0 8 8, +C4<00000000000000000000000000000010>;
v0x61766b2d81e0_0 .net "clk", 0 0, v0x61766b2f69a0_0;  alias, 1 drivers
v0x61766b2d8280_0 .net "d", 1 0, L_0x61766b307fd0;  1 drivers
v0x61766b2d8340_0 .net "en", 0 0, L_0x61766b307f30;  1 drivers
v0x61766b2d8410_0 .var "q", 1 0;
v0x61766b2d84f0_0 .net "reset", 0 0, v0x61766b2f6a40_0;  alias, 1 drivers
S_0x61766b2d93f0 .scope module, "dec" "decode" 5 43, 9 1 0, S_0x61766b289e70;
 .timescale 0 0;
    .port_info 0 /INPUT 2 "Op";
    .port_info 1 /INPUT 6 "Funct";
    .port_info 2 /INPUT 4 "Rd";
    .port_info 3 /OUTPUT 2 "FlagW";
    .port_info 4 /OUTPUT 1 "PCS";
    .port_info 5 /OUTPUT 1 "RegW";
    .port_info 6 /OUTPUT 1 "MemW";
    .port_info 7 /OUTPUT 1 "MemtoReg";
    .port_info 8 /OUTPUT 1 "ALUSrc";
    .port_info 9 /OUTPUT 2 "ImmSrc";
    .port_info 10 /OUTPUT 2 "RegSrc";
    .port_info 11 /OUTPUT 2 "ALUControl";
    .port_info 12 /OUTPUT 1 "DivMulSrc";
    .port_info 13 /OUTPUT 1 "shif_op";
    .port_info 14 /OUTPUT 1 "div_op";
    .port_info 15 /OUTPUT 1 "mla_op";
    .port_info 16 /OUTPUT 1 "div_sel";
    .port_info 17 /INPUT 4 "Instr_7_4";
L_0x61766b2f73e0 .functor AND 1, L_0x61766b2f7340, L_0x61766b2f6f00, C4<1>, C4<1>;
L_0x61766b2f7450 .functor OR 1, L_0x61766b2f73e0, L_0x61766b2f7080, C4<0>, C4<0>;
v0x61766b2d98c0_0 .var "ALUControl", 1 0;
v0x61766b2d99c0_0 .net "ALUOp", 0 0, L_0x61766b2f7120;  1 drivers
v0x61766b2d9a80_0 .net "ALUSrc", 0 0, L_0x61766b2f6d30;  alias, 1 drivers
v0x61766b2d9b20_0 .net "Branch", 0 0, L_0x61766b2f7080;  1 drivers
v0x61766b2d9be0_0 .net "DivMulSrc", 0 0, v0x61766b2d9cf0_0;  alias, 1 drivers
v0x61766b2d9cf0_0 .var "DivMulSrc_aux", 0 0;
v0x61766b2d9db0_0 .var "FlagW", 1 0;
v0x61766b2d9e70_0 .net "Funct", 5 0, L_0x61766b307d00;  1 drivers
v0x61766b2d9f30_0 .net "ImmSrc", 1 0, L_0x61766b2f6c90;  alias, 1 drivers
v0x61766b2da010_0 .net "Instr_7_4", 3 0, L_0x61766b308ff0;  alias, 1 drivers
v0x61766b2da0f0_0 .net "MemW", 0 0, L_0x61766b2f6fa0;  alias, 1 drivers
v0x61766b2da190_0 .net "MemtoReg", 0 0, L_0x61766b2f6dd0;  alias, 1 drivers
v0x61766b2da230_0 .net "Op", 1 0, L_0x61766b307c60;  1 drivers
v0x61766b2da310_0 .net "PCS", 0 0, L_0x61766b2f7450;  alias, 1 drivers
v0x61766b2da3e0_0 .net "Rd", 3 0, L_0x61766b307e40;  1 drivers
v0x61766b2da4a0_0 .net "RegSrc", 1 0, L_0x61766b2f6bf0;  alias, 1 drivers
v0x61766b2da580_0 .net "RegW", 0 0, L_0x61766b2f6f00;  alias, 1 drivers
v0x61766b2da650_0 .net *"_ivl_10", 9 0, v0x61766b2db070_0;  1 drivers
L_0x7435eead7018 .functor BUFT 1, C4<1111>, C4<0>, C4<0>, C4<0>;
v0x61766b2da710_0 .net/2u *"_ivl_11", 3 0, L_0x7435eead7018;  1 drivers
v0x61766b2da7f0_0 .net *"_ivl_13", 0 0, L_0x61766b2f7340;  1 drivers
v0x61766b2da8b0_0 .net *"_ivl_15", 0 0, L_0x61766b2f73e0;  1 drivers
v0x61766b2da990_0 .net *"_ivl_20", 0 0, L_0x61766b2f74c0;  1 drivers
v0x61766b2daa70_0 .net *"_ivl_21", 31 0, L_0x61766b2f75c0;  1 drivers
L_0x7435eead7060 .functor BUFT 1, C4<0000000000000000000000000000000>, C4<0>, C4<0>, C4<0>;
v0x61766b2dab50_0 .net *"_ivl_24", 30 0, L_0x7435eead7060;  1 drivers
L_0x7435eead70a8 .functor BUFT 1, C4<00000000000000000000000000000001>, C4<0>, C4<0>, C4<0>;
v0x61766b2dac30_0 .net/2u *"_ivl_25", 31 0, L_0x7435eead70a8;  1 drivers
v0x61766b2dad10_0 .net *"_ivl_27", 0 0, L_0x61766b307670;  1 drivers
L_0x7435eead70f0 .functor BUFT 1, C4<01>, C4<0>, C4<0>, C4<0>;
v0x61766b2dadd0_0 .net/2s *"_ivl_29", 1 0, L_0x7435eead70f0;  1 drivers
L_0x7435eead7138 .functor BUFT 1, C4<00>, C4<0>, C4<0>, C4<0>;
v0x61766b2daeb0_0 .net/2s *"_ivl_31", 1 0, L_0x7435eead7138;  1 drivers
v0x61766b2daf90_0 .net *"_ivl_33", 1 0, L_0x61766b3077d0;  1 drivers
v0x61766b2db070_0 .var "controls", 9 0;
v0x61766b2db150_0 .net "div_op", 0 0, v0x61766b2db210_0;  alias, 1 drivers
v0x61766b2db210_0 .var "div_op_aux", 0 0;
v0x61766b2db2d0_0 .net "div_sel", 0 0, L_0x61766b307960;  alias, 1 drivers
v0x61766b2db5a0_0 .net "mla_op", 0 0, v0x61766b2db660_0;  alias, 1 drivers
v0x61766b2db660_0 .var "mla_op_aux", 0 0;
v0x61766b2db720_0 .net "shif_op", 0 0, v0x61766b2db7e0_0;  alias, 1 drivers
v0x61766b2db7e0_0 .var "shif_op_aux", 0 0;
E_0x61766b2960d0 .event anyedge, v0x61766b2da230_0, v0x61766b2d9e70_0, v0x61766b2da010_0, v0x61766b2da3e0_0;
E_0x61766b260310 .event anyedge, v0x61766b2d99c0_0, v0x61766b2d9e70_0, v0x61766b2d98c0_0;
E_0x61766b25ff90 .event anyedge, v0x61766b2da230_0, v0x61766b2d9e70_0;
L_0x61766b2f6bf0 .part v0x61766b2db070_0, 8, 2;
L_0x61766b2f6c90 .part v0x61766b2db070_0, 6, 2;
L_0x61766b2f6d30 .part v0x61766b2db070_0, 5, 1;
L_0x61766b2f6dd0 .part v0x61766b2db070_0, 4, 1;
L_0x61766b2f6f00 .part v0x61766b2db070_0, 3, 1;
L_0x61766b2f6fa0 .part v0x61766b2db070_0, 2, 1;
L_0x61766b2f7080 .part v0x61766b2db070_0, 1, 1;
L_0x61766b2f7120 .part v0x61766b2db070_0, 0, 1;
L_0x61766b2f7340 .cmp/eq 4, L_0x61766b307e40, L_0x7435eead7018;
L_0x61766b2f74c0 .part L_0x61766b307d00, 1, 1;
L_0x61766b2f75c0 .concat [ 1 31 0 0], L_0x61766b2f74c0, L_0x7435eead7060;
L_0x61766b307670 .cmp/eq 32, L_0x61766b2f75c0, L_0x7435eead70a8;
L_0x61766b3077d0 .functor MUXZ 2, L_0x7435eead7138, L_0x7435eead70f0, L_0x61766b307670, C4<>;
L_0x61766b307960 .part L_0x61766b3077d0, 0, 1;
S_0x61766b2dcda0 .scope module, "dp" "datapath" 4 53, 10 1 0, S_0x61766b291d20;
 .timescale 0 0;
    .port_info 0 /INPUT 1 "clk";
    .port_info 1 /INPUT 1 "reset";
    .port_info 2 /INPUT 2 "RegSrc";
    .port_info 3 /INPUT 1 "RegWrite";
    .port_info 4 /INPUT 2 "ImmSrc";
    .port_info 5 /INPUT 1 "ALUSrc";
    .port_info 6 /INPUT 2 "ALUControl";
    .port_info 7 /INPUT 1 "MemtoReg";
    .port_info 8 /INPUT 1 "PCSrc";
    .port_info 9 /OUTPUT 4 "ALUFlags";
    .port_info 10 /OUTPUT 32 "PC";
    .port_info 11 /INPUT 32 "Instr";
    .port_info 12 /OUTPUT 32 "ALUResult";
    .port_info 13 /OUTPUT 32 "WriteData";
    .port_info 14 /INPUT 32 "ReadData";
    .port_info 15 /INPUT 1 "DivMulSrc";
    .port_info 16 /INPUT 1 "shif_op";
    .port_info 17 /INPUT 1 "div_op";
    .port_info 18 /INPUT 1 "mla_op";
    .port_info 19 /INPUT 1 "div_sel";
v0x61766b2f1450_0 .net "ALUControl", 1 0, v0x61766b2d98c0_0;  alias, 1 drivers
v0x61766b2f1530_0 .net "ALUFlags", 3 0, L_0x61766b3125b0;  alias, 1 drivers
v0x61766b2f15f0_0 .net "ALUResult", 31 0, L_0x61766b313050;  alias, 1 drivers
v0x61766b2f16e0_0 .net "ALUSrc", 0 0, L_0x61766b2f6d30;  alias, 1 drivers
v0x61766b2f1780_0 .net "DIVResult", 31 0, L_0x61766b3105e0;  1 drivers
v0x61766b2f18e0_0 .net "DivMulSrc", 0 0, v0x61766b2d9cf0_0;  alias, 1 drivers
v0x61766b2f1980_0 .net "ExtImm", 31 0, v0x61766b2e2840_0;  1 drivers
v0x61766b2f1a90_0 .net "ExtImm_rot", 31 0, L_0x61766b30e750;  1 drivers
v0x61766b2f1ba0_0 .net "ImmSrc", 1 0, L_0x61766b2f6c90;  alias, 1 drivers
v0x61766b2f1c60_0 .net "Instr", 31 0, L_0x61766b313420;  alias, 1 drivers
v0x61766b2f1d40_0 .net "MemtoReg", 0 0, L_0x61766b2f6dd0;  alias, 1 drivers
v0x61766b2f1de0_0 .net "PC", 31 0, v0x61766b2e6090_0;  alias, 1 drivers
v0x61766b2f1ea0_0 .net "PCNext", 31 0, L_0x61766b309090;  1 drivers
v0x61766b2f1fb0_0 .net "PCPlus4", 31 0, L_0x61766b309250;  1 drivers
v0x61766b2f2070_0 .net "PCPlus8", 31 0, L_0x61766b309360;  1 drivers
v0x61766b2f2180_0 .net "PCSrc", 0 0, L_0x61766b308c30;  alias, 1 drivers
v0x61766b2f2220_0 .net "RA1", 3 0, L_0x61766b3096f0;  1 drivers
v0x61766b2f2440_0 .net "RA2", 3 0, L_0x61766b30b540;  1 drivers
v0x61766b2f2550_0 .net "RA4", 3 0, L_0x61766b30ba40;  1 drivers
v0x61766b2f2660_0 .net "RD1", 31 0, L_0x61766b30bf40;  1 drivers
v0x61766b2f2720_0 .net "RD2", 31 0, L_0x61766b30c410;  1 drivers
v0x61766b2f27e0_0 .net "RD3", 31 0, L_0x61766b30c8d0;  1 drivers
v0x61766b2f29b0_0 .net "ReadData", 31 0, L_0x61766b313670;  alias, 1 drivers
v0x61766b2f2a70_0 .net "RegSrc", 1 0, L_0x61766b2f6bf0;  alias, 1 drivers
v0x61766b2f2b60_0 .net "RegWrite", 0 0, L_0x61766b308a30;  alias, 1 drivers
v0x61766b2f2c00_0 .net "Result", 31 0, L_0x61766b30ea70;  1 drivers
v0x61766b2f2cc0_0 .net "SrcA", 31 0, L_0x61766b30f540;  1 drivers
v0x61766b2f2dd0_0 .net "SrcB", 31 0, L_0x61766b30f0d0;  1 drivers
v0x61766b2f2e90_0 .net "WriteData", 31 0, L_0x61766b30e390;  alias, 1 drivers
v0x61766b2f2fa0_0 .net "clk", 0 0, v0x61766b2f69a0_0;  alias, 1 drivers
v0x61766b2f3040_0 .net "div_op", 0 0, v0x61766b2db210_0;  alias, 1 drivers
v0x61766b2f30e0_0 .net "div_sel", 0 0, L_0x61766b307960;  alias, 1 drivers
v0x61766b2f3180_0 .net "mla_op", 0 0, v0x61766b2db660_0;  alias, 1 drivers
v0x61766b2f3430_0 .net "pre_ALUResult", 31 0, v0x61766b2dd590_0;  1 drivers
v0x61766b2f3540_0 .net "pre_RA1", 3 0, L_0x61766b309400;  1 drivers
v0x61766b2f3650_0 .net "reset", 0 0, v0x61766b2f6a40_0;  alias, 1 drivers
o0x7435ef0d2058 .functor BUFZ 4, C4<zzzz>; HiZ drive
v0x61766b2f36f0_0 .net "rot", 3 0, o0x7435ef0d2058;  0 drivers
v0x61766b2f37d0_0 .net "shif_op", 0 0, v0x61766b2db7e0_0;  alias, 1 drivers
L_0x61766b3095b0 .part L_0x61766b313420, 16, 4;
L_0x61766b309650 .part L_0x61766b313420, 0, 4;
L_0x61766b309790 .part L_0x61766b2f6bf0, 0, 1;
L_0x61766b30b270 .part L_0x61766b313420, 0, 4;
L_0x61766b30b8c0 .part L_0x61766b313420, 12, 4;
L_0x61766b30b960 .part L_0x61766b2f6bf0, 1, 1;
L_0x61766b30bae0 .part L_0x61766b313420, 12, 4;
L_0x61766b30bb80 .part L_0x61766b313420, 16, 4;
L_0x61766b30ca80 .part L_0x61766b313420, 8, 4;
L_0x61766b30e510 .part L_0x61766b313420, 7, 5;
L_0x61766b30e610 .part L_0x61766b313420, 5, 2;
L_0x61766b30e6b0 .part L_0x61766b313420, 4, 1;
L_0x61766b30e7c0 .part L_0x61766b313420, 7, 1;
L_0x61766b30eb10 .part L_0x61766b313420, 0, 24;
L_0x61766b30f030 .part L_0x61766b313420, 8, 4;
S_0x61766b2dd190 .scope module, "alu" "alu" 10 173, 11 1 0, S_0x61766b2dcda0;
 .timescale 0 0;
    .port_info 0 /INPUT 32 "SrcA";
    .port_info 1 /INPUT 32 "SrcB";
    .port_info 2 /INPUT 2 "ALUControl";
    .port_info 3 /OUTPUT 32 "ALUResult";
    .port_info 4 /OUTPUT 4 "ALUFlags";
L_0x61766b310770 .functor NOT 32, L_0x61766b30f0d0, C4<00000000000000000000000000000000>, C4<00000000000000000000000000000000>, C4<00000000000000000000000000000000>;
L_0x7435eead80b0 .functor BUFT 1, C4<0>, C4<0>, C4<0>, C4<0>;
L_0x61766b310c30 .functor XNOR 1, L_0x61766b311320, L_0x7435eead80b0, C4<0>, C4<0>;
L_0x61766b311570 .functor AND 1, L_0x61766b310c30, L_0x61766b311410, C4<1>, C4<1>;
L_0x7435eead80f8 .functor BUFT 1, C4<0>, C4<0>, C4<0>, C4<0>;
L_0x61766b311830 .functor XNOR 1, L_0x61766b311680, L_0x7435eead80f8, C4<0>, C4<0>;
L_0x61766b311500 .functor XOR 1, L_0x61766b311940, L_0x61766b311a60, C4<0>, C4<0>;
L_0x61766b311cd0 .functor XOR 1, L_0x61766b311500, L_0x61766b311ba0, C4<0>, C4<0>;
L_0x61766b311e20 .functor NOT 1, L_0x61766b311cd0, C4<0>, C4<0>, C4<0>;
L_0x61766b311ee0 .functor AND 1, L_0x61766b311830, L_0x61766b311e20, C4<1>, C4<1>;
L_0x61766b312330 .functor XOR 1, L_0x61766b312040, L_0x61766b3121f0, C4<0>, C4<0>;
L_0x61766b312440 .functor AND 1, L_0x61766b311ee0, L_0x61766b312330, C4<1>, C4<1>;
v0x61766b2ce630_0 .net "ALUControl", 1 0, v0x61766b2d98c0_0;  alias, 1 drivers
v0x61766b2dd480_0 .net "ALUFlags", 3 0, L_0x61766b3125b0;  alias, 1 drivers
v0x61766b2dd590_0 .var "ALUResult", 31 0;
v0x61766b2dd650_0 .net "SrcA", 31 0, L_0x61766b30f540;  alias, 1 drivers
v0x61766b2dd730_0 .net "SrcB", 31 0, L_0x61766b30f0d0;  alias, 1 drivers
v0x61766b2dd860_0 .net *"_ivl_1", 0 0, L_0x61766b3106d0;  1 drivers
v0x61766b2dd940_0 .net *"_ivl_10", 32 0, L_0x61766b310a50;  1 drivers
L_0x7435eead7fd8 .functor BUFT 1, C4<0>, C4<0>, C4<0>, C4<0>;
v0x61766b2dda20_0 .net *"_ivl_13", 0 0, L_0x7435eead7fd8;  1 drivers
v0x61766b2ddb00_0 .net *"_ivl_14", 32 0, L_0x61766b310b90;  1 drivers
v0x61766b2ddbe0_0 .net *"_ivl_17", 0 0, L_0x61766b310d40;  1 drivers
v0x61766b2ddcc0_0 .net *"_ivl_18", 32 0, L_0x61766b310e20;  1 drivers
v0x61766b2ddda0_0 .net *"_ivl_2", 31 0, L_0x61766b310770;  1 drivers
L_0x7435eead8020 .functor BUFT 1, C4<00000000000000000000000000000000>, C4<0>, C4<0>, C4<0>;
v0x61766b2dde80_0 .net *"_ivl_21", 31 0, L_0x7435eead8020;  1 drivers
L_0x7435eead8068 .functor BUFT 1, C4<00000000000000000000000000000000>, C4<0>, C4<0>, C4<0>;
v0x61766b2ddf60_0 .net/2u *"_ivl_26", 31 0, L_0x7435eead8068;  1 drivers
v0x61766b2de040_0 .net *"_ivl_31", 0 0, L_0x61766b311320;  1 drivers
v0x61766b2de120_0 .net/2u *"_ivl_32", 0 0, L_0x7435eead80b0;  1 drivers
v0x61766b2de200_0 .net *"_ivl_34", 0 0, L_0x61766b310c30;  1 drivers
v0x61766b2de3d0_0 .net *"_ivl_37", 0 0, L_0x61766b311410;  1 drivers
v0x61766b2de4b0_0 .net *"_ivl_41", 0 0, L_0x61766b311680;  1 drivers
v0x61766b2de590_0 .net/2u *"_ivl_42", 0 0, L_0x7435eead80f8;  1 drivers
v0x61766b2de670_0 .net *"_ivl_44", 0 0, L_0x61766b311830;  1 drivers
v0x61766b2de730_0 .net *"_ivl_47", 0 0, L_0x61766b311940;  1 drivers
v0x61766b2de810_0 .net *"_ivl_49", 0 0, L_0x61766b311a60;  1 drivers
v0x61766b2de8f0_0 .net *"_ivl_50", 0 0, L_0x61766b311500;  1 drivers
v0x61766b2de9d0_0 .net *"_ivl_53", 0 0, L_0x61766b311ba0;  1 drivers
v0x61766b2deab0_0 .net *"_ivl_54", 0 0, L_0x61766b311cd0;  1 drivers
v0x61766b2deb90_0 .net *"_ivl_56", 0 0, L_0x61766b311e20;  1 drivers
v0x61766b2dec70_0 .net *"_ivl_58", 0 0, L_0x61766b311ee0;  1 drivers
v0x61766b2ded50_0 .net *"_ivl_6", 32 0, L_0x61766b310920;  1 drivers
v0x61766b2dee30_0 .net *"_ivl_61", 0 0, L_0x61766b312040;  1 drivers
v0x61766b2def10_0 .net *"_ivl_63", 0 0, L_0x61766b3121f0;  1 drivers
v0x61766b2deff0_0 .net *"_ivl_64", 0 0, L_0x61766b312330;  1 drivers
L_0x7435eead7f90 .functor BUFT 1, C4<0>, C4<0>, C4<0>, C4<0>;
v0x61766b2df0d0_0 .net *"_ivl_9", 0 0, L_0x7435eead7f90;  1 drivers
v0x61766b2df3c0_0 .net "carry", 0 0, L_0x61766b311570;  1 drivers
v0x61766b2df480_0 .net "condinvb", 31 0, L_0x61766b3107e0;  1 drivers
v0x61766b2df560_0 .net "neg", 0 0, L_0x61766b3110f0;  1 drivers
v0x61766b2df620_0 .net "overflow", 0 0, L_0x61766b312440;  1 drivers
v0x61766b2df6e0_0 .net "sum", 32 0, L_0x61766b310f60;  1 drivers
v0x61766b2df7c0_0 .net "zero", 0 0, L_0x61766b311190;  1 drivers
E_0x61766b260350 .event anyedge, v0x61766b2d98c0_0, v0x61766b2df6e0_0, v0x61766b2dd650_0, v0x61766b2dd730_0;
L_0x61766b3106d0 .part v0x61766b2d98c0_0, 0, 1;
L_0x61766b3107e0 .functor MUXZ 32, L_0x61766b30f0d0, L_0x61766b310770, L_0x61766b3106d0, C4<>;
L_0x61766b310920 .concat [ 32 1 0 0], L_0x61766b30f540, L_0x7435eead7f90;
L_0x61766b310a50 .concat [ 32 1 0 0], L_0x61766b3107e0, L_0x7435eead7fd8;
L_0x61766b310b90 .arith/sum 33, L_0x61766b310920, L_0x61766b310a50;
L_0x61766b310d40 .part v0x61766b2d98c0_0, 0, 1;
L_0x61766b310e20 .concat [ 1 32 0 0], L_0x61766b310d40, L_0x7435eead8020;
L_0x61766b310f60 .arith/sum 33, L_0x61766b310b90, L_0x61766b310e20;
L_0x61766b3110f0 .part v0x61766b2dd590_0, 31, 1;
L_0x61766b311190 .cmp/eq 32, v0x61766b2dd590_0, L_0x7435eead8068;
L_0x61766b311320 .part v0x61766b2d98c0_0, 1, 1;
L_0x61766b311410 .part L_0x61766b310f60, 32, 1;
L_0x61766b311680 .part v0x61766b2d98c0_0, 1, 1;
L_0x61766b311940 .part L_0x61766b30f540, 31, 1;
L_0x61766b311a60 .part L_0x61766b30f0d0, 31, 1;
L_0x61766b311ba0 .part v0x61766b2d98c0_0, 0, 1;
L_0x61766b312040 .part L_0x61766b30f0d0, 31, 1;
L_0x61766b3121f0 .part L_0x61766b310f60, 31, 1;
L_0x61766b3125b0 .concat [ 1 1 1 1], L_0x61766b312440, L_0x61766b311570, L_0x61766b311190, L_0x61766b3110f0;
S_0x61766b2df920 .scope module, "div" "divider" 10 166, 12 27 0, S_0x61766b2dcda0;
 .timescale 0 0;
    .port_info 0 /INPUT 32 "rn";
    .port_info 1 /INPUT 32 "rm";
    .port_info 2 /INPUT 1 "op";
    .port_info 3 /OUTPUT 32 "y";
v0x61766b2e1cb0_0 .net *"_ivl_0", 31 0, L_0x61766b3103b0;  1 drivers
L_0x7435eead7f00 .functor BUFT 1, C4<0000000000000000000000000000000>, C4<0>, C4<0>, C4<0>;
v0x61766b2e1d90_0 .net *"_ivl_3", 30 0, L_0x7435eead7f00;  1 drivers
L_0x7435eead7f48 .functor BUFT 1, C4<00000000000000000000000000000001>, C4<0>, C4<0>, C4<0>;
v0x61766b2e1e70_0 .net/2u *"_ivl_4", 31 0, L_0x7435eead7f48;  1 drivers
v0x61766b2e1f30_0 .net *"_ivl_6", 0 0, L_0x61766b3104a0;  1 drivers
v0x61766b2e1ff0_0 .net "op", 0 0, L_0x61766b307960;  alias, 1 drivers
v0x61766b2e2130_0 .net "rm", 31 0, L_0x61766b30c8d0;  alias, 1 drivers
v0x61766b2e21f0_0 .net "rn", 31 0, L_0x61766b30bf40;  alias, 1 drivers
v0x61766b2e22b0_0 .net "s_y", 31 0, L_0x61766b30f680;  1 drivers
v0x61766b2e2370_0 .net "u_y", 31 0, L_0x61766b310270;  1 drivers
v0x61766b2e24a0_0 .net "y", 31 0, L_0x61766b3105e0;  alias, 1 drivers
L_0x61766b3103b0 .concat [ 1 31 0 0], L_0x61766b307960, L_0x7435eead7f00;
L_0x61766b3104a0 .cmp/eq 32, L_0x61766b3103b0, L_0x7435eead7f48;
L_0x61766b3105e0 .functor MUXZ 32, L_0x61766b30f680, L_0x61766b310270, L_0x61766b3104a0, C4<>;
S_0x61766b2dfad0 .scope module, "s" "signed_div" 12 33, 12 1 0, S_0x61766b2df920;
 .timescale 0 0;
    .port_info 0 /INPUT 32 "rn";
    .port_info 1 /INPUT 32 "rm";
    .port_info 2 /OUTPUT 32 "y";
v0x61766b2dfd20_0 .net/s "rm", 31 0, L_0x61766b30c8d0;  alias, 1 drivers
v0x61766b2dfe20_0 .net/s "rn", 31 0, L_0x61766b30bf40;  alias, 1 drivers
v0x61766b2dff00_0 .net/s "y", 31 0, L_0x61766b30f680;  alias, 1 drivers
L_0x61766b30f680 .arith/div.s 32, L_0x61766b30bf40, L_0x61766b30c8d0;
S_0x61766b2e0040 .scope module, "u" "usigned_div" 12 34, 12 14 0, S_0x61766b2df920;
 .timescale 0 0;
    .port_info 0 /INPUT 32 "rn";
    .port_info 1 /INPUT 32 "rm";
    .port_info 2 /OUTPUT 32 "y";
L_0x61766b30f900 .functor AND 1, L_0x61766b30fec0, L_0x61766b30ffb0, C4<1>, C4<1>;
L_0x7435eead7e28 .functor BUFT 1, C4<00000000000000000000000000000000>, C4<0>, C4<0>, C4<0>;
v0x61766b2e11f0_0 .net/2u *"_ivl_0", 31 0, L_0x7435eead7e28;  1 drivers
v0x61766b2e12d0_0 .net *"_ivl_10", 31 0, L_0x61766b310140;  1 drivers
L_0x7435eead7eb8 .functor BUFT 1, C4<00000000000000000000000000000000>, C4<0>, C4<0>, C4<0>;
v0x61766b2e13b0_0 .net/2u *"_ivl_12", 31 0, L_0x7435eead7eb8;  1 drivers
v0x61766b2e14a0_0 .net *"_ivl_2", 0 0, L_0x61766b30fec0;  1 drivers
L_0x7435eead7e70 .functor BUFT 1, C4<00000000000000000000000000000000>, C4<0>, C4<0>, C4<0>;
v0x61766b2e1560_0 .net/2u *"_ivl_4", 31 0, L_0x7435eead7e70;  1 drivers
v0x61766b2e1690_0 .net *"_ivl_6", 0 0, L_0x61766b30ffb0;  1 drivers
v0x61766b2e1750_0 .net *"_ivl_9", 0 0, L_0x61766b30f900;  1 drivers
v0x61766b2e1810_0 .net "abs_rm", 31 0, L_0x61766b30fd30;  1 drivers
v0x61766b2e18d0_0 .net "abs_rn", 31 0, L_0x61766b30f9c0;  1 drivers
v0x61766b2e19a0_0 .net "rm", 31 0, L_0x61766b30c8d0;  alias, 1 drivers
v0x61766b2e1a40_0 .net "rn", 31 0, L_0x61766b30bf40;  alias, 1 drivers
v0x61766b2e1b50_0 .net "y", 31 0, L_0x61766b310270;  alias, 1 drivers
L_0x61766b30fec0 .cmp/ne 32, L_0x61766b30fd30, L_0x7435eead7e28;
L_0x61766b30ffb0 .cmp/ne 32, L_0x61766b30f9c0, L_0x7435eead7e70;
L_0x61766b310140 .arith/div 32, L_0x61766b30f9c0, L_0x61766b30fd30;
L_0x61766b310270 .functor MUXZ 32, L_0x7435eead7eb8, L_0x61766b310140, L_0x61766b30f900, C4<>;
S_0x61766b2e0270 .scope module, "a_rm" "absolute_value" 12 20, 12 7 0, S_0x61766b2e0040;
 .timescale 0 0;
    .port_info 0 /INPUT 32 "value";
    .port_info 1 /OUTPUT 32 "abs_value";
L_0x7435eead7d98 .functor BUFT 1, C4<00000000000000000000000000000000>, C4<0>, C4<0>, C4<0>;
v0x61766b2e0490_0 .net/2s *"_ivl_0", 31 0, L_0x7435eead7d98;  1 drivers
v0x61766b2e0590_0 .net *"_ivl_2", 0 0, L_0x61766b30fb50;  1 drivers
L_0x7435eead7de0 .functor BUFT 1, C4<00000000000000000000000000000000>, C4<0>, C4<0>, C4<0>;
v0x61766b2e0650_0 .net *"_ivl_4", 31 0, L_0x7435eead7de0;  1 drivers
v0x61766b2e0740_0 .net *"_ivl_7", 31 0, L_0x61766b30fc40;  1 drivers
v0x61766b2e0820_0 .net "abs_value", 31 0, L_0x61766b30fd30;  alias, 1 drivers
v0x61766b2e0950_0 .net/s "value", 31 0, L_0x61766b30c8d0;  alias, 1 drivers
L_0x61766b30fb50 .cmp/gt.s 32, L_0x7435eead7d98, L_0x61766b30c8d0;
L_0x61766b30fc40 .arith/sub 32, L_0x7435eead7de0, L_0x61766b30c8d0;
L_0x61766b30fd30 .functor MUXZ 32, L_0x61766b30c8d0, L_0x61766b30fc40, L_0x61766b30fb50, C4<>;
S_0x61766b2e0a50 .scope module, "a_rn" "absolute_value" 12 19, 12 7 0, S_0x61766b2e0040;
 .timescale 0 0;
    .port_info 0 /INPUT 32 "value";
    .port_info 1 /OUTPUT 32 "abs_value";
L_0x7435eead7d08 .functor BUFT 1, C4<00000000000000000000000000000000>, C4<0>, C4<0>, C4<0>;
v0x61766b2e0c30_0 .net/2s *"_ivl_0", 31 0, L_0x7435eead7d08;  1 drivers
v0x61766b2e0d30_0 .net *"_ivl_2", 0 0, L_0x61766b30f770;  1 drivers
L_0x7435eead7d50 .functor BUFT 1, C4<00000000000000000000000000000000>, C4<0>, C4<0>, C4<0>;
v0x61766b2e0df0_0 .net *"_ivl_4", 31 0, L_0x7435eead7d50;  1 drivers
v0x61766b2e0ee0_0 .net *"_ivl_7", 31 0, L_0x61766b30f860;  1 drivers
v0x61766b2e0fc0_0 .net "abs_value", 31 0, L_0x61766b30f9c0;  alias, 1 drivers
v0x61766b2e10f0_0 .net/s "value", 31 0, L_0x61766b30bf40;  alias, 1 drivers
L_0x61766b30f770 .cmp/gt.s 32, L_0x7435eead7d08, L_0x61766b30bf40;
L_0x61766b30f860 .arith/sub 32, L_0x7435eead7d50, L_0x61766b30bf40;
L_0x61766b30f9c0 .functor MUXZ 32, L_0x61766b30bf40, L_0x61766b30f860, L_0x61766b30f770, C4<>;
S_0x61766b2e25e0 .scope module, "ext" "extend" 10 140, 13 1 0, S_0x61766b2dcda0;
 .timescale 0 0;
    .port_info 0 /INPUT 24 "Instr";
    .port_info 1 /INPUT 2 "ImmSrc";
    .port_info 2 /OUTPUT 32 "ExtImm";
v0x61766b2e2840_0 .var "ExtImm", 31 0;
v0x61766b2e2940_0 .net "ImmSrc", 1 0, L_0x61766b2f6c90;  alias, 1 drivers
v0x61766b2e2a50_0 .net "Instr", 23 0, L_0x61766b30eb10;  1 drivers
E_0x61766b2e27c0 .event anyedge, v0x61766b2d9f30_0, v0x61766b2e2a50_0;
S_0x61766b2e2b90 .scope module, "mla1" "mla" 10 159, 14 1 0, S_0x61766b2dcda0;
 .timescale 0 0;
    .port_info 0 /INPUT 32 "rn";
    .port_info 1 /INPUT 32 "rm";
    .port_info 2 /INPUT 1 "mla_op";
    .port_info 3 /OUTPUT 32 "y";
v0x61766b2e2da0_0 .net *"_ivl_0", 31 0, L_0x61766b30f200;  1 drivers
L_0x7435eead7c78 .functor BUFT 1, C4<0000000000000000000000000000000>, C4<0>, C4<0>, C4<0>;
v0x61766b2e2e80_0 .net *"_ivl_3", 30 0, L_0x7435eead7c78;  1 drivers
L_0x7435eead7cc0 .functor BUFT 1, C4<00000000000000000000000000000001>, C4<0>, C4<0>, C4<0>;
v0x61766b2e2f60_0 .net/2u *"_ivl_4", 31 0, L_0x7435eead7cc0;  1 drivers
v0x61766b2e3050_0 .net *"_ivl_6", 0 0, L_0x61766b30f2a0;  1 drivers
v0x61766b2e3110_0 .net *"_ivl_9", 31 0, L_0x61766b30f390;  1 drivers
v0x61766b2e3240_0 .net "mla_op", 0 0, v0x61766b2db660_0;  alias, 1 drivers
v0x61766b2e3330_0 .net "rm", 31 0, L_0x61766b30c8d0;  alias, 1 drivers
v0x61766b2e3480_0 .net "rn", 31 0, L_0x61766b30bf40;  alias, 1 drivers
v0x61766b2e35d0_0 .net "y", 31 0, L_0x61766b30f540;  alias, 1 drivers
L_0x61766b30f200 .concat [ 1 31 0 0], v0x61766b2db660_0, L_0x7435eead7c78;
L_0x61766b30f2a0 .cmp/eq 32, L_0x61766b30f200, L_0x7435eead7cc0;
L_0x61766b30f390 .arith/mult 32, L_0x61766b30bf40, L_0x61766b30c8d0;
L_0x61766b30f540 .functor MUXZ 32, L_0x61766b30bf40, L_0x61766b30f390, L_0x61766b30f2a0, C4<>;
S_0x61766b2e3780 .scope module, "mx4" "mux4" 10 181, 15 1 0, S_0x61766b2dcda0;
 .timescale 0 0;
    .port_info 0 /INPUT 32 "d00";
    .port_info 1 /INPUT 32 "d01";
    .port_info 2 /INPUT 32 "d10";
    .port_info 3 /INPUT 1 "div";
    .port_info 4 /INPUT 1 "shift";
    .port_info 5 /OUTPUT 32 "y";
v0x61766b2e39f0_0 .net *"_ivl_0", 31 0, L_0x61766b312740;  1 drivers
L_0x7435eead81d0 .functor BUFT 1, C4<0000000000000000000000000000000>, C4<0>, C4<0>, C4<0>;
v0x61766b2e3af0_0 .net *"_ivl_11", 30 0, L_0x7435eead81d0;  1 drivers
L_0x7435eead8218 .functor BUFT 1, C4<00000000000000000000000000000001>, C4<0>, C4<0>, C4<0>;
v0x61766b2e3bd0_0 .net/2u *"_ivl_12", 31 0, L_0x7435eead8218;  1 drivers
v0x61766b2e3c90_0 .net *"_ivl_14", 0 0, L_0x61766b312e70;  1 drivers
v0x61766b2e3d50_0 .net *"_ivl_16", 31 0, L_0x61766b312f60;  1 drivers
L_0x7435eead8140 .functor BUFT 1, C4<0000000000000000000000000000000>, C4<0>, C4<0>, C4<0>;
v0x61766b2e3e30_0 .net *"_ivl_3", 30 0, L_0x7435eead8140;  1 drivers
L_0x7435eead8188 .functor BUFT 1, C4<00000000000000000000000000000001>, C4<0>, C4<0>, C4<0>;
v0x61766b2e3f10_0 .net/2u *"_ivl_4", 31 0, L_0x7435eead8188;  1 drivers
v0x61766b2e3ff0_0 .net *"_ivl_6", 0 0, L_0x61766b312830;  1 drivers
v0x61766b2e40b0_0 .net *"_ivl_8", 31 0, L_0x61766b312970;  1 drivers
v0x61766b2e4220_0 .net "d00", 31 0, v0x61766b2dd590_0;  alias, 1 drivers
v0x61766b2e42e0_0 .net "d01", 31 0, L_0x61766b30f0d0;  alias, 1 drivers
v0x61766b2e4380_0 .net "d10", 31 0, L_0x61766b3105e0;  alias, 1 drivers
v0x61766b2e4450_0 .net "div", 0 0, v0x61766b2db210_0;  alias, 1 drivers
v0x61766b2e44f0_0 .net "shift", 0 0, v0x61766b2db7e0_0;  alias, 1 drivers
v0x61766b2e45e0_0 .net "y", 31 0, L_0x61766b313050;  alias, 1 drivers
L_0x61766b312740 .concat [ 1 31 0 0], v0x61766b2db7e0_0, L_0x7435eead8140;
L_0x61766b312830 .cmp/eq 32, L_0x61766b312740, L_0x7435eead8188;
L_0x61766b312970 .concat [ 1 31 0 0], v0x61766b2db210_0, L_0x7435eead81d0;
L_0x61766b312e70 .cmp/eq 32, L_0x61766b312970, L_0x7435eead8218;
L_0x61766b312f60 .functor MUXZ 32, v0x61766b2dd590_0, L_0x61766b3105e0, L_0x61766b312e70, C4<>;
L_0x61766b313050 .functor MUXZ 32, L_0x61766b312f60, L_0x61766b30f0d0, L_0x61766b312830, C4<>;
S_0x61766b2e47a0 .scope module, "pcadd1" "adder" 10 69, 16 1 0, S_0x61766b2dcda0;
 .timescale 0 0;
    .port_info 0 /INPUT 32 "a";
    .port_info 1 /INPUT 32 "b";
    .port_info 2 /OUTPUT 32 "y";
P_0x61766b2e4980 .param/l "WIDTH" 0 16 6, +C4<00000000000000000000000000100000>;
v0x61766b2e4b20_0 .net "a", 31 0, v0x61766b2e6090_0;  alias, 1 drivers
L_0x7435eead7180 .functor BUFT 1, C4<00000000000000000000000000000100>, C4<0>, C4<0>, C4<0>;
v0x61766b2e4c20_0 .net "b", 31 0, L_0x7435eead7180;  1 drivers
v0x61766b2e4d00_0 .net "y", 31 0, L_0x61766b309250;  alias, 1 drivers
L_0x61766b309250 .arith/sum 32, v0x61766b2e6090_0, L_0x7435eead7180;
S_0x61766b2e4e40 .scope module, "pcadd2" "adder" 10 74, 16 1 0, S_0x61766b2dcda0;
 .timescale 0 0;
    .port_info 0 /INPUT 32 "a";
    .port_info 1 /INPUT 32 "b";
    .port_info 2 /OUTPUT 32 "y";
P_0x61766b2e5020 .param/l "WIDTH" 0 16 6, +C4<00000000000000000000000000100000>;
v0x61766b2e5140_0 .net "a", 31 0, L_0x61766b309250;  alias, 1 drivers
L_0x7435eead71c8 .functor BUFT 1, C4<00000000000000000000000000000100>, C4<0>, C4<0>, C4<0>;
v0x61766b2e5250_0 .net "b", 31 0, L_0x7435eead71c8;  1 drivers
v0x61766b2e5310_0 .net "y", 31 0, L_0x61766b309360;  alias, 1 drivers
L_0x61766b309360 .arith/sum 32, L_0x61766b309250, L_0x7435eead71c8;
S_0x61766b2e5480 .scope module, "pcmux" "mux2" 10 57, 17 1 0, S_0x61766b2dcda0;
 .timescale 0 0;
    .port_info 0 /INPUT 32 "d0";
    .port_info 1 /INPUT 32 "d1";
    .port_info 2 /INPUT 1 "s";
    .port_info 3 /OUTPUT 32 "y";
P_0x61766b2e5660 .param/l "WIDTH" 0 17 7, +C4<00000000000000000000000000100000>;
v0x61766b2e5760_0 .net "d0", 31 0, L_0x61766b309250;  alias, 1 drivers
v0x61766b2e5870_0 .net "d1", 31 0, L_0x61766b30ea70;  alias, 1 drivers
v0x61766b2e5950_0 .net "s", 0 0, L_0x61766b308c30;  alias, 1 drivers
v0x61766b2e5a40_0 .net "y", 31 0, L_0x61766b309090;  alias, 1 drivers
L_0x61766b309090 .functor MUXZ 32, L_0x61766b309250, L_0x61766b30ea70, L_0x61766b308c30, C4<>;
S_0x61766b2e5b80 .scope module, "pcreg" "flopr" 10 63, 18 1 0, S_0x61766b2dcda0;
 .timescale 0 0;
    .port_info 0 /INPUT 1 "clk";
    .port_info 1 /INPUT 1 "reset";
    .port_info 2 /INPUT 32 "d";
    .port_info 3 /OUTPUT 32 "q";
P_0x61766b2e1b00 .param/l "WIDTH" 0 18 7, +C4<00000000000000000000000000100000>;
v0x61766b2e5ee0_0 .net "clk", 0 0, v0x61766b2f69a0_0;  alias, 1 drivers
v0x61766b2e5fa0_0 .net "d", 31 0, L_0x61766b309090;  alias, 1 drivers
v0x61766b2e6090_0 .var "q", 31 0;
v0x61766b2e6190_0 .net "reset", 0 0, v0x61766b2f6a40_0;  alias, 1 drivers
S_0x61766b2e6330 .scope module, "pre_ra1mux" "mux2" 10 81, 17 1 0, S_0x61766b2dcda0;
 .timescale 0 0;
    .port_info 0 /INPUT 4 "d0";
    .port_info 1 /INPUT 4 "d1";
    .port_info 2 /INPUT 1 "s";
    .port_info 3 /OUTPUT 4 "y";
P_0x61766b2d8a90 .param/l "WIDTH" 0 17 7, +C4<00000000000000000000000000000100>;
v0x61766b2e6640_0 .net "d0", 3 0, L_0x61766b3095b0;  1 drivers
v0x61766b2e6740_0 .net "d1", 3 0, L_0x61766b309650;  1 drivers
v0x61766b2e6820_0 .net "s", 0 0, v0x61766b2d9cf0_0;  alias, 1 drivers
v0x61766b2e6940_0 .net "y", 3 0, L_0x61766b309400;  alias, 1 drivers
L_0x61766b309400 .functor MUXZ 4, L_0x61766b3095b0, L_0x61766b309650, v0x61766b2d9cf0_0, C4<>;
S_0x61766b2e6a80 .scope module, "ra1mux" "mux2" 10 88, 17 1 0, S_0x61766b2dcda0;
 .timescale 0 0;
    .port_info 0 /INPUT 4 "d0";
    .port_info 1 /INPUT 4 "d1";
    .port_info 2 /INPUT 1 "s";
    .port_info 3 /OUTPUT 4 "y";
P_0x61766b2e6c60 .param/l "WIDTH" 0 17 7, +C4<00000000000000000000000000000100>;
v0x61766b2e6da0_0 .net "d0", 3 0, L_0x61766b309400;  alias, 1 drivers
L_0x7435eead7210 .functor BUFT 1, C4<1111>, C4<0>, C4<0>, C4<0>;
v0x61766b2e6eb0_0 .net "d1", 3 0, L_0x7435eead7210;  1 drivers
v0x61766b2e6f70_0 .net "s", 0 0, L_0x61766b309790;  1 drivers
v0x61766b2e7040_0 .net "y", 3 0, L_0x61766b3096f0;  alias, 1 drivers
L_0x61766b3096f0 .functor MUXZ 4, L_0x61766b309400, L_0x7435eead7210, L_0x61766b309790, C4<>;
S_0x61766b2e71d0 .scope module, "ra2mux" "mux2_1" 10 94, 19 1 0, S_0x61766b2dcda0;
 .timescale 0 0;
    .port_info 0 /INPUT 4 "d0";
    .port_info 1 /INPUT 4 "d1";
    .port_info 2 /INPUT 1 "s";
    .port_info 3 /INPUT 1 "x";
    .port_info 4 /OUTPUT 4 "y";
P_0x61766b2e73b0 .param/l "WIDTH" 0 19 8, +C4<00000000000000000000000000000100>;
L_0x61766b3092f0 .functor AND 1, L_0x61766b3099b0, L_0x61766b309b90, C4<1>, C4<1>;
L_0x61766b30a2e0 .functor AND 1, L_0x61766b309ee0, L_0x61766b30a150, C4<1>, C4<1>;
L_0x61766b30a9e0 .functor AND 1, L_0x61766b30a5f0, L_0x61766b30a830, C4<1>, C4<1>;
L_0x61766b30a970 .functor AND 1, L_0x61766b30ab90, L_0x61766b30ae40, C4<1>, C4<1>;
v0x61766b2e7480_0 .net *"_ivl_0", 31 0, L_0x61766b309830;  1 drivers
L_0x7435eead72e8 .functor BUFT 1, C4<0000000000000000000000000000000>, C4<0>, C4<0>, C4<0>;
v0x61766b2e7580_0 .net *"_ivl_11", 30 0, L_0x7435eead72e8;  1 drivers
L_0x7435eead7330 .functor BUFT 1, C4<00000000000000000000000000000000>, C4<0>, C4<0>, C4<0>;
v0x61766b2e7660_0 .net/2u *"_ivl_12", 31 0, L_0x7435eead7330;  1 drivers
v0x61766b2e7750_0 .net *"_ivl_14", 0 0, L_0x61766b309b90;  1 drivers
v0x61766b2e7810_0 .net *"_ivl_17", 0 0, L_0x61766b3092f0;  1 drivers
v0x61766b2e7920_0 .net *"_ivl_18", 31 0, L_0x61766b309da0;  1 drivers
L_0x7435eead7378 .functor BUFT 1, C4<0000000000000000000000000000000>, C4<0>, C4<0>, C4<0>;
v0x61766b2e7a00_0 .net *"_ivl_21", 30 0, L_0x7435eead7378;  1 drivers
L_0x7435eead73c0 .functor BUFT 1, C4<00000000000000000000000000000000>, C4<0>, C4<0>, C4<0>;
v0x61766b2e7ae0_0 .net/2u *"_ivl_22", 31 0, L_0x7435eead73c0;  1 drivers
v0x61766b2e7bc0_0 .net *"_ivl_24", 0 0, L_0x61766b309ee0;  1 drivers
v0x61766b2e7c80_0 .net *"_ivl_26", 31 0, L_0x61766b30a060;  1 drivers
L_0x7435eead7408 .functor BUFT 1, C4<0000000000000000000000000000000>, C4<0>, C4<0>, C4<0>;
v0x61766b2e7d60_0 .net *"_ivl_29", 30 0, L_0x7435eead7408;  1 drivers
L_0x7435eead7258 .functor BUFT 1, C4<0000000000000000000000000000000>, C4<0>, C4<0>, C4<0>;
v0x61766b2e7e40_0 .net *"_ivl_3", 30 0, L_0x7435eead7258;  1 drivers
L_0x7435eead7450 .functor BUFT 1, C4<00000000000000000000000000000000>, C4<0>, C4<0>, C4<0>;
v0x61766b2e7f20_0 .net/2u *"_ivl_30", 31 0, L_0x7435eead7450;  1 drivers
v0x61766b2e8000_0 .net *"_ivl_32", 0 0, L_0x61766b30a150;  1 drivers
v0x61766b2e80c0_0 .net *"_ivl_35", 0 0, L_0x61766b30a2e0;  1 drivers
v0x61766b2e8180_0 .net *"_ivl_36", 31 0, L_0x61766b30a3f0;  1 drivers
L_0x7435eead7498 .functor BUFT 1, C4<0000000000000000000000000000000>, C4<0>, C4<0>, C4<0>;
v0x61766b2e8260_0 .net *"_ivl_39", 30 0, L_0x7435eead7498;  1 drivers
L_0x7435eead72a0 .functor BUFT 1, C4<00000000000000000000000000000001>, C4<0>, C4<0>, C4<0>;
v0x61766b2e8340_0 .net/2u *"_ivl_4", 31 0, L_0x7435eead72a0;  1 drivers
L_0x7435eead74e0 .functor BUFT 1, C4<00000000000000000000000000000001>, C4<0>, C4<0>, C4<0>;
v0x61766b2e8420_0 .net/2u *"_ivl_40", 31 0, L_0x7435eead74e0;  1 drivers
v0x61766b2e8500_0 .net *"_ivl_42", 0 0, L_0x61766b30a5f0;  1 drivers
v0x61766b2e85c0_0 .net *"_ivl_44", 31 0, L_0x61766b30a790;  1 drivers
L_0x7435eead7528 .functor BUFT 1, C4<0000000000000000000000000000000>, C4<0>, C4<0>, C4<0>;
v0x61766b2e86a0_0 .net *"_ivl_47", 30 0, L_0x7435eead7528;  1 drivers
L_0x7435eead7570 .functor BUFT 1, C4<00000000000000000000000000000001>, C4<0>, C4<0>, C4<0>;
v0x61766b2e8780_0 .net/2u *"_ivl_48", 31 0, L_0x7435eead7570;  1 drivers
v0x61766b2e8860_0 .net *"_ivl_50", 0 0, L_0x61766b30a830;  1 drivers
v0x61766b2e8920_0 .net *"_ivl_53", 0 0, L_0x61766b30a9e0;  1 drivers
v0x61766b2e89e0_0 .net *"_ivl_54", 31 0, L_0x61766b30aaf0;  1 drivers
L_0x7435eead75b8 .functor BUFT 1, C4<0000000000000000000000000000000>, C4<0>, C4<0>, C4<0>;
v0x61766b2e8ac0_0 .net *"_ivl_57", 30 0, L_0x7435eead75b8;  1 drivers
L_0x7435eead7600 .functor BUFT 1, C4<00000000000000000000000000000000>, C4<0>, C4<0>, C4<0>;
v0x61766b2e8ba0_0 .net/2u *"_ivl_58", 31 0, L_0x7435eead7600;  1 drivers
v0x61766b2e8c80_0 .net *"_ivl_6", 0 0, L_0x61766b3099b0;  1 drivers
v0x61766b2e8d40_0 .net *"_ivl_60", 0 0, L_0x61766b30ab90;  1 drivers
v0x61766b2e8e00_0 .net *"_ivl_62", 31 0, L_0x61766b30ad50;  1 drivers
L_0x7435eead7648 .functor BUFT 1, C4<0000000000000000000000000000000>, C4<0>, C4<0>, C4<0>;
v0x61766b2e8ee0_0 .net *"_ivl_65", 30 0, L_0x7435eead7648;  1 drivers
L_0x7435eead7690 .functor BUFT 1, C4<00000000000000000000000000000001>, C4<0>, C4<0>, C4<0>;
v0x61766b2e8fc0_0 .net/2u *"_ivl_66", 31 0, L_0x7435eead7690;  1 drivers
v0x61766b2e92b0_0 .net *"_ivl_68", 0 0, L_0x61766b30ae40;  1 drivers
v0x61766b2e9370_0 .net *"_ivl_71", 0 0, L_0x61766b30a970;  1 drivers
v0x61766b2e9430_0 .net *"_ivl_72", 3 0, L_0x61766b30b0e0;  1 drivers
v0x61766b2e9510_0 .net *"_ivl_74", 3 0, L_0x61766b30b1d0;  1 drivers
v0x61766b2e95f0_0 .net *"_ivl_76", 3 0, L_0x61766b30b400;  1 drivers
v0x61766b2e96d0_0 .net *"_ivl_8", 31 0, L_0x61766b309aa0;  1 drivers
v0x61766b2e97b0_0 .net "d0", 3 0, L_0x61766b30b270;  1 drivers
v0x61766b2e9890_0 .net "d1", 3 0, L_0x61766b30b8c0;  1 drivers
v0x61766b2e9970_0 .net "s", 0 0, L_0x61766b30b960;  1 drivers
v0x61766b2e9a30_0 .net "x", 0 0, v0x61766b2d9cf0_0;  alias, 1 drivers
v0x61766b2e9ad0_0 .net "y", 3 0, L_0x61766b30b540;  alias, 1 drivers
L_0x61766b309830 .concat [ 1 31 0 0], L_0x61766b30b960, L_0x7435eead7258;
L_0x61766b3099b0 .cmp/eq 32, L_0x61766b309830, L_0x7435eead72a0;
L_0x61766b309aa0 .concat [ 1 31 0 0], v0x61766b2d9cf0_0, L_0x7435eead72e8;
L_0x61766b309b90 .cmp/eq 32, L_0x61766b309aa0, L_0x7435eead7330;
L_0x61766b309da0 .concat [ 1 31 0 0], L_0x61766b30b960, L_0x7435eead7378;
L_0x61766b309ee0 .cmp/eq 32, L_0x61766b309da0, L_0x7435eead73c0;
L_0x61766b30a060 .concat [ 1 31 0 0], v0x61766b2d9cf0_0, L_0x7435eead7408;
L_0x61766b30a150 .cmp/eq 32, L_0x61766b30a060, L_0x7435eead7450;
L_0x61766b30a3f0 .concat [ 1 31 0 0], L_0x61766b30b960, L_0x7435eead7498;
L_0x61766b30a5f0 .cmp/eq 32, L_0x61766b30a3f0, L_0x7435eead74e0;
L_0x61766b30a790 .concat [ 1 31 0 0], v0x61766b2d9cf0_0, L_0x7435eead7528;
L_0x61766b30a830 .cmp/eq 32, L_0x61766b30a790, L_0x7435eead7570;
L_0x61766b30aaf0 .concat [ 1 31 0 0], L_0x61766b30b960, L_0x7435eead75b8;
L_0x61766b30ab90 .cmp/eq 32, L_0x61766b30aaf0, L_0x7435eead7600;
L_0x61766b30ad50 .concat [ 1 31 0 0], v0x61766b2d9cf0_0, L_0x7435eead7648;
L_0x61766b30ae40 .cmp/eq 32, L_0x61766b30ad50, L_0x7435eead7690;
L_0x61766b30b0e0 .functor MUXZ 4, L_0x61766b30b270, L_0x61766b30b8c0, L_0x61766b30a970, C4<>;
L_0x61766b30b1d0 .functor MUXZ 4, L_0x61766b30b0e0, L_0x61766b30b270, L_0x61766b30a9e0, C4<>;
L_0x61766b30b400 .functor MUXZ 4, L_0x61766b30b1d0, L_0x61766b30b270, L_0x61766b30a2e0, C4<>;
L_0x61766b30b540 .functor MUXZ 4, L_0x61766b30b400, L_0x61766b30b8c0, L_0x61766b3092f0, C4<>;
S_0x61766b2e9c50 .scope module, "ra4mux" "mux2" 10 101, 17 1 0, S_0x61766b2dcda0;
 .timescale 0 0;
    .port_info 0 /INPUT 4 "d0";
    .port_info 1 /INPUT 4 "d1";
    .port_info 2 /INPUT 1 "s";
    .port_info 3 /OUTPUT 4 "y";
P_0x61766b2e9de0 .param/l "WIDTH" 0 17 7, +C4<00000000000000000000000000000100>;
v0x61766b2e9f20_0 .net "d0", 3 0, L_0x61766b30bae0;  1 drivers
v0x61766b2ea020_0 .net "d1", 3 0, L_0x61766b30bb80;  1 drivers
v0x61766b2ea100_0 .net "s", 0 0, v0x61766b2d9cf0_0;  alias, 1 drivers
v0x61766b2ea1d0_0 .net "y", 3 0, L_0x61766b30ba40;  alias, 1 drivers
L_0x61766b30ba40 .functor MUXZ 4, L_0x61766b30bae0, L_0x61766b30bb80, v0x61766b2d9cf0_0, C4<>;
S_0x61766b2ea340 .scope module, "resmux" "mux2" 10 133, 17 1 0, S_0x61766b2dcda0;
 .timescale 0 0;
    .port_info 0 /INPUT 32 "d0";
    .port_info 1 /INPUT 32 "d1";
    .port_info 2 /INPUT 1 "s";
    .port_info 3 /OUTPUT 32 "y";
P_0x61766b2ea4d0 .param/l "WIDTH" 0 17 7, +C4<00000000000000000000000000100000>;
v0x61766b2ea6a0_0 .net "d0", 31 0, L_0x61766b313050;  alias, 1 drivers
v0x61766b2ea7b0_0 .net "d1", 31 0, L_0x61766b313670;  alias, 1 drivers
v0x61766b2ea870_0 .net "s", 0 0, L_0x61766b2f6dd0;  alias, 1 drivers
v0x61766b2ea990_0 .net "y", 31 0, L_0x61766b30ea70;  alias, 1 drivers
L_0x61766b30ea70 .functor MUXZ 32, L_0x61766b313050, L_0x61766b313670, L_0x61766b2f6dd0, C4<>;
S_0x61766b2eaac0 .scope module, "rf" "regfile" 10 109, 20 1 0, S_0x61766b2dcda0;
 .timescale 0 0;
    .port_info 0 /INPUT 1 "clk";
    .port_info 1 /INPUT 1 "we4";
    .port_info 2 /INPUT 4 "ra1";
    .port_info 3 /INPUT 4 "ra2";
    .port_info 4 /INPUT 4 "ra3";
    .port_info 5 /INPUT 4 "wa4";
    .port_info 6 /INPUT 32 "wd4";
    .port_info 7 /INPUT 32 "r15";
    .port_info 8 /OUTPUT 32 "rd1";
    .port_info 9 /OUTPUT 32 "rd2";
    .port_info 10 /OUTPUT 32 "rd3";
L_0x7435eead76d8 .functor BUFT 1, C4<1111>, C4<0>, C4<0>, C4<0>;
v0x61766b2eace0_0 .net/2u *"_ivl_0", 3 0, L_0x7435eead76d8;  1 drivers
L_0x7435eead7768 .functor BUFT 1, C4<1111>, C4<0>, C4<0>, C4<0>;
v0x61766b2eade0_0 .net/2u *"_ivl_12", 3 0, L_0x7435eead7768;  1 drivers
v0x61766b2eaec0_0 .net *"_ivl_14", 0 0, L_0x61766b30c110;  1 drivers
v0x61766b2eaf60_0 .net *"_ivl_16", 31 0, L_0x61766b30c240;  1 drivers
v0x61766b2eb040_0 .net *"_ivl_18", 5 0, L_0x61766b30c320;  1 drivers
v0x61766b2eb170_0 .net *"_ivl_2", 0 0, L_0x61766b30bcc0;  1 drivers
L_0x7435eead77b0 .functor BUFT 1, C4<00>, C4<0>, C4<0>, C4<0>;
v0x61766b2eb230_0 .net *"_ivl_21", 1 0, L_0x7435eead77b0;  1 drivers
L_0x7435eead77f8 .functor BUFT 1, C4<1111>, C4<0>, C4<0>, C4<0>;
v0x61766b2eb310_0 .net/2u *"_ivl_24", 3 0, L_0x7435eead77f8;  1 drivers
v0x61766b2eb3f0_0 .net *"_ivl_26", 0 0, L_0x61766b30c5a0;  1 drivers
v0x61766b2eb4b0_0 .net *"_ivl_28", 31 0, L_0x61766b30c690;  1 drivers
v0x61766b2eb590_0 .net *"_ivl_30", 5 0, L_0x61766b30c790;  1 drivers
L_0x7435eead7840 .functor BUFT 1, C4<00>, C4<0>, C4<0>, C4<0>;
v0x61766b2eb670_0 .net *"_ivl_33", 1 0, L_0x7435eead7840;  1 drivers
v0x61766b2eb750_0 .net *"_ivl_4", 31 0, L_0x61766b30bd60;  1 drivers
v0x61766b2eb830_0 .net *"_ivl_6", 5 0, L_0x61766b30be00;  1 drivers
L_0x7435eead7720 .functor BUFT 1, C4<00>, C4<0>, C4<0>, C4<0>;
v0x61766b2eb910_0 .net *"_ivl_9", 1 0, L_0x7435eead7720;  1 drivers
v0x61766b2eb9f0_0 .net "clk", 0 0, v0x61766b2f69a0_0;  alias, 1 drivers
v0x61766b2eba90_0 .net "r15", 31 0, L_0x61766b309360;  alias, 1 drivers
v0x61766b2ebc60_0 .net "ra1", 3 0, L_0x61766b3096f0;  alias, 1 drivers
v0x61766b2ebd30_0 .net "ra2", 3 0, L_0x61766b30b540;  alias, 1 drivers
v0x61766b2ebe00_0 .net "ra3", 3 0, L_0x61766b30ca80;  1 drivers
v0x61766b2ebec0_0 .net "rd1", 31 0, L_0x61766b30bf40;  alias, 1 drivers
v0x61766b2ebf80_0 .net "rd2", 31 0, L_0x61766b30c410;  alias, 1 drivers
v0x61766b2ec060_0 .net "rd3", 31 0, L_0x61766b30c8d0;  alias, 1 drivers
v0x61766b2ec120 .array "rf", 0 14, 31 0;
v0x61766b2ec1e0_0 .net "wa4", 3 0, L_0x61766b30ba40;  alias, 1 drivers
v0x61766b2ec2d0_0 .net "wd4", 31 0, L_0x61766b30ea70;  alias, 1 drivers
v0x61766b2ec370_0 .net "we4", 0 0, L_0x61766b308a30;  alias, 1 drivers
E_0x61766b2e3910 .event posedge, v0x61766b2d7c00_0;
L_0x61766b30bcc0 .cmp/eq 4, L_0x61766b3096f0, L_0x7435eead76d8;
L_0x61766b30bd60 .array/port v0x61766b2ec120, L_0x61766b30be00;
L_0x61766b30be00 .concat [ 4 2 0 0], L_0x61766b3096f0, L_0x7435eead7720;
L_0x61766b30bf40 .functor MUXZ 32, L_0x61766b30bd60, L_0x61766b309360, L_0x61766b30bcc0, C4<>;
L_0x61766b30c110 .cmp/eq 4, L_0x61766b30b540, L_0x7435eead7768;
L_0x61766b30c240 .array/port v0x61766b2ec120, L_0x61766b30c320;
L_0x61766b30c320 .concat [ 4 2 0 0], L_0x61766b30b540, L_0x7435eead77b0;
L_0x61766b30c410 .functor MUXZ 32, L_0x61766b30c240, L_0x61766b309360, L_0x61766b30c110, C4<>;
L_0x61766b30c5a0 .cmp/eq 4, L_0x61766b30ca80, L_0x7435eead77f8;
L_0x61766b30c690 .array/port v0x61766b2ec120, L_0x61766b30c790;
L_0x61766b30c790 .concat [ 4 2 0 0], L_0x61766b30ca80, L_0x7435eead7840;
L_0x61766b30c8d0 .functor MUXZ 32, L_0x61766b30c690, L_0x61766b309360, L_0x61766b30c5a0, C4<>;
S_0x61766b2ec620 .scope module, "rotation" "rotate" 10 146, 21 1 0, S_0x61766b2dcda0;
 .timescale 0 0;
    .port_info 0 /INPUT 32 "ExtImm";
    .port_info 1 /INPUT 4 "rot";
    .port_info 2 /OUTPUT 32 "ExtImm_rot";
L_0x61766b30e750 .functor OR 32, L_0x61766b30ec30, L_0x61766b30ee60, C4<00000000000000000000000000000000>, C4<00000000000000000000000000000000>;
v0x61766b2ec870_0 .net "ExtImm", 31 0, v0x61766b2e2840_0;  alias, 1 drivers
v0x61766b2ec950_0 .net "ExtImm_rot", 31 0, L_0x61766b30e750;  alias, 1 drivers
v0x61766b2eca10_0 .net *"_ivl_0", 31 0, L_0x61766b30ec30;  1 drivers
v0x61766b2ecad0_0 .net *"_ivl_10", 31 0, L_0x61766b30ee60;  1 drivers
L_0x7435eead7be8 .functor BUFT 1, C4<00000000000000000000000000100000>, C4<0>, C4<0>, C4<0>;
v0x61766b2ecbb0_0 .net/2u *"_ivl_2", 31 0, L_0x7435eead7be8;  1 drivers
v0x61766b2ecce0_0 .net *"_ivl_4", 31 0, L_0x61766b30ecd0;  1 drivers
L_0x7435eead7c30 .functor BUFT 1, C4<0000000000000000000000000000>, C4<0>, C4<0>, C4<0>;
v0x61766b2ecdc0_0 .net *"_ivl_7", 27 0, L_0x7435eead7c30;  1 drivers
v0x61766b2ecea0_0 .net *"_ivl_8", 31 0, L_0x61766b30ed70;  1 drivers
v0x61766b2ecf80_0 .net "rot", 3 0, L_0x61766b30f030;  1 drivers
L_0x61766b30ec30 .shift/r 32, v0x61766b2e2840_0, L_0x61766b30f030;
L_0x61766b30ecd0 .concat [ 4 28 0 0], L_0x61766b30f030, L_0x7435eead7c30;
L_0x61766b30ed70 .arith/sub 32, L_0x7435eead7be8, L_0x61766b30ecd0;
L_0x61766b30ee60 .shift/l 32, v0x61766b2e2840_0, L_0x61766b30ed70;
S_0x61766b2ed0e0 .scope module, "shift" "shifter" 10 123, 22 40 0, S_0x61766b2dcda0;
 .timescale 0 0;
    .port_info 0 /INPUT 32 "rs";
    .port_info 1 /INPUT 5 "shamt5";
    .port_info 2 /INPUT 2 "sh";
    .port_info 3 /INPUT 1 "op";
    .port_info 4 /INPUT 1 "op1";
    .port_info 5 /INPUT 32 "rm";
    .port_info 6 /OUTPUT 32 "y";
L_0x7435eead7ac8 .functor BUFT 1, C4<00>, C4<0>, C4<0>, C4<0>;
v0x61766b2efa30_0 .net/2u *"_ivl_0", 1 0, L_0x7435eead7ac8;  1 drivers
v0x61766b2efb10_0 .net *"_ivl_10", 0 0, L_0x61766b30e020;  1 drivers
L_0x7435eead7ba0 .functor BUFT 1, C4<00000000000000000000000000000000>, C4<0>, C4<0>, C4<0>;
v0x61766b2efbd0_0 .net/2u *"_ivl_12", 31 0, L_0x7435eead7ba0;  1 drivers
v0x61766b2efc90_0 .net *"_ivl_14", 31 0, L_0x61766b30e110;  1 drivers
v0x61766b2efd70_0 .net *"_ivl_16", 31 0, L_0x61766b30e250;  1 drivers
v0x61766b2efea0_0 .net *"_ivl_2", 0 0, L_0x61766b30ddf0;  1 drivers
L_0x7435eead7b10 .functor BUFT 1, C4<01>, C4<0>, C4<0>, C4<0>;
v0x61766b2eff60_0 .net/2u *"_ivl_4", 1 0, L_0x7435eead7b10;  1 drivers
v0x61766b2f0040_0 .net *"_ivl_6", 0 0, L_0x61766b30dee0;  1 drivers
L_0x7435eead7b58 .functor BUFT 1, C4<10>, C4<0>, C4<0>, C4<0>;
v0x61766b2f0100_0 .net/2u *"_ivl_8", 1 0, L_0x7435eead7b58;  1 drivers
v0x61766b2f01e0_0 .net "asr_shift", 31 0, L_0x61766b30dbf0;  1 drivers
v0x61766b2f02a0_0 .net "lsl_shift", 31 0, L_0x61766b30da10;  1 drivers
v0x61766b2f0370_0 .net "lsr_shift", 31 0, L_0x61766b30db00;  1 drivers
v0x61766b2f0440_0 .net "op", 0 0, L_0x61766b30e6b0;  1 drivers
v0x61766b2f0510_0 .net "op1", 0 0, L_0x61766b30e7c0;  1 drivers
v0x61766b2f05e0_0 .net "rm", 31 0, L_0x61766b30c410;  alias, 1 drivers
v0x61766b2f0710_0 .net "rs", 31 0, L_0x61766b30c8d0;  alias, 1 drivers
v0x61766b2f07b0_0 .net "sh", 1 0, L_0x61766b30e610;  1 drivers
v0x61766b2f0980_0 .net "shamt5", 4 0, L_0x61766b30e510;  1 drivers
v0x61766b2f0a70_0 .net "shift_offset", 31 0, L_0x61766b30d880;  1 drivers
v0x61766b2f0b10_0 .net "y", 31 0, L_0x61766b30e390;  alias, 1 drivers
L_0x61766b30ddf0 .cmp/eq 2, L_0x61766b30e610, L_0x7435eead7ac8;
L_0x61766b30dee0 .cmp/eq 2, L_0x61766b30e610, L_0x7435eead7b10;
L_0x61766b30e020 .cmp/eq 2, L_0x61766b30e610, L_0x7435eead7b58;
L_0x61766b30e110 .functor MUXZ 32, L_0x7435eead7ba0, L_0x61766b30dbf0, L_0x61766b30e020, C4<>;
L_0x61766b30e250 .functor MUXZ 32, L_0x61766b30e110, L_0x61766b30db00, L_0x61766b30dee0, C4<>;
L_0x61766b30e390 .functor MUXZ 32, L_0x61766b30e250, L_0x61766b30da10, L_0x61766b30ddf0, C4<>;
S_0x61766b2ed3c0 .scope module, "a" "asr" 22 53, 22 19 0, S_0x61766b2ed0e0;
 .timescale 0 0;
    .port_info 0 /INPUT 32 "rm";
    .port_info 1 /INPUT 32 "shift_offset";
    .port_info 2 /OUTPUT 32 "asr_value";
v0x61766b2ed610_0 .net "asr_value", 31 0, L_0x61766b30dbf0;  alias, 1 drivers
v0x61766b2ed710_0 .net "rm", 31 0, L_0x61766b30c410;  alias, 1 drivers
v0x61766b2ed7d0_0 .net "shift_offset", 31 0, L_0x61766b30d880;  alias, 1 drivers
L_0x61766b30dbf0 .shift/r 32, L_0x61766b30c410, L_0x61766b30d880;
S_0x61766b2ed920 .scope module, "l" "lsl" 22 51, 22 1 0, S_0x61766b2ed0e0;
 .timescale 0 0;
    .port_info 0 /INPUT 32 "rm";
    .port_info 1 /INPUT 32 "shift_offset";
    .port_info 2 /OUTPUT 32 "lsl_value";
v0x61766b2edb50_0 .net "lsl_value", 31 0, L_0x61766b30da10;  alias, 1 drivers
v0x61766b2edc50_0 .net "rm", 31 0, L_0x61766b30c410;  alias, 1 drivers
v0x61766b2edd60_0 .net "shift_offset", 31 0, L_0x61766b30d880;  alias, 1 drivers
L_0x61766b30da10 .shift/l 32, L_0x61766b30c410, L_0x61766b30d880;
S_0x61766b2ede90 .scope module, "mx_sh" "mux_shift" 22 50, 22 28 0, S_0x61766b2ed0e0;
 .timescale 0 0;
    .port_info 0 /INPUT 32 "rs";
    .port_info 1 /INPUT 5 "shamt5";
    .port_info 2 /INPUT 1 "op";
    .port_info 3 /INPUT 1 "op1";
    .port_info 4 /OUTPUT 32 "value2shift";
L_0x61766b30d5e0 .functor AND 1, L_0x61766b30d1e0, L_0x61766b30d4a0, C4<1>, C4<1>;
v0x61766b2ee0d0_0 .net *"_ivl_0", 31 0, L_0x61766b30cb20;  1 drivers
v0x61766b2ee190_0 .net *"_ivl_10", 31 0, L_0x61766b30cfb0;  1 drivers
v0x61766b2ee270_0 .net *"_ivl_12", 31 0, L_0x61766b30d0f0;  1 drivers
L_0x7435eead7960 .functor BUFT 1, C4<0000000000000000000000000000000>, C4<0>, C4<0>, C4<0>;
v0x61766b2ee360_0 .net *"_ivl_15", 30 0, L_0x7435eead7960;  1 drivers
L_0x7435eead79a8 .functor BUFT 1, C4<00000000000000000000000000000001>, C4<0>, C4<0>, C4<0>;
v0x61766b2ee440_0 .net/2u *"_ivl_16", 31 0, L_0x7435eead79a8;  1 drivers
v0x61766b2ee570_0 .net *"_ivl_18", 0 0, L_0x61766b30d1e0;  1 drivers
v0x61766b2ee630_0 .net *"_ivl_20", 31 0, L_0x61766b30d320;  1 drivers
L_0x7435eead79f0 .functor BUFT 1, C4<0000000000000000000000000000000>, C4<0>, C4<0>, C4<0>;
v0x61766b2ee710_0 .net *"_ivl_23", 30 0, L_0x7435eead79f0;  1 drivers
L_0x7435eead7a38 .functor BUFT 1, C4<00000000000000000000000000000001>, C4<0>, C4<0>, C4<0>;
v0x61766b2ee7f0_0 .net/2u *"_ivl_24", 31 0, L_0x7435eead7a38;  1 drivers
v0x61766b2ee8d0_0 .net *"_ivl_26", 0 0, L_0x61766b30d4a0;  1 drivers
v0x61766b2ee990_0 .net *"_ivl_29", 0 0, L_0x61766b30d5e0;  1 drivers
L_0x7435eead7888 .functor BUFT 1, C4<0000000000000000000000000000000>, C4<0>, C4<0>, C4<0>;
v0x61766b2eea50_0 .net *"_ivl_3", 30 0, L_0x7435eead7888;  1 drivers
L_0x7435eead7a80 .functor BUFT 1, C4<00000000000000000000000000000000>, C4<0>, C4<0>, C4<0>;
v0x61766b2eeb30_0 .net/2u *"_ivl_30", 31 0, L_0x7435eead7a80;  1 drivers
v0x61766b2eec10_0 .net *"_ivl_32", 31 0, L_0x61766b30d6f0;  1 drivers
L_0x7435eead78d0 .functor BUFT 1, C4<00000000000000000000000000000000>, C4<0>, C4<0>, C4<0>;
v0x61766b2eecf0_0 .net/2u *"_ivl_4", 31 0, L_0x7435eead78d0;  1 drivers
v0x61766b2eedd0_0 .net *"_ivl_6", 0 0, L_0x61766b30cc60;  1 drivers
L_0x7435eead7918 .functor BUFT 1, C4<000000000000000000000000000>, C4<0>, C4<0>, C4<0>;
v0x61766b2eee90_0 .net/2u *"_ivl_8", 26 0, L_0x7435eead7918;  1 drivers
v0x61766b2ef080_0 .net "op", 0 0, L_0x61766b30e6b0;  alias, 1 drivers
v0x61766b2ef140_0 .net "op1", 0 0, L_0x61766b30e7c0;  alias, 1 drivers
v0x61766b2ef200_0 .net "rs", 31 0, L_0x61766b30c8d0;  alias, 1 drivers
v0x61766b2ef2c0_0 .net "shamt5", 4 0, L_0x61766b30e510;  alias, 1 drivers
v0x61766b2ef3a0_0 .net "value2shift", 31 0, L_0x61766b30d880;  alias, 1 drivers
L_0x61766b30cb20 .concat [ 1 31 0 0], L_0x61766b30e6b0, L_0x7435eead7888;
L_0x61766b30cc60 .cmp/eq 32, L_0x61766b30cb20, L_0x7435eead78d0;
L_0x61766b30cfb0 .concat [ 5 27 0 0], L_0x61766b30e510, L_0x7435eead7918;
L_0x61766b30d0f0 .concat [ 1 31 0 0], L_0x61766b30e6b0, L_0x7435eead7960;
L_0x61766b30d1e0 .cmp/eq 32, L_0x61766b30d0f0, L_0x7435eead79a8;
L_0x61766b30d320 .concat [ 1 31 0 0], L_0x61766b30e7c0, L_0x7435eead79f0;
L_0x61766b30d4a0 .cmp/eq 32, L_0x61766b30d320, L_0x7435eead7a38;
L_0x61766b30d6f0 .functor MUXZ 32, L_0x61766b30c8d0, L_0x7435eead7a80, L_0x61766b30d5e0, C4<>;
L_0x61766b30d880 .functor MUXZ 32, L_0x61766b30d6f0, L_0x61766b30cfb0, L_0x61766b30cc60, C4<>;
S_0x61766b2ef500 .scope module, "r" "lsr" 22 52, 22 10 0, S_0x61766b2ed0e0;
 .timescale 0 0;
    .port_info 0 /INPUT 32 "rm";
    .port_info 1 /INPUT 32 "shift_offset";
    .port_info 2 /OUTPUT 32 "lsr_value";
v0x61766b2ef750_0 .net "lsr_value", 31 0, L_0x61766b30db00;  alias, 1 drivers
v0x61766b2ef850_0 .net "rm", 31 0, L_0x61766b30c410;  alias, 1 drivers
v0x61766b2ef910_0 .net "shift_offset", 31 0, L_0x61766b30d880;  alias, 1 drivers
L_0x61766b30db00 .shift/r 32, L_0x61766b30c410, L_0x61766b30d880;
S_0x61766b2f0d10 .scope module, "srcbmux" "mux2" 10 152, 17 1 0, S_0x61766b2dcda0;
 .timescale 0 0;
    .port_info 0 /INPUT 32 "d0";
    .port_info 1 /INPUT 32 "d1";
    .port_info 2 /INPUT 1 "s";
    .port_info 3 /OUTPUT 32 "y";
P_0x61766b2edd10 .param/l "WIDTH" 0 17 7, +C4<00000000000000000000000000100000>;
v0x61766b2f1050_0 .net "d0", 31 0, L_0x61766b30e390;  alias, 1 drivers
v0x61766b2f1160_0 .net "d1", 31 0, L_0x61766b30e750;  alias, 1 drivers
v0x61766b2f1230_0 .net "s", 0 0, L_0x61766b2f6d30;  alias, 1 drivers
v0x61766b2f1300_0 .net "y", 31 0, L_0x61766b30f0d0;  alias, 1 drivers
L_0x61766b30f0d0 .functor MUXZ 32, L_0x61766b30e390, L_0x61766b30e750, L_0x61766b2f6d30, C4<>;
S_0x61766b2f4fd0 .scope module, "dmem" "dmem" 3 30, 23 1 0, S_0x61766b1f8580;
 .timescale 0 0;
    .port_info 0 /INPUT 1 "clk";
    .port_info 1 /INPUT 1 "we";
    .port_info 2 /INPUT 32 "a";
    .port_info 3 /INPUT 32 "wd";
    .port_info 4 /OUTPUT 32 "rd";
L_0x61766b313670 .functor BUFZ 32, L_0x61766b3134e0, C4<00000000000000000000000000000000>, C4<00000000000000000000000000000000>, C4<00000000000000000000000000000000>;
v0x61766b2f5180 .array "RAM", 0 63, 31 0;
v0x61766b2f5240_0 .net *"_ivl_0", 31 0, L_0x61766b3134e0;  1 drivers
v0x61766b2f5320_0 .net *"_ivl_3", 29 0, L_0x61766b313580;  1 drivers
v0x61766b2f53e0_0 .net "a", 31 0, L_0x61766b313050;  alias, 1 drivers
v0x61766b2f5530_0 .net "clk", 0 0, v0x61766b2f69a0_0;  alias, 1 drivers
v0x61766b2f56e0_0 .net "rd", 31 0, L_0x61766b313670;  alias, 1 drivers
v0x61766b2f57a0_0 .net "wd", 31 0, L_0x61766b30e390;  alias, 1 drivers
v0x61766b2f5860_0 .net "we", 0 0, L_0x61766b308b30;  alias, 1 drivers
L_0x61766b3134e0 .array/port v0x61766b2f5180, L_0x61766b313580;
L_0x61766b313580 .part L_0x61766b313050, 2, 30;
S_0x61766b2f59a0 .scope module, "imem" "imem" 3 26, 24 1 0, S_0x61766b1f8580;
 .timescale 0 0;
    .port_info 0 /INPUT 32 "a";
    .port_info 1 /OUTPUT 32 "rd";
L_0x61766b313420 .functor BUFZ 32, L_0x61766b313290, C4<00000000000000000000000000000000>, C4<00000000000000000000000000000000>, C4<00000000000000000000000000000000>;
v0x61766b2f5b30 .array "RAM", 63 0, 31 0;
v0x61766b2f5c10_0 .net *"_ivl_0", 31 0, L_0x61766b313290;  1 drivers
v0x61766b2f5cf0_0 .net *"_ivl_3", 29 0, L_0x61766b313330;  1 drivers
v0x61766b2f5db0_0 .net "a", 31 0, v0x61766b2e6090_0;  alias, 1 drivers
v0x61766b2f5f00_0 .net "rd", 31 0, L_0x61766b313420;  alias, 1 drivers
L_0x61766b313290 .array/port v0x61766b2f5b30, L_0x61766b313330;
L_0x61766b313330 .part v0x61766b2e6090_0, 2, 30;
    .scope S_0x61766b2d93f0;
T_0 ;
    %wait E_0x61766b25ff90;
    %load/vec4 v0x61766b2da230_0;
    %dup/vec4;
    %pushi/vec4 0, 0, 2;
    %cmp/x;
    %jmp/1 T_0.0, 4;
    %dup/vec4;
    %pushi/vec4 1, 0, 2;
    %cmp/x;
    %jmp/1 T_0.1, 4;
    %dup/vec4;
    %pushi/vec4 2, 0, 2;
    %cmp/x;
    %jmp/1 T_0.2, 4;
    %pushi/vec4 1023, 1023, 10;
    %store/vec4 v0x61766b2db070_0, 0, 10;
    %jmp T_0.4;
T_0.0 ;
    %load/vec4 v0x61766b2d9e70_0;
    %parti/s 1, 5, 4;
    %flag_set/vec4 8;
    %jmp/0xz  T_0.5, 8;
    %pushi/vec4 41, 0, 10;
    %store/vec4 v0x61766b2db070_0, 0, 10;
    %jmp T_0.6;
T_0.5 ;
    %pushi/vec4 9, 0, 10;
    %store/vec4 v0x61766b2db070_0, 0, 10;
T_0.6 ;
    %jmp T_0.4;
T_0.1 ;
    %load/vec4 v0x61766b2d9e70_0;
    %parti/s 1, 0, 2;
    %flag_set/vec4 8;
    %jmp/0xz  T_0.7, 8;
    %pushi/vec4 120, 0, 10;
    %store/vec4 v0x61766b2db070_0, 0, 10;
    %jmp T_0.8;
T_0.7 ;
    %pushi/vec4 628, 0, 10;
    %store/vec4 v0x61766b2db070_0, 0, 10;
T_0.8 ;
    %jmp T_0.4;
T_0.2 ;
    %pushi/vec4 418, 0, 10;
    %store/vec4 v0x61766b2db070_0, 0, 10;
    %jmp T_0.4;
T_0.4 ;
    %pop/vec4 1;
    %jmp T_0;
    .thread T_0, $push;
    .scope S_0x61766b2d93f0;
T_1 ;
    %wait E_0x61766b260310;
    %load/vec4 v0x61766b2d99c0_0;
    %flag_set/vec4 8;
    %jmp/0xz  T_1.0, 8;
    %load/vec4 v0x61766b2d9e70_0;
    %parti/s 4, 1, 2;
    %dup/vec4;
    %pushi/vec4 4, 0, 4;
    %cmp/u;
    %jmp/1 T_1.2, 6;
    %dup/vec4;
    %pushi/vec4 2, 0, 4;
    %cmp/u;
    %jmp/1 T_1.3, 6;
    %dup/vec4;
    %pushi/vec4 0, 0, 4;
    %cmp/u;
    %jmp/1 T_1.4, 6;
    %dup/vec4;
    %pushi/vec4 12, 0, 4;
    %cmp/u;
    %jmp/1 T_1.5, 6;
    %dup/vec4;
    %pushi/vec4 13, 0, 4;
    %cmp/u;
    %jmp/1 T_1.6, 6;
    %pushi/vec4 0, 0, 2;
    %store/vec4 v0x61766b2d98c0_0, 0, 2;
    %jmp T_1.8;
T_1.2 ;
    %pushi/vec4 0, 0, 2;
    %store/vec4 v0x61766b2d98c0_0, 0, 2;
    %jmp T_1.8;
T_1.3 ;
    %pushi/vec4 1, 0, 2;
    %store/vec4 v0x61766b2d98c0_0, 0, 2;
    %jmp T_1.8;
T_1.4 ;
    %pushi/vec4 2, 0, 2;
    %store/vec4 v0x61766b2d98c0_0, 0, 2;
    %jmp T_1.8;
T_1.5 ;
    %pushi/vec4 3, 0, 2;
    %store/vec4 v0x61766b2d98c0_0, 0, 2;
    %jmp T_1.8;
T_1.6 ;
    %pushi/vec4 0, 0, 2;
    %store/vec4 v0x61766b2d98c0_0, 0, 2;
    %jmp T_1.8;
T_1.8 ;
    %pop/vec4 1;
    %load/vec4 v0x61766b2d9e70_0;
    %parti/s 1, 0, 2;
    %ix/load 4, 1, 0;
    %flag_set/imm 4, 0;
    %store/vec4 v0x61766b2d9db0_0, 4, 1;
    %load/vec4 v0x61766b2d9e70_0;
    %parti/s 1, 0, 2;
    %load/vec4 v0x61766b2d98c0_0;
    %pushi/vec4 0, 0, 2;
    %cmp/e;
    %flag_get/vec4 4;
    %load/vec4 v0x61766b2d98c0_0;
    %pushi/vec4 1, 0, 2;
    %cmp/e;
    %flag_get/vec4 4;
    %or;
    %and;
    %ix/load 4, 0, 0;
    %flag_set/imm 4, 0;
    %store/vec4 v0x61766b2d9db0_0, 4, 1;
    %jmp T_1.1;
T_1.0 ;
    %pushi/vec4 0, 0, 2;
    %store/vec4 v0x61766b2d98c0_0, 0, 2;
    %pushi/vec4 0, 0, 2;
    %store/vec4 v0x61766b2d9db0_0, 0, 2;
T_1.1 ;
    %jmp T_1;
    .thread T_1, $push;
    .scope S_0x61766b2d93f0;
T_2 ;
    %wait E_0x61766b2960d0;
    %pushi/vec4 0, 0, 1;
    %store/vec4 v0x61766b2db660_0, 0, 1;
    %pushi/vec4 0, 0, 1;
    %store/vec4 v0x61766b2db210_0, 0, 1;
    %pushi/vec4 0, 0, 1;
    %store/vec4 v0x61766b2d9cf0_0, 0, 1;
    %pushi/vec4 0, 0, 1;
    %store/vec4 v0x61766b2db7e0_0, 0, 1;
    %load/vec4 v0x61766b2da230_0;
    %dup/vec4;
    %pushi/vec4 0, 0, 2;
    %cmp/x;
    %jmp/1 T_2.0, 4;
    %dup/vec4;
    %pushi/vec4 1, 0, 2;
    %cmp/x;
    %jmp/1 T_2.1, 4;
    %pushi/vec4 0, 0, 1;
    %store/vec4 v0x61766b2db660_0, 0, 1;
    %pushi/vec4 0, 0, 1;
    %store/vec4 v0x61766b2db210_0, 0, 1;
    %pushi/vec4 0, 0, 1;
    %store/vec4 v0x61766b2d9cf0_0, 0, 1;
    %pushi/vec4 0, 0, 1;
    %store/vec4 v0x61766b2db7e0_0, 0, 1;
    %jmp T_2.3;
T_2.0 ;
    %load/vec4 v0x61766b2d9e70_0;
    %parti/s 4, 1, 2;
    %cmpi/e 13, 0, 4;
    %jmp/0xz  T_2.4, 4;
    %pushi/vec4 1, 0, 1;
    %store/vec4 v0x61766b2db7e0_0, 0, 1;
T_2.4 ;
    %load/vec4 v0x61766b2da010_0;
    %cmpi/e 9, 0, 4;
    %jmp/0xz  T_2.6, 4;
    %pushi/vec4 1, 0, 1;
    %store/vec4 v0x61766b2db660_0, 0, 1;
    %pushi/vec4 1, 0, 1;
    %store/vec4 v0x61766b2d9cf0_0, 0, 1;
T_2.6 ;
    %jmp T_2.3;
T_2.1 ;
    %load/vec4 v0x61766b2d9e70_0;
    %parti/s 4, 2, 3;
    %cmpi/e 12, 0, 4;
    %flag_get/vec4 4;
    %jmp/0 T_2.12, 4;
    %load/vec4 v0x61766b2d9e70_0;
    %parti/s 1, 0, 2;
    %pushi/vec4 1, 0, 1;
    %cmp/e;
    %flag_get/vec4 4;
    %and;
T_2.12;
    %flag_set/vec4 10;
    %flag_get/vec4 10;
    %jmp/0 T_2.11, 10;
    %load/vec4 v0x61766b2da3e0_0;
    %pushi/vec4 15, 0, 4;
    %cmp/e;
    %flag_get/vec4 4;
    %and;
T_2.11;
    %flag_set/vec4 9;
    %flag_get/vec4 9;
    %jmp/0 T_2.10, 9;
    %load/vec4 v0x61766b2da010_0;
    %pushi/vec4 1, 0, 4;
    %cmp/e;
    %flag_get/vec4 4;
    %and;
T_2.10;
    %flag_set/vec4 8;
    %jmp/0xz  T_2.8, 8;
    %pushi/vec4 1, 0, 1;
    %store/vec4 v0x61766b2db210_0, 0, 1;
    %pushi/vec4 1, 0, 1;
    %store/vec4 v0x61766b2d9cf0_0, 0, 1;
T_2.8 ;
    %jmp T_2.3;
T_2.3 ;
    %pop/vec4 1;
    %jmp T_2;
    .thread T_2, $push;
    .scope S_0x61766b2c3280;
T_3 ;
    %wait E_0x61766b295c60;
    %load/vec4 v0x61766b2d84f0_0;
    %flag_set/vec4 8;
    %jmp/0xz  T_3.0, 8;
    %pushi/vec4 0, 0, 2;
    %assign/vec4 v0x61766b2d8410_0, 0;
    %jmp T_3.1;
T_3.0 ;
    %load/vec4 v0x61766b2d8340_0;
    %flag_set/vec4 8;
    %jmp/0xz  T_3.2, 8;
    %load/vec4 v0x61766b2d8280_0;
    %assign/vec4 v0x61766b2d8410_0, 0;
T_3.2 ;
T_3.1 ;
    %jmp T_3;
    .thread T_3;
    .scope S_0x61766b28aa10;
T_4 ;
    %wait E_0x61766b295c60;
    %load/vec4 v0x61766b2d7f40_0;
    %flag_set/vec4 8;
    %jmp/0xz  T_4.0, 8;
    %pushi/vec4 0, 0, 2;
    %assign/vec4 v0x61766b2d7e60_0, 0;
    %jmp T_4.1;
T_4.0 ;
    %load/vec4 v0x61766b2d7dc0_0;
    %flag_set/vec4 8;
    %jmp/0xz  T_4.2, 8;
    %load/vec4 v0x61766b2d7ce0_0;
    %assign/vec4 v0x61766b2d7e60_0, 0;
T_4.2 ;
T_4.1 ;
    %jmp T_4;
    .thread T_4;
    .scope S_0x61766b28a630;
T_5 ;
    %wait E_0x61766b2007c0;
    %load/vec4 v0x61766b297b60_0;
    %dup/vec4;
    %pushi/vec4 0, 0, 4;
    %cmp/u;
    %jmp/1 T_5.0, 6;
    %dup/vec4;
    %pushi/vec4 1, 0, 4;
    %cmp/u;
    %jmp/1 T_5.1, 6;
    %dup/vec4;
    %pushi/vec4 2, 0, 4;
    %cmp/u;
    %jmp/1 T_5.2, 6;
    %dup/vec4;
    %pushi/vec4 3, 0, 4;
    %cmp/u;
    %jmp/1 T_5.3, 6;
    %dup/vec4;
    %pushi/vec4 4, 0, 4;
    %cmp/u;
    %jmp/1 T_5.4, 6;
    %dup/vec4;
    %pushi/vec4 5, 0, 4;
    %cmp/u;
    %jmp/1 T_5.5, 6;
    %dup/vec4;
    %pushi/vec4 6, 0, 4;
    %cmp/u;
    %jmp/1 T_5.6, 6;
    %dup/vec4;
    %pushi/vec4 7, 0, 4;
    %cmp/u;
    %jmp/1 T_5.7, 6;
    %dup/vec4;
    %pushi/vec4 8, 0, 4;
    %cmp/u;
    %jmp/1 T_5.8, 6;
    %dup/vec4;
    %pushi/vec4 9, 0, 4;
    %cmp/u;
    %jmp/1 T_5.9, 6;
    %dup/vec4;
    %pushi/vec4 10, 0, 4;
    %cmp/u;
    %jmp/1 T_5.10, 6;
    %dup/vec4;
    %pushi/vec4 11, 0, 4;
    %cmp/u;
    %jmp/1 T_5.11, 6;
    %dup/vec4;
    %pushi/vec4 12, 0, 4;
    %cmp/u;
    %jmp/1 T_5.12, 6;
    %dup/vec4;
    %pushi/vec4 13, 0, 4;
    %cmp/u;
    %jmp/1 T_5.13, 6;
    %dup/vec4;
    %pushi/vec4 14, 0, 4;
    %cmp/u;
    %jmp/1 T_5.14, 6;
    %pushi/vec4 1, 1, 1;
    %store/vec4 v0x61766b297c60_0, 0, 1;
    %jmp T_5.16;
T_5.0 ;
    %load/vec4 v0x61766b2d7a00_0;
    %store/vec4 v0x61766b297c60_0, 0, 1;
    %jmp T_5.16;
T_5.1 ;
    %load/vec4 v0x61766b2d7a00_0;
    %inv;
    %store/vec4 v0x61766b297c60_0, 0, 1;
    %jmp T_5.16;
T_5.2 ;
    %load/vec4 v0x61766b22ec20_0;
    %store/vec4 v0x61766b297c60_0, 0, 1;
    %jmp T_5.16;
T_5.3 ;
    %load/vec4 v0x61766b22ec20_0;
    %inv;
    %store/vec4 v0x61766b297c60_0, 0, 1;
    %jmp T_5.16;
T_5.4 ;
    %load/vec4 v0x61766b2d7880_0;
    %store/vec4 v0x61766b297c60_0, 0, 1;
    %jmp T_5.16;
T_5.5 ;
    %load/vec4 v0x61766b2d7880_0;
    %inv;
    %store/vec4 v0x61766b297c60_0, 0, 1;
    %jmp T_5.16;
T_5.6 ;
    %load/vec4 v0x61766b2d7940_0;
    %store/vec4 v0x61766b297c60_0, 0, 1;
    %jmp T_5.16;
T_5.7 ;
    %load/vec4 v0x61766b2d7940_0;
    %inv;
    %store/vec4 v0x61766b297c60_0, 0, 1;
    %jmp T_5.16;
T_5.8 ;
    %load/vec4 v0x61766b22ec20_0;
    %load/vec4 v0x61766b2d7a00_0;
    %inv;
    %and;
    %store/vec4 v0x61766b297c60_0, 0, 1;
    %jmp T_5.16;
T_5.9 ;
    %load/vec4 v0x61766b22ec20_0;
    %load/vec4 v0x61766b2d7a00_0;
    %inv;
    %and;
    %inv;
    %store/vec4 v0x61766b297c60_0, 0, 1;
    %jmp T_5.16;
T_5.10 ;
    %load/vec4 v0x61766b218ff0_0;
    %store/vec4 v0x61766b297c60_0, 0, 1;
    %jmp T_5.16;
T_5.11 ;
    %load/vec4 v0x61766b218ff0_0;
    %inv;
    %store/vec4 v0x61766b297c60_0, 0, 1;
    %jmp T_5.16;
T_5.12 ;
    %load/vec4 v0x61766b2d7a00_0;
    %inv;
    %load/vec4 v0x61766b218ff0_0;
    %and;
    %store/vec4 v0x61766b297c60_0, 0, 1;
    %jmp T_5.16;
T_5.13 ;
    %load/vec4 v0x61766b2d7a00_0;
    %inv;
    %load/vec4 v0x61766b218ff0_0;
    %and;
    %inv;
    %store/vec4 v0x61766b297c60_0, 0, 1;
    %jmp T_5.16;
T_5.14 ;
    %pushi/vec4 1, 0, 1;
    %store/vec4 v0x61766b297c60_0, 0, 1;
    %jmp T_5.16;
T_5.16 ;
    %pop/vec4 1;
    %jmp T_5;
    .thread T_5, $push;
    .scope S_0x61766b2e5b80;
T_6 ;
    %wait E_0x61766b295c60;
    %load/vec4 v0x61766b2e6190_0;
    %flag_set/vec4 8;
    %jmp/0xz  T_6.0, 8;
    %pushi/vec4 0, 0, 32;
    %assign/vec4 v0x61766b2e6090_0, 0;
    %jmp T_6.1;
T_6.0 ;
    %load/vec4 v0x61766b2e5fa0_0;
    %assign/vec4 v0x61766b2e6090_0, 0;
T_6.1 ;
    %jmp T_6;
    .thread T_6;
    .scope S_0x61766b2eaac0;
T_7 ;
    %wait E_0x61766b2e3910;
    %load/vec4 v0x61766b2ec370_0;
    %flag_set/vec4 8;
    %jmp/0xz  T_7.0, 8;
    %load/vec4 v0x61766b2ec2d0_0;
    %load/vec4 v0x61766b2ec1e0_0;
    %pad/u 6;
    %ix/vec4 3;
    %ix/load 4, 0, 0; Constant delay
    %assign/vec4/a/d v0x61766b2ec120, 0, 4;
T_7.0 ;
    %jmp T_7;
    .thread T_7;
    .scope S_0x61766b2e25e0;
T_8 ;
    %wait E_0x61766b2e27c0;
    %load/vec4 v0x61766b2e2940_0;
    %dup/vec4;
    %pushi/vec4 0, 0, 2;
    %cmp/u;
    %jmp/1 T_8.0, 6;
    %dup/vec4;
    %pushi/vec4 1, 0, 2;
    %cmp/u;
    %jmp/1 T_8.1, 6;
    %dup/vec4;
    %pushi/vec4 2, 0, 2;
    %cmp/u;
    %jmp/1 T_8.2, 6;
    %pushi/vec4 4294967295, 4294967295, 32;
    %store/vec4 v0x61766b2e2840_0, 0, 32;
    %jmp T_8.4;
T_8.0 ;
    %pushi/vec4 0, 0, 24;
    %load/vec4 v0x61766b2e2a50_0;
    %parti/s 8, 0, 2;
    %concat/vec4; draw_concat_vec4
    %store/vec4 v0x61766b2e2840_0, 0, 32;
    %jmp T_8.4;
T_8.1 ;
    %pushi/vec4 0, 0, 20;
    %load/vec4 v0x61766b2e2a50_0;
    %parti/s 12, 0, 2;
    %concat/vec4; draw_concat_vec4
    %store/vec4 v0x61766b2e2840_0, 0, 32;
    %jmp T_8.4;
T_8.2 ;
    %load/vec4 v0x61766b2e2a50_0;
    %parti/s 1, 23, 6;
    %replicate 6;
    %load/vec4 v0x61766b2e2a50_0;
    %concat/vec4; draw_concat_vec4
    %concati/vec4 0, 0, 2;
    %store/vec4 v0x61766b2e2840_0, 0, 32;
    %jmp T_8.4;
T_8.4 ;
    %pop/vec4 1;
    %jmp T_8;
    .thread T_8, $push;
    .scope S_0x61766b2dd190;
T_9 ;
    %wait E_0x61766b260350;
    %load/vec4 v0x61766b2ce630_0;
    %dup/vec4;
    %pushi/vec4 0, 1, 2;
    %cmp/x;
    %jmp/1 T_9.0, 4;
    %dup/vec4;
    %pushi/vec4 2, 0, 2;
    %cmp/x;
    %jmp/1 T_9.1, 4;
    %dup/vec4;
    %pushi/vec4 3, 0, 2;
    %cmp/x;
    %jmp/1 T_9.2, 4;
    %jmp T_9.3;
T_9.0 ;
    %load/vec4 v0x61766b2df6e0_0;
    %pad/u 32;
    %store/vec4 v0x61766b2dd590_0, 0, 32;
    %jmp T_9.3;
T_9.1 ;
    %load/vec4 v0x61766b2dd650_0;
    %load/vec4 v0x61766b2dd730_0;
    %and;
    %store/vec4 v0x61766b2dd590_0, 0, 32;
    %jmp T_9.3;
T_9.2 ;
    %load/vec4 v0x61766b2dd650_0;
    %load/vec4 v0x61766b2dd730_0;
    %or;
    %store/vec4 v0x61766b2dd590_0, 0, 32;
    %jmp T_9.3;
T_9.3 ;
    %pop/vec4 1;
    %jmp T_9;
    .thread T_9, $push;
    .scope S_0x61766b2f59a0;
T_10 ;
    %vpi_call 24 8 "$readmemh", "memfile.dat", v0x61766b2f5b30 {0 0 0};
    %end;
    .thread T_10;
    .scope S_0x61766b2f4fd0;
T_11 ;
    %wait E_0x61766b2e3910;
    %load/vec4 v0x61766b2f5860_0;
    %flag_set/vec4 8;
    %jmp/0xz  T_11.0, 8;
    %load/vec4 v0x61766b2f57a0_0;
    %load/vec4 v0x61766b2f53e0_0;
    %parti/s 30, 2, 3;
    %ix/vec4 3;
    %ix/load 4, 0, 0; Constant delay
    %assign/vec4/a/d v0x61766b2f5180, 0, 4;
T_11.0 ;
    %jmp T_11;
    .thread T_11;
    .scope S_0x61766b2cf190;
T_12 ;
    %pushi/vec4 1, 0, 1;
    %store/vec4 v0x61766b2f6a40_0, 0, 1;
    %delay 20, 0;
    %pushi/vec4 0, 0, 1;
    %store/vec4 v0x61766b2f6a40_0, 0, 1;
    %delay 200, 0;
    %vpi_call 2 17 "$finish" {0 0 0};
    %end;
    .thread T_12;
    .scope S_0x61766b2cf190;
T_13 ;
    %pushi/vec4 1, 0, 1;
    %assign/vec4 v0x61766b2f69a0_0, 0;
    %delay 20, 0;
    %pushi/vec4 0, 0, 1;
    %assign/vec4 v0x61766b2f69a0_0, 0;
    %delay 20, 0;
    %jmp T_13;
    .thread T_13;
    .scope S_0x61766b2cf190;
T_14 ;
    %vpi_call 2 24 "$dumpfile", "probando.vcd" {0 0 0};
    %vpi_call 2 25 "$dumpvars" {0 0 0};
    %end;
    .thread T_14;
# The file index is used to find the file name in the following table.
:file_names 25;
    "N/A";
    "<interactive>";
    "testbench.v";
    "top.v";
    "arm.v";
    "controller.v";
    "condlogic.v";
    "condcheck.v";
    "flopenr.v";
    "decode.v";
    "datapath.v";
    "alu.v";
    "divider.v";
    "extend.v";
    "mla.v";
    "mux4.v";
    "adder.v";
    "mux2.v";
    "flopr.v";
    "mux2_1.v";
    "regfile.v";
    "rotate.v";
    "shifter.v";
    "dmem.v";
    "imem.v";
