#! /usr/bin/vvp
:ivl_version "12.0 (stable)" "(v12_0-dirty)";
:ivl_delay_selection "TYPICAL";
:vpi_time_precision + 0;
:vpi_module "/usr/lib/ivl/system.vpi";
:vpi_module "/usr/lib/ivl/vhdl_sys.vpi";
:vpi_module "/usr/lib/ivl/vhdl_textio.vpi";
:vpi_module "/usr/lib/ivl/v2005_math.vpi";
:vpi_module "/usr/lib/ivl/va_math.vpi";
S_0x5d4ad4f665f0 .scope module, "testbench" "testbench" 2 1;
 .timescale 0 0;
v0x5d4ad4f92830_0 .net "Adr", 31 0, L_0x5d4ad4fa6c40;  1 drivers
v0x5d4ad4f92910_0 .net "MemWrite", 0 0, L_0x5d4ad4fa6640;  1 drivers
v0x5d4ad4f929d0_0 .net "WriteData", 31 0, L_0x5d4ad4fad350;  1 drivers
v0x5d4ad4f92a70_0 .var "clk", 0 0;
v0x5d4ad4f92b10_0 .var "reset", 0 0;
S_0x5d4ad4ef6130 .scope module, "dut" "top" 2 7, 3 2 0, S_0x5d4ad4f665f0;
 .timescale 0 0;
    .port_info 0 /INPUT 1 "clk";
    .port_info 1 /INPUT 1 "reset";
    .port_info 2 /OUTPUT 32 "WriteData";
    .port_info 3 /OUTPUT 32 "Adr";
    .port_info 4 /OUTPUT 1 "MemWrite";
v0x5d4ad4f92040_0 .net "Adr", 31 0, L_0x5d4ad4fa6c40;  alias, 1 drivers
v0x5d4ad4f921b0_0 .net "MemWrite", 0 0, L_0x5d4ad4fa6640;  alias, 1 drivers
v0x5d4ad4f92300_0 .net "ReadData", 31 0, L_0x5d4ad4fb1420;  1 drivers
v0x5d4ad4f923a0_0 .net "WriteData", 31 0, L_0x5d4ad4fad350;  alias, 1 drivers
v0x5d4ad4f92440_0 .net "clk", 0 0, v0x5d4ad4f92a70_0;  1 drivers
v0x5d4ad4f924e0_0 .net "reset", 0 0, v0x5d4ad4f92b10_0;  1 drivers
S_0x5d4ad4f0f340 .scope module, "arm" "arm" 3 18, 4 2 0, S_0x5d4ad4ef6130;
 .timescale 0 0;
    .port_info 0 /INPUT 1 "clk";
    .port_info 1 /INPUT 1 "reset";
    .port_info 2 /OUTPUT 1 "MemWrite";
    .port_info 3 /OUTPUT 32 "Adr";
    .port_info 4 /OUTPUT 32 "WriteData";
    .port_info 5 /INPUT 32 "ReadData";
v0x5d4ad4f8fef0_0 .net "ALUControl", 1 0, v0x5d4ad4f6eff0_0;  1 drivers
v0x5d4ad4f90060_0 .net "ALUFlags", 3 0, L_0x5d4ad4fb0690;  1 drivers
v0x5d4ad4f901b0_0 .net "ALUSrcA", 0 0, L_0x5d4ad4f93290;  1 drivers
v0x5d4ad4f90250_0 .net "ALUSrcB", 1 0, L_0x5d4ad4f93380;  1 drivers
v0x5d4ad4f902f0_0 .net "Adr", 31 0, L_0x5d4ad4fa6c40;  alias, 1 drivers
v0x5d4ad4f903b0_0 .net "AdrSrc", 0 0, L_0x5d4ad4f93110;  1 drivers
v0x5d4ad4f90450_0 .net "DivMulSrc", 0 0, L_0x5d4ad4fa5650;  1 drivers
v0x5d4ad4f904f0_0 .net "IRWrite", 0 0, L_0x5d4ad4f93070;  1 drivers
v0x5d4ad4f90590_0 .net "ImmSrc", 1 0, L_0x5d4ad4f93860;  1 drivers
v0x5d4ad4f90770_0 .net "Instr", 31 0, v0x5d4ad4f77980_0;  1 drivers
v0x5d4ad4f90830_0 .net "MemWrite", 0 0, L_0x5d4ad4fa6640;  alias, 1 drivers
v0x5d4ad4f908d0_0 .net "PCWrite", 0 0, L_0x5d4ad4fa68f0;  1 drivers
v0x5d4ad4f90a00_0 .net "ReadData", 31 0, L_0x5d4ad4fb1420;  alias, 1 drivers
v0x5d4ad4f90ac0_0 .net "RegSrc", 1 0, L_0x5d4ad4f93990;  1 drivers
v0x5d4ad4f90b80_0 .net "RegWrite", 0 0, L_0x5d4ad4fa65d0;  1 drivers
v0x5d4ad4f90cb0_0 .net "ResultSrc", 1 0, L_0x5d4ad4f931f0;  1 drivers
v0x5d4ad4f90d70_0 .net "WriteData", 31 0, L_0x5d4ad4fad350;  alias, 1 drivers
v0x5d4ad4f90f40_0 .net "clk", 0 0, v0x5d4ad4f92a70_0;  alias, 1 drivers
v0x5d4ad4f911f0_0 .net "div_op", 0 0, v0x5d4ad4f70160_0;  1 drivers
v0x5d4ad4f91290_0 .net "div_sel", 0 0, L_0x5d4ad4fa41a0;  1 drivers
v0x5d4ad4f91330_0 .net "mla_op", 0 0, v0x5d4ad4f702e0_0;  1 drivers
v0x5d4ad4f913d0_0 .net "reset", 0 0, v0x5d4ad4f92b10_0;  alias, 1 drivers
o0x744e952bd438 .functor BUFZ 4, C4<zzzz>; HiZ drive
v0x5d4ad4f91470_0 .net "rot", 3 0, o0x744e952bd438;  0 drivers
v0x5d4ad4f91530_0 .net "shift_op", 0 0, v0x5d4ad4f705e0_0;  1 drivers
L_0x5d4ad4fa6a70 .part v0x5d4ad4f77980_0, 12, 20;
L_0x5d4ad4fa6b10 .part v0x5d4ad4f77980_0, 4, 4;
S_0x5d4ad4f167a0 .scope module, "c" "controller" 4 36, 5 2 0, S_0x5d4ad4f0f340;
 .timescale 0 0;
    .port_info 0 /INPUT 1 "clk";
    .port_info 1 /INPUT 1 "reset";
    .port_info 2 /INPUT 20 "Instr";
    .port_info 3 /INPUT 4 "ALUFlags";
    .port_info 4 /OUTPUT 1 "PCWrite";
    .port_info 5 /OUTPUT 1 "MemWrite";
    .port_info 6 /OUTPUT 1 "RegWrite";
    .port_info 7 /OUTPUT 1 "IRWrite";
    .port_info 8 /OUTPUT 1 "AdrSrc";
    .port_info 9 /OUTPUT 2 "RegSrc";
    .port_info 10 /OUTPUT 1 "ALUSrcA";
    .port_info 11 /OUTPUT 2 "ALUSrcB";
    .port_info 12 /OUTPUT 2 "ResultSrc";
    .port_info 13 /OUTPUT 2 "ImmSrc";
    .port_info 14 /OUTPUT 2 "ALUControl";
    .port_info 15 /OUTPUT 1 "DivMulSrc";
    .port_info 16 /OUTPUT 1 "shift_op";
    .port_info 17 /OUTPUT 1 "div_op";
    .port_info 18 /OUTPUT 1 "mla_op";
    .port_info 19 /OUTPUT 1 "div_sel";
    .port_info 20 /INPUT 4 "Instr_7_4";
v0x5d4ad4f749e0_0 .net "ALUControl", 1 0, v0x5d4ad4f6eff0_0;  alias, 1 drivers
v0x5d4ad4f74af0_0 .net "ALUFlags", 3 0, L_0x5d4ad4fb0690;  alias, 1 drivers
v0x5d4ad4f74bc0_0 .net "ALUSrcA", 0 0, L_0x5d4ad4f93290;  alias, 1 drivers
v0x5d4ad4f74ce0_0 .net "ALUSrcB", 1 0, L_0x5d4ad4f93380;  alias, 1 drivers
v0x5d4ad4f74dd0_0 .net "AdrSrc", 0 0, L_0x5d4ad4f93110;  alias, 1 drivers
v0x5d4ad4f74f10_0 .net "DivMulSrc", 0 0, L_0x5d4ad4fa5650;  alias, 1 drivers
v0x5d4ad4f74fb0_0 .net "FlagW", 1 0, v0x5d4ad4f70fb0_0;  1 drivers
v0x5d4ad4f750a0_0 .net "IRWrite", 0 0, L_0x5d4ad4f93070;  alias, 1 drivers
v0x5d4ad4f75190_0 .net "ImmSrc", 1 0, L_0x5d4ad4f93860;  alias, 1 drivers
v0x5d4ad4f75230_0 .net "Instr", 31 12, L_0x5d4ad4fa6a70;  1 drivers
v0x5d4ad4f752f0_0 .net "Instr_7_4", 3 0, L_0x5d4ad4fa6b10;  1 drivers
v0x5d4ad4f753b0_0 .net "MemW", 0 0, L_0x5d4ad4f92d80;  1 drivers
v0x5d4ad4f75450_0 .net "MemWrite", 0 0, L_0x5d4ad4fa6640;  alias, 1 drivers
v0x5d4ad4f754f0_0 .net "NextPC", 0 0, L_0x5d4ad4f92bb0;  1 drivers
v0x5d4ad4f75590_0 .net "PCS", 0 0, L_0x5d4ad4f937f0;  1 drivers
v0x5d4ad4f75680_0 .net "PCWrite", 0 0, L_0x5d4ad4fa68f0;  alias, 1 drivers
v0x5d4ad4f75720_0 .net "RegSrc", 1 0, L_0x5d4ad4f93990;  alias, 1 drivers
v0x5d4ad4f757c0_0 .net "RegW", 0 0, L_0x5d4ad4f92eb0;  1 drivers
v0x5d4ad4f75860_0 .net "RegWrite", 0 0, L_0x5d4ad4fa65d0;  alias, 1 drivers
v0x5d4ad4f75900_0 .net "ResultSrc", 1 0, L_0x5d4ad4f931f0;  alias, 1 drivers
v0x5d4ad4f759f0_0 .net "clk", 0 0, v0x5d4ad4f92a70_0;  alias, 1 drivers
v0x5d4ad4f75a90_0 .net "div_op", 0 0, v0x5d4ad4f70160_0;  alias, 1 drivers
v0x5d4ad4f75b80_0 .net "div_sel", 0 0, L_0x5d4ad4fa41a0;  alias, 1 drivers
v0x5d4ad4f75c20_0 .net "mla_op", 0 0, v0x5d4ad4f702e0_0;  alias, 1 drivers
v0x5d4ad4f75d10_0 .net "reset", 0 0, v0x5d4ad4f92b10_0;  alias, 1 drivers
v0x5d4ad4f75db0_0 .net "shift_op", 0 0, v0x5d4ad4f705e0_0;  alias, 1 drivers
L_0x5d4ad4fa5330 .part L_0x5d4ad4fa6a70, 14, 2;
L_0x5d4ad4fa57f0 .part L_0x5d4ad4fa6a70, 8, 6;
L_0x5d4ad4fa58e0 .part L_0x5d4ad4fa6a70, 0, 4;
L_0x5d4ad4fa69a0 .part L_0x5d4ad4fa6a70, 16, 4;
S_0x5d4ad4f594c0 .scope module, "cl" "condlogic" 5 78, 6 1 0, S_0x5d4ad4f167a0;
 .timescale 0 0;
    .port_info 0 /INPUT 1 "clk";
    .port_info 1 /INPUT 1 "reset";
    .port_info 2 /INPUT 4 "Cond";
    .port_info 3 /INPUT 4 "ALUFlags";
    .port_info 4 /INPUT 2 "FlagW";
    .port_info 5 /INPUT 1 "PCS";
    .port_info 6 /INPUT 1 "NextPC";
    .port_info 7 /INPUT 1 "RegW";
    .port_info 8 /INPUT 1 "MemW";
    .port_info 9 /OUTPUT 1 "PCWrite";
    .port_info 10 /OUTPUT 1 "RegWrite";
    .port_info 11 /OUTPUT 1 "MemWrite";
L_0x5d4ad4fa5a20 .functor AND 2, v0x5d4ad4f70fb0_0, L_0x5d4ad4fa5980, C4<11>, C4<11>;
L_0x5d4ad4fa6440 .functor AND 2, v0x5d4ad4f70fb0_0, L_0x5d4ad4fa6310, C4<11>, C4<11>;
L_0x5d4ad4fa65d0 .functor AND 1, L_0x5d4ad4f92eb0, v0x5d4ad4f23040_0, C4<1>, C4<1>;
L_0x5d4ad4fa6640 .functor AND 1, L_0x5d4ad4f92d80, v0x5d4ad4f23040_0, C4<1>, C4<1>;
L_0x5d4ad4fa66e0 .functor AND 1, L_0x5d4ad4f937f0, v0x5d4ad4f23040_0, C4<1>, C4<1>;
L_0x5d4ad4fa68f0 .functor OR 1, L_0x5d4ad4f92bb0, L_0x5d4ad4fa66e0, C4<0>, C4<0>;
v0x5d4ad4f6d320_0 .net "ALUFlags", 3 0, L_0x5d4ad4fb0690;  alias, 1 drivers
v0x5d4ad4f6d420_0 .net "Cond", 3 0, L_0x5d4ad4fa69a0;  1 drivers
v0x5d4ad4f6d4e0_0 .net "CondEx", 0 0, v0x5d4ad4f23040_0;  1 drivers
v0x5d4ad4f6d5e0_0 .net "FlagW", 1 0, v0x5d4ad4f70fb0_0;  alias, 1 drivers
RS_0x744e952b75e8 .resolv tri, v0x5d4ad4f6d0f0_0, L_0x5d4ad4fa6440;
v0x5d4ad4f6d680_0 .net8 "FlagWrite", 1 0, RS_0x744e952b75e8;  2 drivers
v0x5d4ad4f6d770_0 .net "Flags", 3 0, L_0x5d4ad4fa5db0;  1 drivers
v0x5d4ad4f6d840_0 .net "MemW", 0 0, L_0x5d4ad4f92d80;  alias, 1 drivers
v0x5d4ad4f6d8e0_0 .net "MemWrite", 0 0, L_0x5d4ad4fa6640;  alias, 1 drivers
v0x5d4ad4f6d9a0_0 .net "NextPC", 0 0, L_0x5d4ad4f92bb0;  alias, 1 drivers
v0x5d4ad4f6da60_0 .net "PCS", 0 0, L_0x5d4ad4f937f0;  alias, 1 drivers
v0x5d4ad4f6db20_0 .net "PCWrite", 0 0, L_0x5d4ad4fa68f0;  alias, 1 drivers
v0x5d4ad4f6dbe0_0 .net "RegW", 0 0, L_0x5d4ad4f92eb0;  alias, 1 drivers
v0x5d4ad4f6dca0_0 .net "RegWrite", 0 0, L_0x5d4ad4fa65d0;  alias, 1 drivers
v0x5d4ad4f6dd60_0 .net *"_ivl_0", 1 0, L_0x5d4ad4fa5980;  1 drivers
v0x5d4ad4f6de40_0 .net *"_ivl_17", 1 0, L_0x5d4ad4fa6310;  1 drivers
v0x5d4ad4f6df20_0 .net *"_ivl_25", 0 0, L_0x5d4ad4fa66e0;  1 drivers
v0x5d4ad4f6e000_0 .net "clk", 0 0, v0x5d4ad4f92a70_0;  alias, 1 drivers
v0x5d4ad4f6e0a0_0 .net "reset", 0 0, v0x5d4ad4f92b10_0;  alias, 1 drivers
L_0x5d4ad4fa5980 .concat [ 1 1 0 0], v0x5d4ad4f23040_0, v0x5d4ad4f23040_0;
L_0x5d4ad4fa5ae0 .part RS_0x744e952b75e8, 1, 1;
L_0x5d4ad4fa5bd0 .part L_0x5d4ad4fb0690, 2, 2;
L_0x5d4ad4fa5c70 .part RS_0x744e952b75e8, 0, 1;
L_0x5d4ad4fa5d10 .part L_0x5d4ad4fb0690, 0, 2;
L_0x5d4ad4fa5db0 .concat8 [ 2 2 0 0], v0x5d4ad4f6c290_0, v0x5d4ad4f6c9d0_0;
L_0x5d4ad4fa6310 .concat [ 1 1 0 0], v0x5d4ad4f23040_0, v0x5d4ad4f23040_0;
S_0x5d4ad4f38ed0 .scope module, "cc" "condcheck" 6 53, 7 2 0, S_0x5d4ad4f594c0;
 .timescale 0 0;
    .port_info 0 /INPUT 4 "Cond";
    .port_info 1 /INPUT 4 "Flags";
    .port_info 2 /OUTPUT 1 "CondEx";
L_0x5d4ad4fa61e0 .functor BUFZ 4, L_0x5d4ad4fa5db0, C4<0000>, C4<0000>, C4<0000>;
L_0x5d4ad4fa6250 .functor XNOR 1, L_0x5d4ad4fa5ee0, L_0x5d4ad4fa6110, C4<0>, C4<0>;
v0x5d4ad4f0f9e0_0 .net "Cond", 3 0, L_0x5d4ad4fa69a0;  alias, 1 drivers
v0x5d4ad4f23040_0 .var "CondEx", 0 0;
v0x5d4ad4f23140_0 .net "Flags", 3 0, L_0x5d4ad4fa5db0;  alias, 1 drivers
v0x5d4ad4f23ec0_0 .net *"_ivl_6", 3 0, L_0x5d4ad4fa61e0;  1 drivers
v0x5d4ad4f23fc0_0 .net "carry", 0 0, L_0x5d4ad4fa6070;  1 drivers
v0x5d4ad4ed7030_0 .net "ge", 0 0, L_0x5d4ad4fa6250;  1 drivers
v0x5d4ad4f6bb20_0 .net "neg", 0 0, L_0x5d4ad4fa5ee0;  1 drivers
v0x5d4ad4f6bbe0_0 .net "overflow", 0 0, L_0x5d4ad4fa6110;  1 drivers
v0x5d4ad4f6bca0_0 .net "zero", 0 0, L_0x5d4ad4fa5f80;  1 drivers
E_0x5d4ad4ec5450/0 .event anyedge, v0x5d4ad4f0f9e0_0, v0x5d4ad4f6bca0_0, v0x5d4ad4f23fc0_0, v0x5d4ad4f6bb20_0;
E_0x5d4ad4ec5450/1 .event anyedge, v0x5d4ad4f6bbe0_0, v0x5d4ad4ed7030_0;
E_0x5d4ad4ec5450 .event/or E_0x5d4ad4ec5450/0, E_0x5d4ad4ec5450/1;
L_0x5d4ad4fa5ee0 .part L_0x5d4ad4fa61e0, 3, 1;
L_0x5d4ad4fa5f80 .part L_0x5d4ad4fa61e0, 2, 1;
L_0x5d4ad4fa6070 .part L_0x5d4ad4fa61e0, 1, 1;
L_0x5d4ad4fa6110 .part L_0x5d4ad4fa61e0, 0, 1;
S_0x5d4ad4f6bde0 .scope module, "flagreg0" "flopenr" 6 46, 8 1 0, S_0x5d4ad4f594c0;
 .timescale 0 0;
    .port_info 0 /INPUT 1 "clk";
    .port_info 1 /INPUT 1 "reset";
    .port_info 2 /INPUT 1 "en";
    .port_info 3 /INPUT 2 "d";
    .port_info 4 /OUTPUT 2 "q";
P_0x5d4ad4f6bf70 .param/l "WIDTH" 0 8 8, +C4<00000000000000000000000000000010>;
v0x5d4ad4f6c030_0 .net "clk", 0 0, v0x5d4ad4f92a70_0;  alias, 1 drivers
v0x5d4ad4f6c110_0 .net "d", 1 0, L_0x5d4ad4fa5d10;  1 drivers
v0x5d4ad4f6c1f0_0 .net "en", 0 0, L_0x5d4ad4fa5c70;  1 drivers
v0x5d4ad4f6c290_0 .var "q", 1 0;
v0x5d4ad4f6c370_0 .net "reset", 0 0, v0x5d4ad4f92b10_0;  alias, 1 drivers
E_0x5d4ad4f64910 .event posedge, v0x5d4ad4f6c370_0, v0x5d4ad4f6c030_0;
S_0x5d4ad4f6c520 .scope module, "flagreg1" "flopenr" 6 39, 8 1 0, S_0x5d4ad4f594c0;
 .timescale 0 0;
    .port_info 0 /INPUT 1 "clk";
    .port_info 1 /INPUT 1 "reset";
    .port_info 2 /INPUT 1 "en";
    .port_info 3 /INPUT 2 "d";
    .port_info 4 /OUTPUT 2 "q";
P_0x5d4ad4f6c700 .param/l "WIDTH" 0 8 8, +C4<00000000000000000000000000000010>;
v0x5d4ad4f6c7a0_0 .net "clk", 0 0, v0x5d4ad4f92a70_0;  alias, 1 drivers
v0x5d4ad4f6c840_0 .net "d", 1 0, L_0x5d4ad4fa5bd0;  1 drivers
v0x5d4ad4f6c900_0 .net "en", 0 0, L_0x5d4ad4fa5ae0;  1 drivers
v0x5d4ad4f6c9d0_0 .var "q", 1 0;
v0x5d4ad4f6cab0_0 .net "reset", 0 0, v0x5d4ad4f92b10_0;  alias, 1 drivers
S_0x5d4ad4f6cc50 .scope module, "flagwritereg" "flopr" 6 32, 9 1 0, S_0x5d4ad4f594c0;
 .timescale 0 0;
    .port_info 0 /INPUT 1 "clk";
    .port_info 1 /INPUT 1 "reset";
    .port_info 2 /INPUT 2 "d";
    .port_info 3 /OUTPUT 2 "q";
P_0x5d4ad4f6ce30 .param/l "WIDTH" 0 9 7, +C4<00000000000000000000000000000010>;
v0x5d4ad4f6cf00_0 .net "clk", 0 0, v0x5d4ad4f92a70_0;  alias, 1 drivers
v0x5d4ad4f6d010_0 .net "d", 1 0, L_0x5d4ad4fa5a20;  1 drivers
v0x5d4ad4f6d0f0_0 .var "q", 1 0;
v0x5d4ad4f6d1b0_0 .net "reset", 0 0, v0x5d4ad4f92b10_0;  alias, 1 drivers
S_0x5d4ad4f6e2c0 .scope module, "dec" "decode" 5 52, 10 1 0, S_0x5d4ad4f167a0;
 .timescale 0 0;
    .port_info 0 /INPUT 1 "clk";
    .port_info 1 /INPUT 1 "reset";
    .port_info 2 /INPUT 2 "Op";
    .port_info 3 /INPUT 6 "Funct";
    .port_info 4 /INPUT 4 "Rd";
    .port_info 5 /OUTPUT 2 "FlagW";
    .port_info 6 /OUTPUT 1 "PCS";
    .port_info 7 /OUTPUT 1 "NextPC";
    .port_info 8 /OUTPUT 1 "RegW";
    .port_info 9 /OUTPUT 1 "MemW";
    .port_info 10 /OUTPUT 1 "IRWrite";
    .port_info 11 /OUTPUT 1 "AdrSrc";
    .port_info 12 /OUTPUT 2 "ResultSrc";
    .port_info 13 /OUTPUT 1 "ALUSrcA";
    .port_info 14 /OUTPUT 2 "ALUSrcB";
    .port_info 15 /OUTPUT 2 "ImmSrc";
    .port_info 16 /OUTPUT 2 "RegSrc";
    .port_info 17 /OUTPUT 2 "ALUControl";
    .port_info 18 /OUTPUT 1 "DivMulSrc";
    .port_info 19 /OUTPUT 1 "shift_op";
    .port_info 20 /OUTPUT 1 "div_op";
    .port_info 21 /OUTPUT 1 "mla_op";
    .port_info 22 /OUTPUT 1 "div_sel";
    .port_info 23 /INPUT 4 "Instr_7_4";
L_0x5d4ad4f93780 .functor AND 1, L_0x5d4ad4f936e0, L_0x5d4ad4f92eb0, C4<1>, C4<1>;
L_0x5d4ad4f937f0 .functor OR 1, L_0x5d4ad4f93780, L_0x5d4ad4f92ce0, C4<0>, C4<0>;
L_0x5d4ad4f93860 .functor BUFZ 2, L_0x5d4ad4fa5330, C4<00>, C4<00>, C4<00>;
L_0x5d4ad4fa4510 .functor AND 1, L_0x5d4ad4fa4290, L_0x5d4ad4fa4470, C4<1>, C4<1>;
L_0x5d4ad4fa4820 .functor AND 1, L_0x5d4ad4fa45d0, L_0x5d4ad4fa4730, C4<1>, C4<1>;
L_0x5d4ad4fa46c0 .functor AND 1, L_0x5d4ad4fa4820, L_0x5d4ad4fa4930, C4<1>, C4<1>;
L_0x5d4ad4fa4e30 .functor AND 1, L_0x5d4ad4fa46c0, L_0x5d4ad4fa4c60, C4<1>, C4<1>;
L_0x744e94cd7408 .functor BUFT 1, C4<1>, C4<0>, C4<0>, C4<0>;
L_0x5d4ad4fa5070 .functor XNOR 1, L_0x5d4ad4fa4f40, L_0x744e94cd7408, C4<0>, C4<0>;
L_0x5d4ad4fa5180 .functor AND 1, L_0x5d4ad4fa4e30, L_0x5d4ad4fa5070, C4<1>, C4<1>;
v0x5d4ad4f6eff0_0 .var "ALUControl", 1 0;
v0x5d4ad4f70ae0_0 .net "ALUOp", 0 0, L_0x5d4ad4f93420;  1 drivers
v0x5d4ad4f70bd0_0 .net "ALUSrcA", 0 0, L_0x5d4ad4f93290;  alias, 1 drivers
v0x5d4ad4f70cd0_0 .net "ALUSrcB", 1 0, L_0x5d4ad4f93380;  alias, 1 drivers
v0x5d4ad4f70da0_0 .net "AdrSrc", 0 0, L_0x5d4ad4f93110;  alias, 1 drivers
v0x5d4ad4f70e40_0 .net "Branch", 0 0, L_0x5d4ad4f92ce0;  1 drivers
v0x5d4ad4f70f10_0 .net "DivMulSrc", 0 0, L_0x5d4ad4fa5650;  alias, 1 drivers
v0x5d4ad4f70fb0_0 .var "FlagW", 1 0;
v0x5d4ad4f71080_0 .net "Funct", 5 0, L_0x5d4ad4fa57f0;  1 drivers
v0x5d4ad4f711e0_0 .net "IRWrite", 0 0, L_0x5d4ad4f93070;  alias, 1 drivers
v0x5d4ad4f712b0_0 .net "ImmSrc", 1 0, L_0x5d4ad4f93860;  alias, 1 drivers
v0x5d4ad4f71350_0 .net "Instr_7_4", 3 0, L_0x5d4ad4fa6b10;  alias, 1 drivers
v0x5d4ad4f71420_0 .net "MemW", 0 0, L_0x5d4ad4f92d80;  alias, 1 drivers
v0x5d4ad4f714c0_0 .net "NextPC", 0 0, L_0x5d4ad4f92bb0;  alias, 1 drivers
v0x5d4ad4f71560_0 .net "Op", 1 0, L_0x5d4ad4fa5330;  1 drivers
v0x5d4ad4f71600_0 .net "PCS", 0 0, L_0x5d4ad4f937f0;  alias, 1 drivers
v0x5d4ad4f716a0_0 .net "Rd", 3 0, L_0x5d4ad4fa58e0;  1 drivers
v0x5d4ad4f71880_0 .net "RegSrc", 1 0, L_0x5d4ad4f93990;  alias, 1 drivers
v0x5d4ad4f71920_0 .net "RegW", 0 0, L_0x5d4ad4f92eb0;  alias, 1 drivers
v0x5d4ad4f719c0_0 .net "ResultSrc", 1 0, L_0x5d4ad4f931f0;  alias, 1 drivers
L_0x744e94cd7018 .functor BUFT 1, C4<1111>, C4<0>, C4<0>, C4<0>;
v0x5d4ad4f71a60_0 .net/2u *"_ivl_0", 3 0, L_0x744e94cd7018;  1 drivers
L_0x744e94cd7060 .functor BUFT 1, C4<01>, C4<0>, C4<0>, C4<0>;
v0x5d4ad4f71b00_0 .net/2u *"_ivl_12", 1 0, L_0x744e94cd7060;  1 drivers
v0x5d4ad4f71bc0_0 .net *"_ivl_14", 0 0, L_0x5d4ad4f938f0;  1 drivers
L_0x744e94cd70a8 .functor BUFT 1, C4<10>, C4<0>, C4<0>, C4<0>;
v0x5d4ad4f71c80_0 .net/2u *"_ivl_19", 1 0, L_0x744e94cd70a8;  1 drivers
v0x5d4ad4f71d60_0 .net *"_ivl_2", 0 0, L_0x5d4ad4f936e0;  1 drivers
v0x5d4ad4f71e20_0 .net *"_ivl_21", 0 0, L_0x5d4ad4f93a30;  1 drivers
v0x5d4ad4f71ee0_0 .net *"_ivl_24", 0 0, L_0x5d4ad4f93bb0;  1 drivers
v0x5d4ad4f71fc0_0 .net *"_ivl_25", 31 0, L_0x5d4ad4f93ca0;  1 drivers
L_0x744e94cd70f0 .functor BUFT 1, C4<0000000000000000000000000000000>, C4<0>, C4<0>, C4<0>;
v0x5d4ad4f720a0_0 .net *"_ivl_28", 30 0, L_0x744e94cd70f0;  1 drivers
L_0x744e94cd7138 .functor BUFT 1, C4<00000000000000000000000000000001>, C4<0>, C4<0>, C4<0>;
v0x5d4ad4f72180_0 .net/2u *"_ivl_29", 31 0, L_0x744e94cd7138;  1 drivers
v0x5d4ad4f72260_0 .net *"_ivl_31", 0 0, L_0x5d4ad4fa3e80;  1 drivers
L_0x744e94cd7180 .functor BUFT 1, C4<01>, C4<0>, C4<0>, C4<0>;
v0x5d4ad4f72320_0 .net/2s *"_ivl_33", 1 0, L_0x744e94cd7180;  1 drivers
L_0x744e94cd71c8 .functor BUFT 1, C4<00>, C4<0>, C4<0>, C4<0>;
v0x5d4ad4f72400_0 .net/2s *"_ivl_35", 1 0, L_0x744e94cd71c8;  1 drivers
v0x5d4ad4f726f0_0 .net *"_ivl_37", 1 0, L_0x5d4ad4fa3fc0;  1 drivers
v0x5d4ad4f727d0_0 .net *"_ivl_4", 0 0, L_0x5d4ad4f93780;  1 drivers
L_0x744e94cd7210 .functor BUFT 1, C4<00>, C4<0>, C4<0>, C4<0>;
v0x5d4ad4f728b0_0 .net/2u *"_ivl_41", 1 0, L_0x744e94cd7210;  1 drivers
v0x5d4ad4f72990_0 .net *"_ivl_43", 0 0, L_0x5d4ad4fa4290;  1 drivers
L_0x744e94cd7258 .functor BUFT 1, C4<1001>, C4<0>, C4<0>, C4<0>;
v0x5d4ad4f72a50_0 .net/2u *"_ivl_45", 3 0, L_0x744e94cd7258;  1 drivers
v0x5d4ad4f72b30_0 .net *"_ivl_47", 0 0, L_0x5d4ad4fa4470;  1 drivers
v0x5d4ad4f72bf0_0 .net *"_ivl_50", 0 0, L_0x5d4ad4fa4510;  1 drivers
L_0x744e94cd72a0 .functor BUFT 1, C4<01>, C4<0>, C4<0>, C4<0>;
v0x5d4ad4f72cb0_0 .net/2s *"_ivl_51", 1 0, L_0x744e94cd72a0;  1 drivers
L_0x744e94cd72e8 .functor BUFT 1, C4<01>, C4<0>, C4<0>, C4<0>;
v0x5d4ad4f72d90_0 .net/2u *"_ivl_53", 1 0, L_0x744e94cd72e8;  1 drivers
v0x5d4ad4f72e70_0 .net *"_ivl_55", 0 0, L_0x5d4ad4fa45d0;  1 drivers
L_0x744e94cd7330 .functor BUFT 1, C4<1111>, C4<0>, C4<0>, C4<0>;
v0x5d4ad4f72f30_0 .net/2u *"_ivl_57", 3 0, L_0x744e94cd7330;  1 drivers
v0x5d4ad4f73010_0 .net *"_ivl_59", 0 0, L_0x5d4ad4fa4730;  1 drivers
v0x5d4ad4f730d0_0 .net *"_ivl_62", 0 0, L_0x5d4ad4fa4820;  1 drivers
L_0x744e94cd7378 .functor BUFT 1, C4<0001>, C4<0>, C4<0>, C4<0>;
v0x5d4ad4f73190_0 .net/2u *"_ivl_63", 3 0, L_0x744e94cd7378;  1 drivers
v0x5d4ad4f73270_0 .net *"_ivl_65", 0 0, L_0x5d4ad4fa4930;  1 drivers
v0x5d4ad4f73330_0 .net *"_ivl_68", 0 0, L_0x5d4ad4fa46c0;  1 drivers
v0x5d4ad4f733f0_0 .net *"_ivl_70", 3 0, L_0x5d4ad4fa4bc0;  1 drivers
L_0x744e94cd73c0 .functor BUFT 1, C4<1100>, C4<0>, C4<0>, C4<0>;
v0x5d4ad4f734d0_0 .net/2u *"_ivl_71", 3 0, L_0x744e94cd73c0;  1 drivers
v0x5d4ad4f735b0_0 .net *"_ivl_73", 0 0, L_0x5d4ad4fa4c60;  1 drivers
v0x5d4ad4f73670_0 .net *"_ivl_76", 0 0, L_0x5d4ad4fa4e30;  1 drivers
v0x5d4ad4f73730_0 .net *"_ivl_78", 0 0, L_0x5d4ad4fa4f40;  1 drivers
v0x5d4ad4f73810_0 .net/2u *"_ivl_79", 0 0, L_0x744e94cd7408;  1 drivers
v0x5d4ad4f738f0_0 .net *"_ivl_81", 0 0, L_0x5d4ad4fa5070;  1 drivers
v0x5d4ad4f739b0_0 .net *"_ivl_84", 0 0, L_0x5d4ad4fa5180;  1 drivers
L_0x744e94cd7450 .functor BUFT 1, C4<01>, C4<0>, C4<0>, C4<0>;
v0x5d4ad4f73a70_0 .net/2s *"_ivl_85", 1 0, L_0x744e94cd7450;  1 drivers
L_0x744e94cd7498 .functor BUFT 1, C4<00>, C4<0>, C4<0>, C4<0>;
v0x5d4ad4f73b50_0 .net/2s *"_ivl_87", 1 0, L_0x744e94cd7498;  1 drivers
v0x5d4ad4f73c30_0 .net *"_ivl_89", 1 0, L_0x5d4ad4fa5290;  1 drivers
v0x5d4ad4f73d10_0 .net *"_ivl_91", 1 0, L_0x5d4ad4fa54c0;  1 drivers
v0x5d4ad4f73df0_0 .net "clk", 0 0, v0x5d4ad4f92a70_0;  alias, 1 drivers
v0x5d4ad4f73e90_0 .net "div_op", 0 0, v0x5d4ad4f70160_0;  alias, 1 drivers
v0x5d4ad4f73f60_0 .net "div_sel", 0 0, L_0x5d4ad4fa41a0;  alias, 1 drivers
v0x5d4ad4f74000_0 .net "mla_op", 0 0, v0x5d4ad4f702e0_0;  alias, 1 drivers
v0x5d4ad4f744e0_0 .net "reset", 0 0, v0x5d4ad4f92b10_0;  alias, 1 drivers
v0x5d4ad4f74580_0 .net "shift_op", 0 0, v0x5d4ad4f705e0_0;  alias, 1 drivers
E_0x5d4ad4e949c0 .event anyedge, v0x5d4ad4f6f2e0_0, v0x5d4ad4f6f740_0, v0x5d4ad4f6eff0_0;
L_0x5d4ad4f936e0 .cmp/eq 4, L_0x5d4ad4fa58e0, L_0x744e94cd7018;
L_0x5d4ad4f938f0 .cmp/eq 2, L_0x5d4ad4fa5330, L_0x744e94cd7060;
L_0x5d4ad4f93990 .concat8 [ 1 1 0 0], L_0x5d4ad4f93a30, L_0x5d4ad4f938f0;
L_0x5d4ad4f93a30 .cmp/eq 2, L_0x5d4ad4fa5330, L_0x744e94cd70a8;
L_0x5d4ad4f93bb0 .part L_0x5d4ad4fa57f0, 1, 1;
L_0x5d4ad4f93ca0 .concat [ 1 31 0 0], L_0x5d4ad4f93bb0, L_0x744e94cd70f0;
L_0x5d4ad4fa3e80 .cmp/eq 32, L_0x5d4ad4f93ca0, L_0x744e94cd7138;
L_0x5d4ad4fa3fc0 .functor MUXZ 2, L_0x744e94cd71c8, L_0x744e94cd7180, L_0x5d4ad4fa3e80, C4<>;
L_0x5d4ad4fa41a0 .part L_0x5d4ad4fa3fc0, 0, 1;
L_0x5d4ad4fa4290 .cmp/eq 2, L_0x5d4ad4fa5330, L_0x744e94cd7210;
L_0x5d4ad4fa4470 .cmp/eq 4, L_0x5d4ad4fa6b10, L_0x744e94cd7258;
L_0x5d4ad4fa45d0 .cmp/eq 2, L_0x5d4ad4fa5330, L_0x744e94cd72e8;
L_0x5d4ad4fa4730 .cmp/eq 4, L_0x5d4ad4fa58e0, L_0x744e94cd7330;
L_0x5d4ad4fa4930 .cmp/eq 4, L_0x5d4ad4fa6b10, L_0x744e94cd7378;
L_0x5d4ad4fa4bc0 .part L_0x5d4ad4fa57f0, 2, 4;
L_0x5d4ad4fa4c60 .cmp/eq 4, L_0x5d4ad4fa4bc0, L_0x744e94cd73c0;
L_0x5d4ad4fa4f40 .part L_0x5d4ad4fa57f0, 0, 1;
L_0x5d4ad4fa5290 .functor MUXZ 2, L_0x744e94cd7498, L_0x744e94cd7450, L_0x5d4ad4fa5180, C4<>;
L_0x5d4ad4fa54c0 .functor MUXZ 2, L_0x5d4ad4fa5290, L_0x744e94cd72a0, L_0x5d4ad4fa4510, C4<>;
L_0x5d4ad4fa5650 .part L_0x5d4ad4fa54c0, 0, 1;
S_0x5d4ad4f6e6e0 .scope module, "fsm" "mainfsm" 10 60, 11 2 0, S_0x5d4ad4f6e2c0;
 .timescale 0 0;
    .port_info 0 /INPUT 1 "clk";
    .port_info 1 /INPUT 1 "reset";
    .port_info 2 /INPUT 2 "Op";
    .port_info 3 /INPUT 6 "Funct";
    .port_info 4 /OUTPUT 1 "IRWrite";
    .port_info 5 /OUTPUT 1 "AdrSrc";
    .port_info 6 /OUTPUT 1 "ALUSrcA";
    .port_info 7 /OUTPUT 2 "ALUSrcB";
    .port_info 8 /OUTPUT 2 "ResultSrc";
    .port_info 9 /OUTPUT 1 "NextPC";
    .port_info 10 /OUTPUT 1 "RegW";
    .port_info 11 /OUTPUT 1 "MemW";
    .port_info 12 /OUTPUT 1 "Branch";
    .port_info 13 /OUTPUT 1 "ALUOp";
    .port_info 14 /OUTPUT 1 "shift_op";
    .port_info 15 /OUTPUT 1 "div_op";
    .port_info 16 /OUTPUT 1 "mla_op";
    .port_info 17 /INPUT 4 "Instr_7_4";
    .port_info 18 /INPUT 4 "Rd";
P_0x5d4ad4f6e8e0 .param/l "ALUWB" 1 11 58, C4<01000>;
P_0x5d4ad4f6e920 .param/l "BRANCH" 1 11 59, C4<01001>;
P_0x5d4ad4f6e960 .param/l "DECODE" 1 11 51, C4<00001>;
P_0x5d4ad4f6e9a0 .param/l "EXECUTEI" 1 11 57, C4<00111>;
P_0x5d4ad4f6e9e0 .param/l "EXECUTER" 1 11 56, C4<00110>;
P_0x5d4ad4f6ea20 .param/l "FETCH" 1 11 50, C4<00000>;
P_0x5d4ad4f6ea60 .param/l "MEMADR" 1 11 52, C4<00010>;
P_0x5d4ad4f6eaa0 .param/l "MEMREAD" 1 11 53, C4<00011>;
P_0x5d4ad4f6eae0 .param/l "MEMWB" 1 11 54, C4<00100>;
P_0x5d4ad4f6eb20 .param/l "MEMWRITE" 1 11 55, C4<00101>;
v0x5d4ad4f6f2e0_0 .net "ALUOp", 0 0, L_0x5d4ad4f93420;  alias, 1 drivers
v0x5d4ad4f6f3c0_0 .net "ALUSrcA", 0 0, L_0x5d4ad4f93290;  alias, 1 drivers
v0x5d4ad4f6f480_0 .net "ALUSrcB", 1 0, L_0x5d4ad4f93380;  alias, 1 drivers
v0x5d4ad4f6f570_0 .net "AdrSrc", 0 0, L_0x5d4ad4f93110;  alias, 1 drivers
v0x5d4ad4f6f630_0 .net "Branch", 0 0, L_0x5d4ad4f92ce0;  alias, 1 drivers
v0x5d4ad4f6f740_0 .net "Funct", 5 0, L_0x5d4ad4fa57f0;  alias, 1 drivers
v0x5d4ad4f6f820_0 .net "IRWrite", 0 0, L_0x5d4ad4f93070;  alias, 1 drivers
v0x5d4ad4f6f8e0_0 .net "Instr_7_4", 3 0, L_0x5d4ad4fa6b10;  alias, 1 drivers
v0x5d4ad4f6f9c0_0 .net "MemW", 0 0, L_0x5d4ad4f92d80;  alias, 1 drivers
v0x5d4ad4f6fa60_0 .net "NextPC", 0 0, L_0x5d4ad4f92bb0;  alias, 1 drivers
v0x5d4ad4f6fb30_0 .net "Op", 1 0, L_0x5d4ad4fa5330;  alias, 1 drivers
v0x5d4ad4f6fbd0_0 .net "Rd", 3 0, L_0x5d4ad4fa58e0;  alias, 1 drivers
v0x5d4ad4f6fcb0_0 .net "RegW", 0 0, L_0x5d4ad4f92eb0;  alias, 1 drivers
v0x5d4ad4f6fd80_0 .net "ResultSrc", 1 0, L_0x5d4ad4f931f0;  alias, 1 drivers
v0x5d4ad4f6fe40_0 .net *"_ivl_12", 11 0, v0x5d4ad4f6ffc0_0;  1 drivers
v0x5d4ad4f6ff20_0 .net "clk", 0 0, v0x5d4ad4f92a70_0;  alias, 1 drivers
v0x5d4ad4f6ffc0_0 .var "controls", 11 0;
v0x5d4ad4f700a0_0 .net "div_op", 0 0, v0x5d4ad4f70160_0;  alias, 1 drivers
v0x5d4ad4f70160_0 .var "div_op_aux", 0 0;
v0x5d4ad4f70220_0 .net "mla_op", 0 0, v0x5d4ad4f702e0_0;  alias, 1 drivers
v0x5d4ad4f702e0_0 .var "mla_op_aux", 0 0;
v0x5d4ad4f703a0_0 .var "nextstate", 4 0;
v0x5d4ad4f70480_0 .net "reset", 0 0, v0x5d4ad4f92b10_0;  alias, 1 drivers
v0x5d4ad4f70520_0 .net "shift_op", 0 0, v0x5d4ad4f705e0_0;  alias, 1 drivers
v0x5d4ad4f705e0_0 .var "shift_op_aux", 0 0;
v0x5d4ad4f706a0_0 .var "state", 4 0;
E_0x5d4ad4f25cf0/0 .event anyedge, v0x5d4ad4f6fb30_0, v0x5d4ad4f706a0_0, v0x5d4ad4f6f740_0, v0x5d4ad4f6f8e0_0;
E_0x5d4ad4f25cf0/1 .event anyedge, v0x5d4ad4f6fbd0_0;
E_0x5d4ad4f25cf0 .event/or E_0x5d4ad4f25cf0/0, E_0x5d4ad4f25cf0/1;
E_0x5d4ad4ec50d0 .event anyedge, v0x5d4ad4f706a0_0;
E_0x5d4ad4ec5490/0 .event anyedge, v0x5d4ad4f706a0_0, v0x5d4ad4f6fb30_0, v0x5d4ad4f6f740_0, v0x5d4ad4f6fbd0_0;
E_0x5d4ad4ec5490/1 .event anyedge, v0x5d4ad4f6f8e0_0;
E_0x5d4ad4ec5490 .event/or E_0x5d4ad4ec5490/0, E_0x5d4ad4ec5490/1;
L_0x5d4ad4f92bb0 .part v0x5d4ad4f6ffc0_0, 11, 1;
L_0x5d4ad4f92ce0 .part v0x5d4ad4f6ffc0_0, 10, 1;
L_0x5d4ad4f92d80 .part v0x5d4ad4f6ffc0_0, 9, 1;
L_0x5d4ad4f92eb0 .part v0x5d4ad4f6ffc0_0, 8, 1;
L_0x5d4ad4f93070 .part v0x5d4ad4f6ffc0_0, 7, 1;
L_0x5d4ad4f93110 .part v0x5d4ad4f6ffc0_0, 6, 1;
L_0x5d4ad4f931f0 .part v0x5d4ad4f6ffc0_0, 4, 2;
L_0x5d4ad4f93290 .part v0x5d4ad4f6ffc0_0, 3, 1;
L_0x5d4ad4f93380 .part v0x5d4ad4f6ffc0_0, 1, 2;
L_0x5d4ad4f93420 .part v0x5d4ad4f6ffc0_0, 0, 1;
S_0x5d4ad4f76190 .scope module, "dp" "datapath" 4 59, 12 1 0, S_0x5d4ad4f0f340;
 .timescale 0 0;
    .port_info 0 /INPUT 1 "clk";
    .port_info 1 /INPUT 1 "reset";
    .port_info 2 /OUTPUT 32 "Adr";
    .port_info 3 /OUTPUT 32 "WriteData";
    .port_info 4 /INPUT 32 "ReadData";
    .port_info 5 /OUTPUT 32 "Instr";
    .port_info 6 /OUTPUT 4 "ALUFlags";
    .port_info 7 /INPUT 1 "PCWrite";
    .port_info 8 /INPUT 1 "RegWrite";
    .port_info 9 /INPUT 1 "IRWrite";
    .port_info 10 /INPUT 1 "AdrSrc";
    .port_info 11 /INPUT 2 "RegSrc";
    .port_info 12 /INPUT 1 "ALUSrcA";
    .port_info 13 /INPUT 2 "ALUSrcB";
    .port_info 14 /INPUT 2 "ResultSrc";
    .port_info 15 /INPUT 2 "ImmSrc";
    .port_info 16 /INPUT 2 "ALUControl";
    .port_info 17 /INPUT 4 "rot";
    .port_info 18 /INPUT 1 "DivMulSrc";
    .port_info 19 /INPUT 1 "shift_op";
    .port_info 20 /INPUT 1 "div_op";
    .port_info 21 /INPUT 1 "mla_op";
    .port_info 22 /INPUT 1 "div_sel";
v0x5d4ad4f8d280_0 .net "A", 31 0, L_0x5d4ad4faa8f0;  1 drivers
v0x5d4ad4f8d360_0 .net "ALUControl", 1 0, v0x5d4ad4f6eff0_0;  alias, 1 drivers
v0x5d4ad4f8d420_0 .net "ALUFlags", 3 0, L_0x5d4ad4fb0690;  alias, 1 drivers
v0x5d4ad4f8d4c0_0 .net "ALUOut", 31 0, v0x5d4ad4f769e0_0;  1 drivers
v0x5d4ad4f8d580_0 .net "ALUResult", 31 0, L_0x5d4ad4fb0d70;  1 drivers
v0x5d4ad4f8d640_0 .net "ALUSrcA", 0 0, L_0x5d4ad4f93290;  alias, 1 drivers
v0x5d4ad4f8d770_0 .net "ALUSrcB", 1 0, L_0x5d4ad4f93380;  alias, 1 drivers
v0x5d4ad4f8d8c0_0 .net "Adr", 31 0, L_0x5d4ad4fa6c40;  alias, 1 drivers
v0x5d4ad4f8d980_0 .net "AdrSrc", 0 0, L_0x5d4ad4f93110;  alias, 1 drivers
v0x5d4ad4f8db40_0 .net "DIVResult", 31 0, L_0x5d4ad4faba10;  1 drivers
v0x5d4ad4f8dbe0_0 .net "Data", 31 0, v0x5d4ad4f770f0_0;  1 drivers
v0x5d4ad4f8dca0_0 .net "DivMulSrc", 0 0, L_0x5d4ad4fa5650;  alias, 1 drivers
v0x5d4ad4f8dd40_0 .net "ExtImm", 31 0, v0x5d4ad4f7f3c0_0;  1 drivers
v0x5d4ad4f8de00_0 .net "ExtImm_rot", 31 0, L_0x5d4ad4fad6d0;  1 drivers
v0x5d4ad4f8dec0_0 .net "IRWrite", 0 0, L_0x5d4ad4f93070;  alias, 1 drivers
v0x5d4ad4f8dff0_0 .net "ImmSrc", 1 0, L_0x5d4ad4f93860;  alias, 1 drivers
v0x5d4ad4f8e0b0_0 .net "Instr", 31 0, v0x5d4ad4f77980_0;  alias, 1 drivers
v0x5d4ad4f8e280_0 .net "PC", 31 0, v0x5d4ad4f78120_0;  1 drivers
v0x5d4ad4f8e320_0 .net "PCWrite", 0 0, L_0x5d4ad4fa68f0;  alias, 1 drivers
v0x5d4ad4f8e3c0_0 .net "RA1", 3 0, L_0x5d4ad4fa7060;  1 drivers
v0x5d4ad4f8e480_0 .net "RA2", 3 0, L_0x5d4ad4fa9080;  1 drivers
v0x5d4ad4f8e590_0 .net "RA4", 3 0, L_0x5d4ad4fa9470;  1 drivers
v0x5d4ad4f8e6a0_0 .net "RD1", 31 0, L_0x5d4ad4fa9970;  1 drivers
v0x5d4ad4f8e7b0_0 .net "RD2", 31 0, L_0x5d4ad4fa9e00;  1 drivers
v0x5d4ad4f8e8c0_0 .net "RD3", 31 0, L_0x5d4ad4faa3d0;  1 drivers
v0x5d4ad4f8e9d0_0 .net "ReadData", 31 0, L_0x5d4ad4fb1420;  alias, 1 drivers
v0x5d4ad4f8eae0_0 .net "RegSrc", 1 0, L_0x5d4ad4f93990;  alias, 1 drivers
v0x5d4ad4f8ebf0_0 .net "RegWrite", 0 0, L_0x5d4ad4fa65d0;  alias, 1 drivers
v0x5d4ad4f8ec90_0 .net "Result", 31 0, L_0x5d4ad4fb1150;  1 drivers
v0x5d4ad4f8ed50_0 .net "ResultSrc", 1 0, L_0x5d4ad4f931f0;  alias, 1 drivers
v0x5d4ad4f8ee10_0 .net "SrcA", 31 0, L_0x5d4ad4fabb00;  1 drivers
v0x5d4ad4f8eed0_0 .net "SrcB", 31 0, L_0x5d4ad4fae750;  1 drivers
v0x5d4ad4f8ef90_0 .net "WriteData", 31 0, L_0x5d4ad4fad350;  alias, 1 drivers
v0x5d4ad4f8f290_0 .net "clk", 0 0, v0x5d4ad4f92a70_0;  alias, 1 drivers
v0x5d4ad4f8f330_0 .net "div_op", 0 0, v0x5d4ad4f70160_0;  alias, 1 drivers
v0x5d4ad4f8f460_0 .net "div_sel", 0 0, L_0x5d4ad4fa41a0;  alias, 1 drivers
v0x5d4ad4f8f500_0 .net "mla_op", 0 0, v0x5d4ad4f702e0_0;  alias, 1 drivers
v0x5d4ad4f8f630_0 .net "pre_A", 31 0, v0x5d4ad4f787e0_0;  1 drivers
v0x5d4ad4f8f6d0_0 .net "pre_ALUResult", 31 0, v0x5d4ad4f7a250_0;  1 drivers
v0x5d4ad4f8f770_0 .net "pre_RA1", 3 0, L_0x5d4ad4fa6d70;  1 drivers
v0x5d4ad4f8f810_0 .net "pre_WriteData", 31 0, v0x5d4ad4f78e40_0;  1 drivers
v0x5d4ad4f8f8b0_0 .net "rd3", 31 0, v0x5d4ad4f794d0_0;  1 drivers
v0x5d4ad4f8f950_0 .net "reset", 0 0, v0x5d4ad4f92b10_0;  alias, 1 drivers
v0x5d4ad4f8f9f0_0 .net "rot", 3 0, o0x744e952bd438;  alias, 0 drivers
v0x5d4ad4f8fad0_0 .net "shift_op", 0 0, v0x5d4ad4f705e0_0;  alias, 1 drivers
L_0x744e94cd8260 .functor BUFT 1, C4<00000000000000000000000000000100>, C4<0>, C4<0>, C4<0>;
v0x5d4ad4f8fb70_0 .net "sz4", 31 0, L_0x744e94cd8260;  1 drivers
L_0x5d4ad4fa6f20 .part v0x5d4ad4f77980_0, 16, 4;
L_0x5d4ad4fa6fc0 .part v0x5d4ad4f77980_0, 0, 4;
L_0x5d4ad4fa7100 .part L_0x5d4ad4f93990, 0, 1;
L_0x5d4ad4fa8db0 .part v0x5d4ad4f77980_0, 0, 4;
L_0x5d4ad4fa92f0 .part v0x5d4ad4f77980_0, 12, 4;
L_0x5d4ad4fa9390 .part L_0x5d4ad4f93990, 1, 1;
L_0x5d4ad4fa9510 .part v0x5d4ad4f77980_0, 12, 4;
L_0x5d4ad4fa95b0 .part v0x5d4ad4f77980_0, 16, 4;
L_0x5d4ad4faa580 .part v0x5d4ad4f77980_0, 8, 4;
L_0x5d4ad4fad490 .part v0x5d4ad4f77980_0, 7, 5;
L_0x5d4ad4fad590 .part v0x5d4ad4f77980_0, 5, 2;
L_0x5d4ad4fad630 .part v0x5d4ad4f77980_0, 4, 1;
L_0x5d4ad4fad740 .part v0x5d4ad4f77980_0, 7, 1;
L_0x5d4ad4fad7e0 .part v0x5d4ad4f77980_0, 0, 24;
L_0x5d4ad4fae320 .part v0x5d4ad4f77980_0, 8, 4;
S_0x5d4ad4f765c0 .scope module, "ALUResultReg" "flopr" 12 189, 9 1 0, S_0x5d4ad4f76190;
 .timescale 0 0;
    .port_info 0 /INPUT 1 "clk";
    .port_info 1 /INPUT 1 "reset";
    .port_info 2 /INPUT 32 "d";
    .port_info 3 /OUTPUT 32 "q";
P_0x5d4ad4f767a0 .param/l "WIDTH" 0 9 7, +C4<00000000000000000000000000100000>;
v0x5d4ad4f76840_0 .net "clk", 0 0, v0x5d4ad4f92a70_0;  alias, 1 drivers
v0x5d4ad4f76900_0 .net "d", 31 0, L_0x5d4ad4fb0d70;  alias, 1 drivers
v0x5d4ad4f769e0_0 .var "q", 31 0;
v0x5d4ad4f76aa0_0 .net "reset", 0 0, v0x5d4ad4f92b10_0;  alias, 1 drivers
S_0x5d4ad4f76bc0 .scope module, "DataReg" "flopr" 12 80, 9 1 0, S_0x5d4ad4f76190;
 .timescale 0 0;
    .port_info 0 /INPUT 1 "clk";
    .port_info 1 /INPUT 1 "reset";
    .port_info 2 /INPUT 32 "d";
    .port_info 3 /OUTPUT 32 "q";
P_0x5d4ad4f76dc0 .param/l "WIDTH" 0 9 7, +C4<00000000000000000000000000100000>;
v0x5d4ad4f76e60_0 .net "clk", 0 0, v0x5d4ad4f92a70_0;  alias, 1 drivers
v0x5d4ad4f77010_0 .net "d", 31 0, L_0x5d4ad4fb1420;  alias, 1 drivers
v0x5d4ad4f770f0_0 .var "q", 31 0;
v0x5d4ad4f771e0_0 .net "reset", 0 0, v0x5d4ad4f92b10_0;  alias, 1 drivers
S_0x5d4ad4f77440 .scope module, "InstrReg" "flopenr" 12 79, 8 1 0, S_0x5d4ad4f76190;
 .timescale 0 0;
    .port_info 0 /INPUT 1 "clk";
    .port_info 1 /INPUT 1 "reset";
    .port_info 2 /INPUT 1 "en";
    .port_info 3 /INPUT 32 "d";
    .port_info 4 /OUTPUT 32 "q";
P_0x5d4ad4f77620 .param/l "WIDTH" 0 8 8, +C4<00000000000000000000000000100000>;
v0x5d4ad4f77720_0 .net "clk", 0 0, v0x5d4ad4f92a70_0;  alias, 1 drivers
v0x5d4ad4f777c0_0 .net "d", 31 0, L_0x5d4ad4fb1420;  alias, 1 drivers
v0x5d4ad4f778b0_0 .net "en", 0 0, L_0x5d4ad4f93070;  alias, 1 drivers
v0x5d4ad4f77980_0 .var "q", 31 0;
v0x5d4ad4f77a20_0 .net "reset", 0 0, v0x5d4ad4f92b10_0;  alias, 1 drivers
S_0x5d4ad4f77bb0 .scope module, "PCReg" "flopenr" 12 76, 8 1 0, S_0x5d4ad4f76190;
 .timescale 0 0;
    .port_info 0 /INPUT 1 "clk";
    .port_info 1 /INPUT 1 "reset";
    .port_info 2 /INPUT 1 "en";
    .port_info 3 /INPUT 32 "d";
    .port_info 4 /OUTPUT 32 "q";
P_0x5d4ad4f77d90 .param/l "WIDTH" 0 8 8, +C4<00000000000000000000000000100000>;
v0x5d4ad4f77e60_0 .net "clk", 0 0, v0x5d4ad4f92a70_0;  alias, 1 drivers
v0x5d4ad4f77f20_0 .net "d", 31 0, L_0x5d4ad4fb1150;  alias, 1 drivers
v0x5d4ad4f78000_0 .net "en", 0 0, L_0x5d4ad4fa68f0;  alias, 1 drivers
v0x5d4ad4f78120_0 .var "q", 31 0;
v0x5d4ad4f781e0_0 .net "reset", 0 0, v0x5d4ad4f92b10_0;  alias, 1 drivers
S_0x5d4ad4f78370 .scope module, "RD1Reg" "flopr" 12 123, 9 1 0, S_0x5d4ad4f76190;
 .timescale 0 0;
    .port_info 0 /INPUT 1 "clk";
    .port_info 1 /INPUT 1 "reset";
    .port_info 2 /INPUT 32 "d";
    .port_info 3 /OUTPUT 32 "q";
P_0x5d4ad4f785a0 .param/l "WIDTH" 0 9 7, +C4<00000000000000000000000000100000>;
v0x5d4ad4f78640_0 .net "clk", 0 0, v0x5d4ad4f92a70_0;  alias, 1 drivers
v0x5d4ad4f78700_0 .net "d", 31 0, L_0x5d4ad4fa9970;  alias, 1 drivers
v0x5d4ad4f787e0_0 .var "q", 31 0;
v0x5d4ad4f788a0_0 .net "reset", 0 0, v0x5d4ad4f92b10_0;  alias, 1 drivers
S_0x5d4ad4f789f0 .scope module, "RD2Reg" "flopr" 12 124, 9 1 0, S_0x5d4ad4f76190;
 .timescale 0 0;
    .port_info 0 /INPUT 1 "clk";
    .port_info 1 /INPUT 1 "reset";
    .port_info 2 /INPUT 32 "d";
    .port_info 3 /OUTPUT 32 "q";
P_0x5d4ad4f78bd0 .param/l "WIDTH" 0 9 7, +C4<00000000000000000000000000100000>;
v0x5d4ad4f78ca0_0 .net "clk", 0 0, v0x5d4ad4f92a70_0;  alias, 1 drivers
v0x5d4ad4f78d60_0 .net "d", 31 0, L_0x5d4ad4fa9e00;  alias, 1 drivers
v0x5d4ad4f78e40_0 .var "q", 31 0;
v0x5d4ad4f78f30_0 .net "reset", 0 0, v0x5d4ad4f92b10_0;  alias, 1 drivers
S_0x5d4ad4f79080 .scope module, "RD3Reg" "flopr" 12 125, 9 1 0, S_0x5d4ad4f76190;
 .timescale 0 0;
    .port_info 0 /INPUT 1 "clk";
    .port_info 1 /INPUT 1 "reset";
    .port_info 2 /INPUT 32 "d";
    .port_info 3 /OUTPUT 32 "q";
P_0x5d4ad4f79260 .param/l "WIDTH" 0 9 7, +C4<00000000000000000000000000100000>;
v0x5d4ad4f79330_0 .net "clk", 0 0, v0x5d4ad4f92a70_0;  alias, 1 drivers
v0x5d4ad4f793f0_0 .net "d", 31 0, L_0x5d4ad4faa3d0;  alias, 1 drivers
v0x5d4ad4f794d0_0 .var "q", 31 0;
v0x5d4ad4f795c0_0 .net "reset", 0 0, v0x5d4ad4f92b10_0;  alias, 1 drivers
S_0x5d4ad4f79710 .scope module, "adrmux" "mux2" 12 77, 13 1 0, S_0x5d4ad4f76190;
 .timescale 0 0;
    .port_info 0 /INPUT 32 "d0";
    .port_info 1 /INPUT 32 "d1";
    .port_info 2 /INPUT 1 "s";
    .port_info 3 /OUTPUT 32 "y";
P_0x5d4ad4f798f0 .param/l "WIDTH" 0 13 7, +C4<00000000000000000000000000100000>;
v0x5d4ad4f79a30_0 .net "d0", 31 0, v0x5d4ad4f78120_0;  alias, 1 drivers
v0x5d4ad4f79b40_0 .net "d1", 31 0, L_0x5d4ad4fb1150;  alias, 1 drivers
v0x5d4ad4f79c10_0 .net "s", 0 0, L_0x5d4ad4f93110;  alias, 1 drivers
v0x5d4ad4f79ce0_0 .net "y", 31 0, L_0x5d4ad4fa6c40;  alias, 1 drivers
L_0x5d4ad4fa6c40 .functor MUXZ 32, v0x5d4ad4f78120_0, L_0x5d4ad4fb1150, L_0x5d4ad4f93110, C4<>;
S_0x5d4ad4f79e30 .scope module, "alu" "alu" 12 172, 14 1 0, S_0x5d4ad4f76190;
 .timescale 0 0;
    .port_info 0 /INPUT 32 "SrcA";
    .port_info 1 /INPUT 32 "SrcB";
    .port_info 2 /INPUT 2 "ALUControl";
    .port_info 3 /OUTPUT 32 "ALUResult";
    .port_info 4 /OUTPUT 4 "ALUFlags";
L_0x5d4ad4fae890 .functor NOT 32, L_0x5d4ad4fae750, C4<00000000000000000000000000000000>, C4<00000000000000000000000000000000>, C4<00000000000000000000000000000000>;
L_0x744e94cd83c8 .functor BUFT 1, C4<0>, C4<0>, C4<0>, C4<0>;
L_0x5d4ad4faed50 .functor XNOR 1, L_0x5d4ad4faf440, L_0x744e94cd83c8, C4<0>, C4<0>;
L_0x5d4ad4faf690 .functor AND 1, L_0x5d4ad4faed50, L_0x5d4ad4faf530, C4<1>, C4<1>;
L_0x744e94cd8410 .functor BUFT 1, C4<0>, C4<0>, C4<0>, C4<0>;
L_0x5d4ad4faf950 .functor XNOR 1, L_0x5d4ad4faf7a0, L_0x744e94cd8410, C4<0>, C4<0>;
L_0x5d4ad4faf620 .functor XOR 1, L_0x5d4ad4fafa60, L_0x5d4ad4fafb80, C4<0>, C4<0>;
L_0x5d4ad4fafdf0 .functor XOR 1, L_0x5d4ad4faf620, L_0x5d4ad4fafcc0, C4<0>, C4<0>;
L_0x5d4ad4faff00 .functor NOT 1, L_0x5d4ad4fafdf0, C4<0>, C4<0>, C4<0>;
L_0x5d4ad4faffc0 .functor AND 1, L_0x5d4ad4faf950, L_0x5d4ad4faff00, C4<1>, C4<1>;
L_0x5d4ad4fb0410 .functor XOR 1, L_0x5d4ad4fb0120, L_0x5d4ad4fb02d0, C4<0>, C4<0>;
L_0x5d4ad4fb0520 .functor AND 1, L_0x5d4ad4faffc0, L_0x5d4ad4fb0410, C4<1>, C4<1>;
v0x5d4ad4f7a060_0 .net "ALUControl", 1 0, v0x5d4ad4f6eff0_0;  alias, 1 drivers
v0x5d4ad4f7a140_0 .net "ALUFlags", 3 0, L_0x5d4ad4fb0690;  alias, 1 drivers
v0x5d4ad4f7a250_0 .var "ALUResult", 31 0;
v0x5d4ad4f7a310_0 .net "SrcA", 31 0, L_0x5d4ad4fabb00;  alias, 1 drivers
v0x5d4ad4f7a3f0_0 .net "SrcB", 31 0, L_0x5d4ad4fae750;  alias, 1 drivers
v0x5d4ad4f7a520_0 .net *"_ivl_1", 0 0, L_0x5d4ad4fae7f0;  1 drivers
v0x5d4ad4f7a600_0 .net *"_ivl_10", 32 0, L_0x5d4ad4faeb70;  1 drivers
L_0x744e94cd82f0 .functor BUFT 1, C4<0>, C4<0>, C4<0>, C4<0>;
v0x5d4ad4f7a6e0_0 .net *"_ivl_13", 0 0, L_0x744e94cd82f0;  1 drivers
v0x5d4ad4f7a7c0_0 .net *"_ivl_14", 32 0, L_0x5d4ad4faecb0;  1 drivers
v0x5d4ad4f7a8a0_0 .net *"_ivl_17", 0 0, L_0x5d4ad4faee60;  1 drivers
v0x5d4ad4f7a980_0 .net *"_ivl_18", 32 0, L_0x5d4ad4faef40;  1 drivers
v0x5d4ad4f7aa60_0 .net *"_ivl_2", 31 0, L_0x5d4ad4fae890;  1 drivers
L_0x744e94cd8338 .functor BUFT 1, C4<00000000000000000000000000000000>, C4<0>, C4<0>, C4<0>;
v0x5d4ad4f7ab40_0 .net *"_ivl_21", 31 0, L_0x744e94cd8338;  1 drivers
L_0x744e94cd8380 .functor BUFT 1, C4<00000000000000000000000000000000>, C4<0>, C4<0>, C4<0>;
v0x5d4ad4f7ac20_0 .net/2u *"_ivl_26", 31 0, L_0x744e94cd8380;  1 drivers
v0x5d4ad4f7ad00_0 .net *"_ivl_31", 0 0, L_0x5d4ad4faf440;  1 drivers
v0x5d4ad4f7ade0_0 .net/2u *"_ivl_32", 0 0, L_0x744e94cd83c8;  1 drivers
v0x5d4ad4f7aec0_0 .net *"_ivl_34", 0 0, L_0x5d4ad4faed50;  1 drivers
v0x5d4ad4f7b090_0 .net *"_ivl_37", 0 0, L_0x5d4ad4faf530;  1 drivers
v0x5d4ad4f7b170_0 .net *"_ivl_41", 0 0, L_0x5d4ad4faf7a0;  1 drivers
v0x5d4ad4f7b250_0 .net/2u *"_ivl_42", 0 0, L_0x744e94cd8410;  1 drivers
v0x5d4ad4f7b330_0 .net *"_ivl_44", 0 0, L_0x5d4ad4faf950;  1 drivers
v0x5d4ad4f7b3f0_0 .net *"_ivl_47", 0 0, L_0x5d4ad4fafa60;  1 drivers
v0x5d4ad4f7b4d0_0 .net *"_ivl_49", 0 0, L_0x5d4ad4fafb80;  1 drivers
v0x5d4ad4f7b5b0_0 .net *"_ivl_50", 0 0, L_0x5d4ad4faf620;  1 drivers
v0x5d4ad4f7b690_0 .net *"_ivl_53", 0 0, L_0x5d4ad4fafcc0;  1 drivers
v0x5d4ad4f7b770_0 .net *"_ivl_54", 0 0, L_0x5d4ad4fafdf0;  1 drivers
v0x5d4ad4f7b850_0 .net *"_ivl_56", 0 0, L_0x5d4ad4faff00;  1 drivers
v0x5d4ad4f7b930_0 .net *"_ivl_58", 0 0, L_0x5d4ad4faffc0;  1 drivers
v0x5d4ad4f7ba10_0 .net *"_ivl_6", 32 0, L_0x5d4ad4faea40;  1 drivers
v0x5d4ad4f7baf0_0 .net *"_ivl_61", 0 0, L_0x5d4ad4fb0120;  1 drivers
v0x5d4ad4f7bbd0_0 .net *"_ivl_63", 0 0, L_0x5d4ad4fb02d0;  1 drivers
v0x5d4ad4f7bcb0_0 .net *"_ivl_64", 0 0, L_0x5d4ad4fb0410;  1 drivers
L_0x744e94cd82a8 .functor BUFT 1, C4<0>, C4<0>, C4<0>, C4<0>;
v0x5d4ad4f7bd90_0 .net *"_ivl_9", 0 0, L_0x744e94cd82a8;  1 drivers
v0x5d4ad4f7be70_0 .net "carry", 0 0, L_0x5d4ad4faf690;  1 drivers
v0x5d4ad4f7bf30_0 .net "condinvb", 31 0, L_0x5d4ad4fae900;  1 drivers
v0x5d4ad4f7c010_0 .net "neg", 0 0, L_0x5d4ad4faf210;  1 drivers
v0x5d4ad4f7c0d0_0 .net "overflow", 0 0, L_0x5d4ad4fb0520;  1 drivers
v0x5d4ad4f7c190_0 .net "sum", 32 0, L_0x5d4ad4faf080;  1 drivers
v0x5d4ad4f7c270_0 .net "zero", 0 0, L_0x5d4ad4faf2b0;  1 drivers
E_0x5d4ad4ec5110 .event anyedge, v0x5d4ad4f6eff0_0, v0x5d4ad4f7c190_0, v0x5d4ad4f7a310_0, v0x5d4ad4f7a3f0_0;
L_0x5d4ad4fae7f0 .part v0x5d4ad4f6eff0_0, 0, 1;
L_0x5d4ad4fae900 .functor MUXZ 32, L_0x5d4ad4fae750, L_0x5d4ad4fae890, L_0x5d4ad4fae7f0, C4<>;
L_0x5d4ad4faea40 .concat [ 32 1 0 0], L_0x5d4ad4fabb00, L_0x744e94cd82a8;
L_0x5d4ad4faeb70 .concat [ 32 1 0 0], L_0x5d4ad4fae900, L_0x744e94cd82f0;
L_0x5d4ad4faecb0 .arith/sum 33, L_0x5d4ad4faea40, L_0x5d4ad4faeb70;
L_0x5d4ad4faee60 .part v0x5d4ad4f6eff0_0, 0, 1;
L_0x5d4ad4faef40 .concat [ 1 32 0 0], L_0x5d4ad4faee60, L_0x744e94cd8338;
L_0x5d4ad4faf080 .arith/sum 33, L_0x5d4ad4faecb0, L_0x5d4ad4faef40;
L_0x5d4ad4faf210 .part v0x5d4ad4f7a250_0, 31, 1;
L_0x5d4ad4faf2b0 .cmp/eq 32, v0x5d4ad4f7a250_0, L_0x744e94cd8380;
L_0x5d4ad4faf440 .part v0x5d4ad4f6eff0_0, 1, 1;
L_0x5d4ad4faf530 .part L_0x5d4ad4faf080, 32, 1;
L_0x5d4ad4faf7a0 .part v0x5d4ad4f6eff0_0, 1, 1;
L_0x5d4ad4fafa60 .part L_0x5d4ad4fabb00, 31, 1;
L_0x5d4ad4fafb80 .part L_0x5d4ad4fae750, 31, 1;
L_0x5d4ad4fafcc0 .part v0x5d4ad4f6eff0_0, 0, 1;
L_0x5d4ad4fb0120 .part L_0x5d4ad4fae750, 31, 1;
L_0x5d4ad4fb02d0 .part L_0x5d4ad4faf080, 31, 1;
L_0x5d4ad4fb0690 .concat [ 1 1 1 1], L_0x5d4ad4fb0520, L_0x5d4ad4faf690, L_0x5d4ad4faf2b0, L_0x5d4ad4faf210;
S_0x5d4ad4f7c3d0 .scope module, "div" "divider" 12 135, 15 27 0, S_0x5d4ad4f76190;
 .timescale 0 0;
    .port_info 0 /INPUT 32 "rn";
    .port_info 1 /INPUT 32 "rm";
    .port_info 2 /INPUT 1 "op";
    .port_info 3 /OUTPUT 32 "y";
v0x5d4ad4f7e7f0_0 .net *"_ivl_0", 31 0, L_0x5d4ad4fab7e0;  1 drivers
L_0x744e94cd7de0 .functor BUFT 1, C4<0000000000000000000000000000000>, C4<0>, C4<0>, C4<0>;
v0x5d4ad4f7e8d0_0 .net *"_ivl_3", 30 0, L_0x744e94cd7de0;  1 drivers
L_0x744e94cd7e28 .functor BUFT 1, C4<00000000000000000000000000000001>, C4<0>, C4<0>, C4<0>;
v0x5d4ad4f7e9b0_0 .net/2u *"_ivl_4", 31 0, L_0x744e94cd7e28;  1 drivers
v0x5d4ad4f7ea70_0 .net *"_ivl_6", 0 0, L_0x5d4ad4fab8d0;  1 drivers
v0x5d4ad4f7eb30_0 .net "op", 0 0, L_0x5d4ad4fa41a0;  alias, 1 drivers
v0x5d4ad4f7ec20_0 .net "rm", 31 0, v0x5d4ad4f794d0_0;  alias, 1 drivers
v0x5d4ad4f7ece0_0 .net "rn", 31 0, v0x5d4ad4f787e0_0;  alias, 1 drivers
v0x5d4ad4f7ee30_0 .net "s_y", 31 0, L_0x5d4ad4faab40;  1 drivers
v0x5d4ad4f7eef0_0 .net "u_y", 31 0, L_0x5d4ad4fab6a0;  1 drivers
v0x5d4ad4f7f020_0 .net "y", 31 0, L_0x5d4ad4faba10;  alias, 1 drivers
L_0x5d4ad4fab7e0 .concat [ 1 31 0 0], L_0x5d4ad4fa41a0, L_0x744e94cd7de0;
L_0x5d4ad4fab8d0 .cmp/eq 32, L_0x5d4ad4fab7e0, L_0x744e94cd7e28;
L_0x5d4ad4faba10 .functor MUXZ 32, L_0x5d4ad4faab40, L_0x5d4ad4fab6a0, L_0x5d4ad4fab8d0, C4<>;
S_0x5d4ad4f7c5d0 .scope module, "s" "signed_div" 15 33, 15 1 0, S_0x5d4ad4f7c3d0;
 .timescale 0 0;
    .port_info 0 /INPUT 32 "rn";
    .port_info 1 /INPUT 32 "rm";
    .port_info 2 /OUTPUT 32 "y";
v0x5d4ad4f7c840_0 .net/s "rm", 31 0, v0x5d4ad4f794d0_0;  alias, 1 drivers
v0x5d4ad4f7c920_0 .net/s "rn", 31 0, v0x5d4ad4f787e0_0;  alias, 1 drivers
v0x5d4ad4f7c9f0_0 .net/s "y", 31 0, L_0x5d4ad4faab40;  alias, 1 drivers
L_0x5d4ad4faab40 .arith/div.s 32, v0x5d4ad4f787e0_0, v0x5d4ad4f794d0_0;
S_0x5d4ad4f7cb40 .scope module, "u" "usigned_div" 15 34, 15 14 0, S_0x5d4ad4f7c3d0;
 .timescale 0 0;
    .port_info 0 /INPUT 32 "rn";
    .port_info 1 /INPUT 32 "rm";
    .port_info 2 /OUTPUT 32 "y";
L_0x5d4ad4faadc0 .functor AND 1, L_0x5d4ad4fab380, L_0x5d4ad4fab470, C4<1>, C4<1>;
L_0x744e94cd7d08 .functor BUFT 1, C4<00000000000000000000000000000000>, C4<0>, C4<0>, C4<0>;
v0x5d4ad4f7dde0_0 .net/2u *"_ivl_0", 31 0, L_0x744e94cd7d08;  1 drivers
v0x5d4ad4f7dec0_0 .net *"_ivl_10", 31 0, L_0x5d4ad4fab600;  1 drivers
L_0x744e94cd7d98 .functor BUFT 1, C4<00000000000000000000000000000000>, C4<0>, C4<0>, C4<0>;
v0x5d4ad4f7dfa0_0 .net/2u *"_ivl_12", 31 0, L_0x744e94cd7d98;  1 drivers
v0x5d4ad4f7e060_0 .net *"_ivl_2", 0 0, L_0x5d4ad4fab380;  1 drivers
L_0x744e94cd7d50 .functor BUFT 1, C4<00000000000000000000000000000000>, C4<0>, C4<0>, C4<0>;
v0x5d4ad4f7e120_0 .net/2u *"_ivl_4", 31 0, L_0x744e94cd7d50;  1 drivers
v0x5d4ad4f7e250_0 .net *"_ivl_6", 0 0, L_0x5d4ad4fab470;  1 drivers
v0x5d4ad4f7e310_0 .net *"_ivl_9", 0 0, L_0x5d4ad4faadc0;  1 drivers
v0x5d4ad4f7e3d0_0 .net "abs_rm", 31 0, L_0x5d4ad4fab1f0;  1 drivers
v0x5d4ad4f7e490_0 .net "abs_rn", 31 0, L_0x5d4ad4faae80;  1 drivers
v0x5d4ad4f7e530_0 .net "rm", 31 0, v0x5d4ad4f794d0_0;  alias, 1 drivers
v0x5d4ad4f7e5d0_0 .net "rn", 31 0, v0x5d4ad4f787e0_0;  alias, 1 drivers
v0x5d4ad4f7e690_0 .net "y", 31 0, L_0x5d4ad4fab6a0;  alias, 1 drivers
L_0x5d4ad4fab380 .cmp/ne 32, L_0x5d4ad4fab1f0, L_0x744e94cd7d08;
L_0x5d4ad4fab470 .cmp/ne 32, L_0x5d4ad4faae80, L_0x744e94cd7d50;
L_0x5d4ad4fab600 .arith/div 32, L_0x5d4ad4faae80, L_0x5d4ad4fab1f0;
L_0x5d4ad4fab6a0 .functor MUXZ 32, L_0x744e94cd7d98, L_0x5d4ad4fab600, L_0x5d4ad4faadc0, C4<>;
S_0x5d4ad4f7cd70 .scope module, "a_rm" "absolute_value" 15 20, 15 7 0, S_0x5d4ad4f7cb40;
 .timescale 0 0;
    .port_info 0 /INPUT 32 "value";
    .port_info 1 /OUTPUT 32 "abs_value";
L_0x744e94cd7c78 .functor BUFT 1, C4<00000000000000000000000000000000>, C4<0>, C4<0>, C4<0>;
v0x5d4ad4f7cf90_0 .net/2s *"_ivl_0", 31 0, L_0x744e94cd7c78;  1 drivers
v0x5d4ad4f7d090_0 .net *"_ivl_2", 0 0, L_0x5d4ad4fab010;  1 drivers
L_0x744e94cd7cc0 .functor BUFT 1, C4<00000000000000000000000000000000>, C4<0>, C4<0>, C4<0>;
v0x5d4ad4f7d150_0 .net *"_ivl_4", 31 0, L_0x744e94cd7cc0;  1 drivers
v0x5d4ad4f7d240_0 .net *"_ivl_7", 31 0, L_0x5d4ad4fab100;  1 drivers
v0x5d4ad4f7d320_0 .net "abs_value", 31 0, L_0x5d4ad4fab1f0;  alias, 1 drivers
v0x5d4ad4f7d450_0 .net/s "value", 31 0, v0x5d4ad4f794d0_0;  alias, 1 drivers
L_0x5d4ad4fab010 .cmp/gt.s 32, L_0x744e94cd7c78, v0x5d4ad4f794d0_0;
L_0x5d4ad4fab100 .arith/sub 32, L_0x744e94cd7cc0, v0x5d4ad4f794d0_0;
L_0x5d4ad4fab1f0 .functor MUXZ 32, v0x5d4ad4f794d0_0, L_0x5d4ad4fab100, L_0x5d4ad4fab010, C4<>;
S_0x5d4ad4f7d5c0 .scope module, "a_rn" "absolute_value" 15 19, 15 7 0, S_0x5d4ad4f7cb40;
 .timescale 0 0;
    .port_info 0 /INPUT 32 "value";
    .port_info 1 /OUTPUT 32 "abs_value";
L_0x744e94cd7be8 .functor BUFT 1, C4<00000000000000000000000000000000>, C4<0>, C4<0>, C4<0>;
v0x5d4ad4f7d7e0_0 .net/2s *"_ivl_0", 31 0, L_0x744e94cd7be8;  1 drivers
v0x5d4ad4f7d8e0_0 .net *"_ivl_2", 0 0, L_0x5d4ad4faac30;  1 drivers
L_0x744e94cd7c30 .functor BUFT 1, C4<00000000000000000000000000000000>, C4<0>, C4<0>, C4<0>;
v0x5d4ad4f7d9a0_0 .net *"_ivl_4", 31 0, L_0x744e94cd7c30;  1 drivers
v0x5d4ad4f7da60_0 .net *"_ivl_7", 31 0, L_0x5d4ad4faad20;  1 drivers
v0x5d4ad4f7db40_0 .net "abs_value", 31 0, L_0x5d4ad4faae80;  alias, 1 drivers
v0x5d4ad4f7dc70_0 .net/s "value", 31 0, v0x5d4ad4f787e0_0;  alias, 1 drivers
L_0x5d4ad4faac30 .cmp/gt.s 32, L_0x744e94cd7be8, v0x5d4ad4f787e0_0;
L_0x5d4ad4faad20 .arith/sub 32, L_0x744e94cd7c30, v0x5d4ad4f787e0_0;
L_0x5d4ad4faae80 .functor MUXZ 32, v0x5d4ad4f787e0_0, L_0x5d4ad4faad20, L_0x5d4ad4faac30, C4<>;
S_0x5d4ad4f7f190 .scope module, "ext" "extend" 12 157, 16 1 0, S_0x5d4ad4f76190;
 .timescale 0 0;
    .port_info 0 /INPUT 24 "Instr";
    .port_info 1 /INPUT 2 "ImmSrc";
    .port_info 2 /OUTPUT 32 "ExtImm";
v0x5d4ad4f7f3c0_0 .var "ExtImm", 31 0;
v0x5d4ad4f7f4c0_0 .net "ImmSrc", 1 0, L_0x5d4ad4f93860;  alias, 1 drivers
v0x5d4ad4f7f580_0 .net "Instr", 23 0, L_0x5d4ad4fad7e0;  1 drivers
E_0x5d4ad4f7f340 .event anyedge, v0x5d4ad4f712b0_0, v0x5d4ad4f7f580_0;
S_0x5d4ad4f7f6c0 .scope module, "mla1" "mla" 12 128, 17 1 0, S_0x5d4ad4f76190;
 .timescale 0 0;
    .port_info 0 /INPUT 32 "rn";
    .port_info 1 /INPUT 32 "rm";
    .port_info 2 /INPUT 1 "mla_op";
    .port_info 3 /OUTPUT 32 "y";
v0x5d4ad4f7f910_0 .net *"_ivl_0", 31 0, L_0x5d4ad4faa620;  1 drivers
L_0x744e94cd7b58 .functor BUFT 1, C4<0000000000000000000000000000000>, C4<0>, C4<0>, C4<0>;
v0x5d4ad4f7f9f0_0 .net *"_ivl_3", 30 0, L_0x744e94cd7b58;  1 drivers
L_0x744e94cd7ba0 .functor BUFT 1, C4<00000000000000000000000000000001>, C4<0>, C4<0>, C4<0>;
v0x5d4ad4f7fad0_0 .net/2u *"_ivl_4", 31 0, L_0x744e94cd7ba0;  1 drivers
v0x5d4ad4f7fbc0_0 .net *"_ivl_6", 0 0, L_0x5d4ad4faa710;  1 drivers
v0x5d4ad4f7fc80_0 .net *"_ivl_9", 31 0, L_0x5d4ad4faa850;  1 drivers
v0x5d4ad4f7fdb0_0 .net "mla_op", 0 0, v0x5d4ad4f702e0_0;  alias, 1 drivers
v0x5d4ad4f7fe50_0 .net "rm", 31 0, v0x5d4ad4f794d0_0;  alias, 1 drivers
v0x5d4ad4f7ff10_0 .net "rn", 31 0, v0x5d4ad4f787e0_0;  alias, 1 drivers
v0x5d4ad4f7ffd0_0 .net "y", 31 0, L_0x5d4ad4faa8f0;  alias, 1 drivers
L_0x5d4ad4faa620 .concat [ 1 31 0 0], v0x5d4ad4f702e0_0, L_0x744e94cd7b58;
L_0x5d4ad4faa710 .cmp/eq 32, L_0x5d4ad4faa620, L_0x744e94cd7ba0;
L_0x5d4ad4faa850 .arith/mult 32, v0x5d4ad4f787e0_0, v0x5d4ad4f794d0_0;
L_0x5d4ad4faa8f0 .functor MUXZ 32, v0x5d4ad4f787e0_0, L_0x5d4ad4faa850, L_0x5d4ad4faa710, C4<>;
S_0x5d4ad4f801c0 .scope module, "muxALUSRCA" "mux2" 12 143, 13 1 0, S_0x5d4ad4f76190;
 .timescale 0 0;
    .port_info 0 /INPUT 32 "d0";
    .port_info 1 /INPUT 32 "d1";
    .port_info 2 /INPUT 1 "s";
    .port_info 3 /OUTPUT 32 "y";
P_0x5d4ad4f80350 .param/l "WIDTH" 0 13 7, +C4<00000000000000000000000000100000>;
v0x5d4ad4f80520_0 .net "d0", 31 0, L_0x5d4ad4faa8f0;  alias, 1 drivers
v0x5d4ad4f80630_0 .net "d1", 31 0, v0x5d4ad4f78120_0;  alias, 1 drivers
v0x5d4ad4f80720_0 .net "s", 0 0, L_0x5d4ad4f93290;  alias, 1 drivers
v0x5d4ad4f807c0_0 .net "y", 31 0, L_0x5d4ad4fabb00;  alias, 1 drivers
L_0x5d4ad4fabb00 .functor MUXZ 32, L_0x5d4ad4faa8f0, v0x5d4ad4f78120_0, L_0x5d4ad4f93290, C4<>;
S_0x5d4ad4f80920 .scope module, "muxALUSRCB" "mux3" 12 170, 18 1 0, S_0x5d4ad4f76190;
 .timescale 0 0;
    .port_info 0 /INPUT 32 "d0";
    .port_info 1 /INPUT 32 "d1";
    .port_info 2 /INPUT 32 "d2";
    .port_info 3 /INPUT 2 "s";
    .port_info 4 /OUTPUT 32 "y";
P_0x5d4ad4f80b00 .param/l "WIDTH" 0 18 8, +C4<00000000000000000000000000100000>;
v0x5d4ad4f80bd0_0 .net *"_ivl_1", 0 0, L_0x5d4ad4fae410;  1 drivers
v0x5d4ad4f80cd0_0 .net *"_ivl_3", 0 0, L_0x5d4ad4fae4b0;  1 drivers
v0x5d4ad4f80db0_0 .net *"_ivl_4", 31 0, L_0x5d4ad4fae550;  1 drivers
v0x5d4ad4f80ea0_0 .net "d0", 31 0, L_0x5d4ad4fad350;  alias, 1 drivers
v0x5d4ad4f80f80_0 .net "d1", 31 0, L_0x5d4ad4fad6d0;  alias, 1 drivers
v0x5d4ad4f810b0_0 .net "d2", 31 0, L_0x744e94cd8260;  alias, 1 drivers
v0x5d4ad4f81190_0 .net "s", 1 0, L_0x5d4ad4f93380;  alias, 1 drivers
v0x5d4ad4f81250_0 .net "y", 31 0, L_0x5d4ad4fae750;  alias, 1 drivers
L_0x5d4ad4fae410 .part L_0x5d4ad4f93380, 1, 1;
L_0x5d4ad4fae4b0 .part L_0x5d4ad4f93380, 0, 1;
L_0x5d4ad4fae550 .functor MUXZ 32, L_0x5d4ad4fad350, L_0x5d4ad4fad6d0, L_0x5d4ad4fae4b0, C4<>;
L_0x5d4ad4fae750 .functor MUXZ 32, L_0x5d4ad4fae550, L_0x744e94cd8260, L_0x5d4ad4fae410, C4<>;
S_0x5d4ad4f813c0 .scope module, "muxResult" "mux3" 12 190, 18 1 0, S_0x5d4ad4f76190;
 .timescale 0 0;
    .port_info 0 /INPUT 32 "d0";
    .port_info 1 /INPUT 32 "d1";
    .port_info 2 /INPUT 32 "d2";
    .port_info 3 /INPUT 2 "s";
    .port_info 4 /OUTPUT 32 "y";
P_0x5d4ad4f815a0 .param/l "WIDTH" 0 18 8, +C4<00000000000000000000000000100000>;
v0x5d4ad4f81670_0 .net *"_ivl_1", 0 0, L_0x5d4ad4fb0e10;  1 drivers
v0x5d4ad4f81770_0 .net *"_ivl_3", 0 0, L_0x5d4ad4fb0eb0;  1 drivers
v0x5d4ad4f81850_0 .net *"_ivl_4", 31 0, L_0x5d4ad4fb1060;  1 drivers
v0x5d4ad4f81940_0 .net "d0", 31 0, v0x5d4ad4f769e0_0;  alias, 1 drivers
v0x5d4ad4f81a30_0 .net "d1", 31 0, v0x5d4ad4f770f0_0;  alias, 1 drivers
v0x5d4ad4f81b20_0 .net "d2", 31 0, L_0x5d4ad4fb0d70;  alias, 1 drivers
v0x5d4ad4f81bf0_0 .net "s", 1 0, L_0x5d4ad4f931f0;  alias, 1 drivers
v0x5d4ad4f81c90_0 .net "y", 31 0, L_0x5d4ad4fb1150;  alias, 1 drivers
L_0x5d4ad4fb0e10 .part L_0x5d4ad4f931f0, 1, 1;
L_0x5d4ad4fb0eb0 .part L_0x5d4ad4f931f0, 0, 1;
L_0x5d4ad4fb1060 .functor MUXZ 32, v0x5d4ad4f769e0_0, v0x5d4ad4f770f0_0, L_0x5d4ad4fb0eb0, C4<>;
L_0x5d4ad4fb1150 .functor MUXZ 32, L_0x5d4ad4fb1060, L_0x5d4ad4fb0d70, L_0x5d4ad4fb0e10, C4<>;
S_0x5d4ad4f81e40 .scope module, "mx4" "mux4" 12 180, 19 1 0, S_0x5d4ad4f76190;
 .timescale 0 0;
    .port_info 0 /INPUT 32 "d00";
    .port_info 1 /INPUT 32 "d01";
    .port_info 2 /INPUT 32 "d10";
    .port_info 3 /INPUT 1 "div";
    .port_info 4 /INPUT 1 "shift";
    .port_info 5 /OUTPUT 32 "y";
v0x5d4ad4f82100_0 .net *"_ivl_0", 31 0, L_0x5d4ad4fb0820;  1 drivers
L_0x744e94cd84e8 .functor BUFT 1, C4<0000000000000000000000000000000>, C4<0>, C4<0>, C4<0>;
v0x5d4ad4f82200_0 .net *"_ivl_11", 30 0, L_0x744e94cd84e8;  1 drivers
L_0x744e94cd8530 .functor BUFT 1, C4<00000000000000000000000000000001>, C4<0>, C4<0>, C4<0>;
v0x5d4ad4f822e0_0 .net/2u *"_ivl_12", 31 0, L_0x744e94cd8530;  1 drivers
v0x5d4ad4f823a0_0 .net *"_ivl_14", 0 0, L_0x5d4ad4fb0b40;  1 drivers
v0x5d4ad4f82460_0 .net *"_ivl_16", 31 0, L_0x5d4ad4fb0c80;  1 drivers
L_0x744e94cd8458 .functor BUFT 1, C4<0000000000000000000000000000000>, C4<0>, C4<0>, C4<0>;
v0x5d4ad4f82590_0 .net *"_ivl_3", 30 0, L_0x744e94cd8458;  1 drivers
L_0x744e94cd84a0 .functor BUFT 1, C4<00000000000000000000000000000001>, C4<0>, C4<0>, C4<0>;
v0x5d4ad4f82670_0 .net/2u *"_ivl_4", 31 0, L_0x744e94cd84a0;  1 drivers
v0x5d4ad4f82750_0 .net *"_ivl_6", 0 0, L_0x5d4ad4fb0910;  1 drivers
v0x5d4ad4f82810_0 .net *"_ivl_8", 31 0, L_0x5d4ad4fb0a50;  1 drivers
v0x5d4ad4f828f0_0 .net "d00", 31 0, v0x5d4ad4f7a250_0;  alias, 1 drivers
v0x5d4ad4f829b0_0 .net "d01", 31 0, L_0x5d4ad4fae750;  alias, 1 drivers
v0x5d4ad4f82a50_0 .net "d10", 31 0, L_0x5d4ad4faba10;  alias, 1 drivers
v0x5d4ad4f82b10_0 .net "div", 0 0, v0x5d4ad4f70160_0;  alias, 1 drivers
v0x5d4ad4f82bb0_0 .net "shift", 0 0, v0x5d4ad4f705e0_0;  alias, 1 drivers
v0x5d4ad4f82c50_0 .net "y", 31 0, L_0x5d4ad4fb0d70;  alias, 1 drivers
L_0x5d4ad4fb0820 .concat [ 1 31 0 0], v0x5d4ad4f705e0_0, L_0x744e94cd8458;
L_0x5d4ad4fb0910 .cmp/eq 32, L_0x5d4ad4fb0820, L_0x744e94cd84a0;
L_0x5d4ad4fb0a50 .concat [ 1 31 0 0], v0x5d4ad4f70160_0, L_0x744e94cd84e8;
L_0x5d4ad4fb0b40 .cmp/eq 32, L_0x5d4ad4fb0a50, L_0x744e94cd8530;
L_0x5d4ad4fb0c80 .functor MUXZ 32, v0x5d4ad4f7a250_0, L_0x5d4ad4faba10, L_0x5d4ad4fb0b40, C4<>;
L_0x5d4ad4fb0d70 .functor MUXZ 32, L_0x5d4ad4fb0c80, L_0x5d4ad4fae750, L_0x5d4ad4fb0910, C4<>;
S_0x5d4ad4f82e40 .scope module, "pre_ra1mux" "mux2" 12 82, 13 1 0, S_0x5d4ad4f76190;
 .timescale 0 0;
    .port_info 0 /INPUT 4 "d0";
    .port_info 1 /INPUT 4 "d1";
    .port_info 2 /INPUT 1 "s";
    .port_info 3 /OUTPUT 4 "y";
P_0x5d4ad4f83020 .param/l "WIDTH" 0 13 7, +C4<00000000000000000000000000000100>;
v0x5d4ad4f83160_0 .net "d0", 3 0, L_0x5d4ad4fa6f20;  1 drivers
v0x5d4ad4f83260_0 .net "d1", 3 0, L_0x5d4ad4fa6fc0;  1 drivers
v0x5d4ad4f83340_0 .net "s", 0 0, L_0x5d4ad4fa5650;  alias, 1 drivers
v0x5d4ad4f83460_0 .net "y", 3 0, L_0x5d4ad4fa6d70;  alias, 1 drivers
L_0x5d4ad4fa6d70 .functor MUXZ 4, L_0x5d4ad4fa6f20, L_0x5d4ad4fa6fc0, L_0x5d4ad4fa5650, C4<>;
S_0x5d4ad4f835a0 .scope module, "ra1mux" "mux2" 12 89, 13 1 0, S_0x5d4ad4f76190;
 .timescale 0 0;
    .port_info 0 /INPUT 4 "d0";
    .port_info 1 /INPUT 4 "d1";
    .port_info 2 /INPUT 1 "s";
    .port_info 3 /OUTPUT 4 "y";
P_0x5d4ad4f83780 .param/l "WIDTH" 0 13 7, +C4<00000000000000000000000000000100>;
v0x5d4ad4f838c0_0 .net "d0", 3 0, L_0x5d4ad4fa6d70;  alias, 1 drivers
L_0x744e94cd74e0 .functor BUFT 1, C4<1111>, C4<0>, C4<0>, C4<0>;
v0x5d4ad4f839d0_0 .net "d1", 3 0, L_0x744e94cd74e0;  1 drivers
v0x5d4ad4f83a90_0 .net "s", 0 0, L_0x5d4ad4fa7100;  1 drivers
v0x5d4ad4f83b60_0 .net "y", 3 0, L_0x5d4ad4fa7060;  alias, 1 drivers
L_0x5d4ad4fa7060 .functor MUXZ 4, L_0x5d4ad4fa6d70, L_0x744e94cd74e0, L_0x5d4ad4fa7100, C4<>;
S_0x5d4ad4f83cf0 .scope module, "ra2mux" "mux2_1" 12 95, 20 1 0, S_0x5d4ad4f76190;
 .timescale 0 0;
    .port_info 0 /INPUT 4 "d0";
    .port_info 1 /INPUT 4 "d1";
    .port_info 2 /INPUT 1 "s";
    .port_info 3 /INPUT 1 "x";
    .port_info 4 /OUTPUT 4 "y";
P_0x5d4ad4f83ed0 .param/l "WIDTH" 0 20 8, +C4<00000000000000000000000000000100>;
L_0x5d4ad4fa7610 .functor AND 1, L_0x5d4ad4fa7240, L_0x5d4ad4fa7470, C4<1>, C4<1>;
L_0x5d4ad4fa7c60 .functor AND 1, L_0x5d4ad4fa7860, L_0x5d4ad4fa7ad0, C4<1>, C4<1>;
L_0x5d4ad4fa8250 .functor AND 1, L_0x5d4ad4fa7e60, L_0x5d4ad4fa80a0, C4<1>, C4<1>;
L_0x5d4ad4fa81e0 .functor AND 1, L_0x5d4ad4fa8490, L_0x5d4ad4fa8950, C4<1>, C4<1>;
v0x5d4ad4f84020_0 .net *"_ivl_0", 31 0, L_0x5d4ad4fa71a0;  1 drivers
L_0x744e94cd75b8 .functor BUFT 1, C4<0000000000000000000000000000000>, C4<0>, C4<0>, C4<0>;
v0x5d4ad4f84120_0 .net *"_ivl_11", 30 0, L_0x744e94cd75b8;  1 drivers
L_0x744e94cd7600 .functor BUFT 1, C4<00000000000000000000000000000000>, C4<0>, C4<0>, C4<0>;
v0x5d4ad4f84200_0 .net/2u *"_ivl_12", 31 0, L_0x744e94cd7600;  1 drivers
v0x5d4ad4f842f0_0 .net *"_ivl_14", 0 0, L_0x5d4ad4fa7470;  1 drivers
v0x5d4ad4f843b0_0 .net *"_ivl_17", 0 0, L_0x5d4ad4fa7610;  1 drivers
v0x5d4ad4f844c0_0 .net *"_ivl_18", 31 0, L_0x5d4ad4fa7720;  1 drivers
L_0x744e94cd7648 .functor BUFT 1, C4<0000000000000000000000000000000>, C4<0>, C4<0>, C4<0>;
v0x5d4ad4f845a0_0 .net *"_ivl_21", 30 0, L_0x744e94cd7648;  1 drivers
L_0x744e94cd7690 .functor BUFT 1, C4<00000000000000000000000000000000>, C4<0>, C4<0>, C4<0>;
v0x5d4ad4f84680_0 .net/2u *"_ivl_22", 31 0, L_0x744e94cd7690;  1 drivers
v0x5d4ad4f84760_0 .net *"_ivl_24", 0 0, L_0x5d4ad4fa7860;  1 drivers
v0x5d4ad4f84820_0 .net *"_ivl_26", 31 0, L_0x5d4ad4fa79e0;  1 drivers
L_0x744e94cd76d8 .functor BUFT 1, C4<0000000000000000000000000000000>, C4<0>, C4<0>, C4<0>;
v0x5d4ad4f84900_0 .net *"_ivl_29", 30 0, L_0x744e94cd76d8;  1 drivers
L_0x744e94cd7528 .functor BUFT 1, C4<0000000000000000000000000000000>, C4<0>, C4<0>, C4<0>;
v0x5d4ad4f849e0_0 .net *"_ivl_3", 30 0, L_0x744e94cd7528;  1 drivers
L_0x744e94cd7720 .functor BUFT 1, C4<00000000000000000000000000000000>, C4<0>, C4<0>, C4<0>;
v0x5d4ad4f84ac0_0 .net/2u *"_ivl_30", 31 0, L_0x744e94cd7720;  1 drivers
v0x5d4ad4f84ba0_0 .net *"_ivl_32", 0 0, L_0x5d4ad4fa7ad0;  1 drivers
v0x5d4ad4f84c60_0 .net *"_ivl_35", 0 0, L_0x5d4ad4fa7c60;  1 drivers
v0x5d4ad4f84d20_0 .net *"_ivl_36", 31 0, L_0x5d4ad4fa7d70;  1 drivers
L_0x744e94cd7768 .functor BUFT 1, C4<0000000000000000000000000000000>, C4<0>, C4<0>, C4<0>;
v0x5d4ad4f84e00_0 .net *"_ivl_39", 30 0, L_0x744e94cd7768;  1 drivers
L_0x744e94cd7570 .functor BUFT 1, C4<00000000000000000000000000000001>, C4<0>, C4<0>, C4<0>;
v0x5d4ad4f84ff0_0 .net/2u *"_ivl_4", 31 0, L_0x744e94cd7570;  1 drivers
L_0x744e94cd77b0 .functor BUFT 1, C4<00000000000000000000000000000001>, C4<0>, C4<0>, C4<0>;
v0x5d4ad4f850d0_0 .net/2u *"_ivl_40", 31 0, L_0x744e94cd77b0;  1 drivers
v0x5d4ad4f851b0_0 .net *"_ivl_42", 0 0, L_0x5d4ad4fa7e60;  1 drivers
v0x5d4ad4f85270_0 .net *"_ivl_44", 31 0, L_0x5d4ad4fa8000;  1 drivers
L_0x744e94cd77f8 .functor BUFT 1, C4<0000000000000000000000000000000>, C4<0>, C4<0>, C4<0>;
v0x5d4ad4f85350_0 .net *"_ivl_47", 30 0, L_0x744e94cd77f8;  1 drivers
L_0x744e94cd7840 .functor BUFT 1, C4<00000000000000000000000000000001>, C4<0>, C4<0>, C4<0>;
v0x5d4ad4f85430_0 .net/2u *"_ivl_48", 31 0, L_0x744e94cd7840;  1 drivers
v0x5d4ad4f85510_0 .net *"_ivl_50", 0 0, L_0x5d4ad4fa80a0;  1 drivers
v0x5d4ad4f855d0_0 .net *"_ivl_53", 0 0, L_0x5d4ad4fa8250;  1 drivers
v0x5d4ad4f85690_0 .net *"_ivl_54", 31 0, L_0x5d4ad4fa8360;  1 drivers
L_0x744e94cd7888 .functor BUFT 1, C4<0000000000000000000000000000000>, C4<0>, C4<0>, C4<0>;
v0x5d4ad4f85770_0 .net *"_ivl_57", 30 0, L_0x744e94cd7888;  1 drivers
L_0x744e94cd78d0 .functor BUFT 1, C4<00000000000000000000000000000000>, C4<0>, C4<0>, C4<0>;
v0x5d4ad4f85850_0 .net/2u *"_ivl_58", 31 0, L_0x744e94cd78d0;  1 drivers
v0x5d4ad4f85930_0 .net *"_ivl_6", 0 0, L_0x5d4ad4fa7240;  1 drivers
v0x5d4ad4f859f0_0 .net *"_ivl_60", 0 0, L_0x5d4ad4fa8490;  1 drivers
v0x5d4ad4f85ab0_0 .net *"_ivl_62", 31 0, L_0x5d4ad4fa8650;  1 drivers
L_0x744e94cd7918 .functor BUFT 1, C4<0000000000000000000000000000000>, C4<0>, C4<0>, C4<0>;
v0x5d4ad4f85b90_0 .net *"_ivl_65", 30 0, L_0x744e94cd7918;  1 drivers
L_0x744e94cd7960 .functor BUFT 1, C4<00000000000000000000000000000001>, C4<0>, C4<0>, C4<0>;
v0x5d4ad4f85c70_0 .net/2u *"_ivl_66", 31 0, L_0x744e94cd7960;  1 drivers
v0x5d4ad4f85f60_0 .net *"_ivl_68", 0 0, L_0x5d4ad4fa8950;  1 drivers
v0x5d4ad4f86020_0 .net *"_ivl_71", 0 0, L_0x5d4ad4fa81e0;  1 drivers
v0x5d4ad4f860e0_0 .net *"_ivl_72", 3 0, L_0x5d4ad4fa8c20;  1 drivers
v0x5d4ad4f861c0_0 .net *"_ivl_74", 3 0, L_0x5d4ad4fa8d10;  1 drivers
v0x5d4ad4f862a0_0 .net *"_ivl_76", 3 0, L_0x5d4ad4fa8f40;  1 drivers
v0x5d4ad4f86380_0 .net *"_ivl_8", 31 0, L_0x5d4ad4fa7380;  1 drivers
v0x5d4ad4f86460_0 .net "d0", 3 0, L_0x5d4ad4fa8db0;  1 drivers
v0x5d4ad4f86540_0 .net "d1", 3 0, L_0x5d4ad4fa92f0;  1 drivers
v0x5d4ad4f86620_0 .net "s", 0 0, L_0x5d4ad4fa9390;  1 drivers
v0x5d4ad4f866e0_0 .net "x", 0 0, L_0x5d4ad4fa5650;  alias, 1 drivers
v0x5d4ad4f86780_0 .net "y", 3 0, L_0x5d4ad4fa9080;  alias, 1 drivers
L_0x5d4ad4fa71a0 .concat [ 1 31 0 0], L_0x5d4ad4fa9390, L_0x744e94cd7528;
L_0x5d4ad4fa7240 .cmp/eq 32, L_0x5d4ad4fa71a0, L_0x744e94cd7570;
L_0x5d4ad4fa7380 .concat [ 1 31 0 0], L_0x5d4ad4fa5650, L_0x744e94cd75b8;
L_0x5d4ad4fa7470 .cmp/eq 32, L_0x5d4ad4fa7380, L_0x744e94cd7600;
L_0x5d4ad4fa7720 .concat [ 1 31 0 0], L_0x5d4ad4fa9390, L_0x744e94cd7648;
L_0x5d4ad4fa7860 .cmp/eq 32, L_0x5d4ad4fa7720, L_0x744e94cd7690;
L_0x5d4ad4fa79e0 .concat [ 1 31 0 0], L_0x5d4ad4fa5650, L_0x744e94cd76d8;
L_0x5d4ad4fa7ad0 .cmp/eq 32, L_0x5d4ad4fa79e0, L_0x744e94cd7720;
L_0x5d4ad4fa7d70 .concat [ 1 31 0 0], L_0x5d4ad4fa9390, L_0x744e94cd7768;
L_0x5d4ad4fa7e60 .cmp/eq 32, L_0x5d4ad4fa7d70, L_0x744e94cd77b0;
L_0x5d4ad4fa8000 .concat [ 1 31 0 0], L_0x5d4ad4fa5650, L_0x744e94cd77f8;
L_0x5d4ad4fa80a0 .cmp/eq 32, L_0x5d4ad4fa8000, L_0x744e94cd7840;
L_0x5d4ad4fa8360 .concat [ 1 31 0 0], L_0x5d4ad4fa9390, L_0x744e94cd7888;
L_0x5d4ad4fa8490 .cmp/eq 32, L_0x5d4ad4fa8360, L_0x744e94cd78d0;
L_0x5d4ad4fa8650 .concat [ 1 31 0 0], L_0x5d4ad4fa5650, L_0x744e94cd7918;
L_0x5d4ad4fa8950 .cmp/eq 32, L_0x5d4ad4fa8650, L_0x744e94cd7960;
L_0x5d4ad4fa8c20 .functor MUXZ 4, L_0x5d4ad4fa8db0, L_0x5d4ad4fa92f0, L_0x5d4ad4fa81e0, C4<>;
L_0x5d4ad4fa8d10 .functor MUXZ 4, L_0x5d4ad4fa8c20, L_0x5d4ad4fa8db0, L_0x5d4ad4fa8250, C4<>;
L_0x5d4ad4fa8f40 .functor MUXZ 4, L_0x5d4ad4fa8d10, L_0x5d4ad4fa8db0, L_0x5d4ad4fa7c60, C4<>;
L_0x5d4ad4fa9080 .functor MUXZ 4, L_0x5d4ad4fa8f40, L_0x5d4ad4fa92f0, L_0x5d4ad4fa7610, C4<>;
S_0x5d4ad4f86900 .scope module, "ra4mux" "mux2" 12 102, 13 1 0, S_0x5d4ad4f76190;
 .timescale 0 0;
    .port_info 0 /INPUT 4 "d0";
    .port_info 1 /INPUT 4 "d1";
    .port_info 2 /INPUT 1 "s";
    .port_info 3 /OUTPUT 4 "y";
P_0x5d4ad4f86a90 .param/l "WIDTH" 0 13 7, +C4<00000000000000000000000000000100>;
v0x5d4ad4f86bd0_0 .net "d0", 3 0, L_0x5d4ad4fa9510;  1 drivers
v0x5d4ad4f86cd0_0 .net "d1", 3 0, L_0x5d4ad4fa95b0;  1 drivers
v0x5d4ad4f86db0_0 .net "s", 0 0, L_0x5d4ad4fa5650;  alias, 1 drivers
v0x5d4ad4f86e80_0 .net "y", 3 0, L_0x5d4ad4fa9470;  alias, 1 drivers
L_0x5d4ad4fa9470 .functor MUXZ 4, L_0x5d4ad4fa9510, L_0x5d4ad4fa95b0, L_0x5d4ad4fa5650, C4<>;
S_0x5d4ad4f86ff0 .scope module, "rf" "regfile" 12 109, 21 1 0, S_0x5d4ad4f76190;
 .timescale 0 0;
    .port_info 0 /INPUT 1 "clk";
    .port_info 1 /INPUT 1 "we4";
    .port_info 2 /INPUT 4 "ra1";
    .port_info 3 /INPUT 4 "ra2";
    .port_info 4 /INPUT 4 "ra3";
    .port_info 5 /INPUT 4 "wa4";
    .port_info 6 /INPUT 32 "wd4";
    .port_info 7 /INPUT 32 "r15";
    .port_info 8 /OUTPUT 32 "rd1";
    .port_info 9 /OUTPUT 32 "rd2";
    .port_info 10 /OUTPUT 32 "rd3";
L_0x744e94cd79a8 .functor BUFT 1, C4<1111>, C4<0>, C4<0>, C4<0>;
v0x5d4ad4f871c0_0 .net/2u *"_ivl_0", 3 0, L_0x744e94cd79a8;  1 drivers
L_0x744e94cd7a38 .functor BUFT 1, C4<1111>, C4<0>, C4<0>, C4<0>;
v0x5d4ad4f872c0_0 .net/2u *"_ivl_12", 3 0, L_0x744e94cd7a38;  1 drivers
v0x5d4ad4f873a0_0 .net *"_ivl_14", 0 0, L_0x5d4ad4fa9ab0;  1 drivers
v0x5d4ad4f87440_0 .net *"_ivl_16", 31 0, L_0x5d4ad4fa9be0;  1 drivers
v0x5d4ad4f87520_0 .net *"_ivl_18", 5 0, L_0x5d4ad4fa9cc0;  1 drivers
v0x5d4ad4f87650_0 .net *"_ivl_2", 0 0, L_0x5d4ad4fa96f0;  1 drivers
L_0x744e94cd7a80 .functor BUFT 1, C4<00>, C4<0>, C4<0>, C4<0>;
v0x5d4ad4f87710_0 .net *"_ivl_21", 1 0, L_0x744e94cd7a80;  1 drivers
L_0x744e94cd7ac8 .functor BUFT 1, C4<1111>, C4<0>, C4<0>, C4<0>;
v0x5d4ad4f877f0_0 .net/2u *"_ivl_24", 3 0, L_0x744e94cd7ac8;  1 drivers
v0x5d4ad4f878d0_0 .net *"_ivl_26", 0 0, L_0x5d4ad4faa0a0;  1 drivers
v0x5d4ad4f87a20_0 .net *"_ivl_28", 31 0, L_0x5d4ad4faa190;  1 drivers
v0x5d4ad4f87b00_0 .net *"_ivl_30", 5 0, L_0x5d4ad4faa290;  1 drivers
L_0x744e94cd7b10 .functor BUFT 1, C4<00>, C4<0>, C4<0>, C4<0>;
v0x5d4ad4f87be0_0 .net *"_ivl_33", 1 0, L_0x744e94cd7b10;  1 drivers
v0x5d4ad4f87cc0_0 .net *"_ivl_4", 31 0, L_0x5d4ad4fa9790;  1 drivers
v0x5d4ad4f87da0_0 .net *"_ivl_6", 5 0, L_0x5d4ad4fa9830;  1 drivers
L_0x744e94cd79f0 .functor BUFT 1, C4<00>, C4<0>, C4<0>, C4<0>;
v0x5d4ad4f87e80_0 .net *"_ivl_9", 1 0, L_0x744e94cd79f0;  1 drivers
v0x5d4ad4f87f60_0 .net "clk", 0 0, v0x5d4ad4f92a70_0;  alias, 1 drivers
v0x5d4ad4f88000_0 .net "r15", 31 0, L_0x5d4ad4fb1150;  alias, 1 drivers
v0x5d4ad4f881d0_0 .net "ra1", 3 0, L_0x5d4ad4fa7060;  alias, 1 drivers
v0x5d4ad4f88290_0 .net "ra2", 3 0, L_0x5d4ad4fa9080;  alias, 1 drivers
v0x5d4ad4f88360_0 .net "ra3", 3 0, L_0x5d4ad4faa580;  1 drivers
v0x5d4ad4f88420_0 .net "rd1", 31 0, L_0x5d4ad4fa9970;  alias, 1 drivers
v0x5d4ad4f88510_0 .net "rd2", 31 0, L_0x5d4ad4fa9e00;  alias, 1 drivers
v0x5d4ad4f885e0_0 .net "rd3", 31 0, L_0x5d4ad4faa3d0;  alias, 1 drivers
v0x5d4ad4f886b0 .array "rf", 0 14, 31 0;
v0x5d4ad4f88750_0 .net "wa4", 3 0, L_0x5d4ad4fa9470;  alias, 1 drivers
v0x5d4ad4f88840_0 .net "wd4", 31 0, L_0x5d4ad4fb1150;  alias, 1 drivers
v0x5d4ad4f888e0_0 .net "we4", 0 0, L_0x5d4ad4fa65d0;  alias, 1 drivers
E_0x5d4ad4f82020 .event posedge, v0x5d4ad4f6c030_0;
L_0x5d4ad4fa96f0 .cmp/eq 4, L_0x5d4ad4fa7060, L_0x744e94cd79a8;
L_0x5d4ad4fa9790 .array/port v0x5d4ad4f886b0, L_0x5d4ad4fa9830;
L_0x5d4ad4fa9830 .concat [ 4 2 0 0], L_0x5d4ad4fa7060, L_0x744e94cd79f0;
L_0x5d4ad4fa9970 .functor MUXZ 32, L_0x5d4ad4fa9790, L_0x5d4ad4fb1150, L_0x5d4ad4fa96f0, C4<>;
L_0x5d4ad4fa9ab0 .cmp/eq 4, L_0x5d4ad4fa9080, L_0x744e94cd7a38;
L_0x5d4ad4fa9be0 .array/port v0x5d4ad4f886b0, L_0x5d4ad4fa9cc0;
L_0x5d4ad4fa9cc0 .concat [ 4 2 0 0], L_0x5d4ad4fa9080, L_0x744e94cd7a80;
L_0x5d4ad4fa9e00 .functor MUXZ 32, L_0x5d4ad4fa9be0, L_0x5d4ad4fb1150, L_0x5d4ad4fa9ab0, C4<>;
L_0x5d4ad4faa0a0 .cmp/eq 4, L_0x5d4ad4faa580, L_0x744e94cd7ac8;
L_0x5d4ad4faa190 .array/port v0x5d4ad4f886b0, L_0x5d4ad4faa290;
L_0x5d4ad4faa290 .concat [ 4 2 0 0], L_0x5d4ad4faa580, L_0x744e94cd7b10;
L_0x5d4ad4faa3d0 .functor MUXZ 32, L_0x5d4ad4faa190, L_0x5d4ad4fb1150, L_0x5d4ad4faa0a0, C4<>;
S_0x5d4ad4f88b40 .scope module, "rotation" "rotate" 12 163, 22 1 0, S_0x5d4ad4f76190;
 .timescale 0 0;
    .port_info 0 /INPUT 32 "ExtImm";
    .port_info 1 /INPUT 4 "rot";
    .port_info 2 /OUTPUT 32 "ExtImm_rot";
L_0x5d4ad4fad6d0 .functor OR 32, L_0x5d4ad4fadb10, L_0x5d4ad4fae150, C4<00000000000000000000000000000000>, C4<00000000000000000000000000000000>;
v0x5d4ad4f88d40_0 .net "ExtImm", 31 0, v0x5d4ad4f7f3c0_0;  alias, 1 drivers
v0x5d4ad4f88e20_0 .net "ExtImm_rot", 31 0, L_0x5d4ad4fad6d0;  alias, 1 drivers
v0x5d4ad4f88ef0_0 .net *"_ivl_0", 31 0, L_0x5d4ad4fadb10;  1 drivers
v0x5d4ad4f88fc0_0 .net *"_ivl_10", 31 0, L_0x5d4ad4fae150;  1 drivers
L_0x744e94cd81d0 .functor BUFT 1, C4<00000000000000000000000000100000>, C4<0>, C4<0>, C4<0>;
v0x5d4ad4f890a0_0 .net/2u *"_ivl_2", 31 0, L_0x744e94cd81d0;  1 drivers
v0x5d4ad4f891d0_0 .net *"_ivl_4", 31 0, L_0x5d4ad4fadbb0;  1 drivers
L_0x744e94cd8218 .functor BUFT 1, C4<0000000000000000000000000000>, C4<0>, C4<0>, C4<0>;
v0x5d4ad4f892b0_0 .net *"_ivl_7", 27 0, L_0x744e94cd8218;  1 drivers
v0x5d4ad4f89390_0 .net *"_ivl_8", 31 0, L_0x5d4ad4fae060;  1 drivers
v0x5d4ad4f89470_0 .net "rot", 3 0, L_0x5d4ad4fae320;  1 drivers
L_0x5d4ad4fadb10 .shift/r 32, v0x5d4ad4f7f3c0_0, L_0x5d4ad4fae320;
L_0x5d4ad4fadbb0 .concat [ 4 28 0 0], L_0x5d4ad4fae320, L_0x744e94cd8218;
L_0x5d4ad4fae060 .arith/sub 32, L_0x744e94cd81d0, L_0x5d4ad4fadbb0;
L_0x5d4ad4fae150 .shift/l 32, v0x5d4ad4f7f3c0_0, L_0x5d4ad4fae060;
S_0x5d4ad4f89660 .scope module, "shift" "shifter" 12 147, 23 40 0, S_0x5d4ad4f76190;
 .timescale 0 0;
    .port_info 0 /INPUT 32 "rs";
    .port_info 1 /INPUT 5 "shamt5";
    .port_info 2 /INPUT 2 "sh";
    .port_info 3 /INPUT 1 "op";
    .port_info 4 /INPUT 1 "op1";
    .port_info 5 /INPUT 32 "rm";
    .port_info 6 /OUTPUT 32 "y";
L_0x744e94cd80b0 .functor BUFT 1, C4<00>, C4<0>, C4<0>, C4<0>;
v0x5d4ad4f8bfb0_0 .net/2u *"_ivl_0", 1 0, L_0x744e94cd80b0;  1 drivers
v0x5d4ad4f8c090_0 .net *"_ivl_10", 0 0, L_0x5d4ad4facfe0;  1 drivers
L_0x744e94cd8188 .functor BUFT 1, C4<00000000000000000000000000000000>, C4<0>, C4<0>, C4<0>;
v0x5d4ad4f8c150_0 .net/2u *"_ivl_12", 31 0, L_0x744e94cd8188;  1 drivers
v0x5d4ad4f8c210_0 .net *"_ivl_14", 31 0, L_0x5d4ad4fad0d0;  1 drivers
v0x5d4ad4f8c2f0_0 .net *"_ivl_16", 31 0, L_0x5d4ad4fad210;  1 drivers
v0x5d4ad4f8c420_0 .net *"_ivl_2", 0 0, L_0x5d4ad4facdb0;  1 drivers
L_0x744e94cd80f8 .functor BUFT 1, C4<01>, C4<0>, C4<0>, C4<0>;
v0x5d4ad4f8c4e0_0 .net/2u *"_ivl_4", 1 0, L_0x744e94cd80f8;  1 drivers
v0x5d4ad4f8c5c0_0 .net *"_ivl_6", 0 0, L_0x5d4ad4facea0;  1 drivers
L_0x744e94cd8140 .functor BUFT 1, C4<10>, C4<0>, C4<0>, C4<0>;
v0x5d4ad4f8c680_0 .net/2u *"_ivl_8", 1 0, L_0x744e94cd8140;  1 drivers
v0x5d4ad4f8c760_0 .net "asr_shift", 31 0, L_0x5d4ad4facaa0;  1 drivers
v0x5d4ad4f8c820_0 .net "lsl_shift", 31 0, L_0x5d4ad4fac8c0;  1 drivers
v0x5d4ad4f8c8f0_0 .net "lsr_shift", 31 0, L_0x5d4ad4fac9b0;  1 drivers
v0x5d4ad4f8c9c0_0 .net "op", 0 0, L_0x5d4ad4fad630;  1 drivers
v0x5d4ad4f8ca90_0 .net "op1", 0 0, L_0x5d4ad4fad740;  1 drivers
v0x5d4ad4f8cb60_0 .net "rm", 31 0, v0x5d4ad4f78e40_0;  alias, 1 drivers
v0x5d4ad4f8cc90_0 .net "rs", 31 0, v0x5d4ad4f794d0_0;  alias, 1 drivers
v0x5d4ad4f8cd30_0 .net "sh", 1 0, L_0x5d4ad4fad590;  1 drivers
v0x5d4ad4f8cf00_0 .net "shamt5", 4 0, L_0x5d4ad4fad490;  1 drivers
v0x5d4ad4f8cff0_0 .net "shift_offset", 31 0, L_0x5d4ad4fac730;  1 drivers
v0x5d4ad4f8d090_0 .net "y", 31 0, L_0x5d4ad4fad350;  alias, 1 drivers
L_0x5d4ad4facdb0 .cmp/eq 2, L_0x5d4ad4fad590, L_0x744e94cd80b0;
L_0x5d4ad4facea0 .cmp/eq 2, L_0x5d4ad4fad590, L_0x744e94cd80f8;
L_0x5d4ad4facfe0 .cmp/eq 2, L_0x5d4ad4fad590, L_0x744e94cd8140;
L_0x5d4ad4fad0d0 .functor MUXZ 32, L_0x744e94cd8188, L_0x5d4ad4facaa0, L_0x5d4ad4facfe0, C4<>;
L_0x5d4ad4fad210 .functor MUXZ 32, L_0x5d4ad4fad0d0, L_0x5d4ad4fac9b0, L_0x5d4ad4facea0, C4<>;
L_0x5d4ad4fad350 .functor MUXZ 32, L_0x5d4ad4fad210, L_0x5d4ad4fac8c0, L_0x5d4ad4facdb0, C4<>;
S_0x5d4ad4f89830 .scope module, "a" "asr" 23 53, 23 19 0, S_0x5d4ad4f89660;
 .timescale 0 0;
    .port_info 0 /INPUT 32 "rm";
    .port_info 1 /INPUT 32 "shift_offset";
    .port_info 2 /OUTPUT 32 "asr_value";
v0x5d4ad4f89a80_0 .net "asr_value", 31 0, L_0x5d4ad4facaa0;  alias, 1 drivers
v0x5d4ad4f89b80_0 .net "rm", 31 0, v0x5d4ad4f78e40_0;  alias, 1 drivers
v0x5d4ad4f89c40_0 .net "shift_offset", 31 0, L_0x5d4ad4fac730;  alias, 1 drivers
L_0x5d4ad4facaa0 .shift/r 32, v0x5d4ad4f78e40_0, L_0x5d4ad4fac730;
S_0x5d4ad4f89d90 .scope module, "l" "lsl" 23 51, 23 1 0, S_0x5d4ad4f89660;
 .timescale 0 0;
    .port_info 0 /INPUT 32 "rm";
    .port_info 1 /INPUT 32 "shift_offset";
    .port_info 2 /OUTPUT 32 "lsl_value";
v0x5d4ad4f89fc0_0 .net "lsl_value", 31 0, L_0x5d4ad4fac8c0;  alias, 1 drivers
v0x5d4ad4f8a0c0_0 .net "rm", 31 0, v0x5d4ad4f78e40_0;  alias, 1 drivers
v0x5d4ad4f8a1d0_0 .net "shift_offset", 31 0, L_0x5d4ad4fac730;  alias, 1 drivers
L_0x5d4ad4fac8c0 .shift/l 32, v0x5d4ad4f78e40_0, L_0x5d4ad4fac730;
S_0x5d4ad4f8a300 .scope module, "mx_sh" "mux_shift" 23 50, 23 28 0, S_0x5d4ad4f89660;
 .timescale 0 0;
    .port_info 0 /INPUT 32 "rs";
    .port_info 1 /INPUT 5 "shamt5";
    .port_info 2 /INPUT 1 "op";
    .port_info 3 /INPUT 1 "op1";
    .port_info 4 /OUTPUT 32 "value2shift";
L_0x5d4ad4fac490 .functor AND 1, L_0x5d4ad4fac090, L_0x5d4ad4fac350, C4<1>, C4<1>;
v0x5d4ad4f8a5c0_0 .net *"_ivl_0", 31 0, L_0x5d4ad4fabc30;  1 drivers
v0x5d4ad4f8a680_0 .net *"_ivl_10", 31 0, L_0x5d4ad4fabe60;  1 drivers
v0x5d4ad4f8a760_0 .net *"_ivl_12", 31 0, L_0x5d4ad4fabfa0;  1 drivers
L_0x744e94cd7f48 .functor BUFT 1, C4<0000000000000000000000000000000>, C4<0>, C4<0>, C4<0>;
v0x5d4ad4f8a850_0 .net *"_ivl_15", 30 0, L_0x744e94cd7f48;  1 drivers
L_0x744e94cd7f90 .functor BUFT 1, C4<00000000000000000000000000000001>, C4<0>, C4<0>, C4<0>;
v0x5d4ad4f8a930_0 .net/2u *"_ivl_16", 31 0, L_0x744e94cd7f90;  1 drivers
v0x5d4ad4f8aa60_0 .net *"_ivl_18", 0 0, L_0x5d4ad4fac090;  1 drivers
v0x5d4ad4f8ab20_0 .net *"_ivl_20", 31 0, L_0x5d4ad4fac1d0;  1 drivers
L_0x744e94cd7fd8 .functor BUFT 1, C4<0000000000000000000000000000000>, C4<0>, C4<0>, C4<0>;
v0x5d4ad4f8ac00_0 .net *"_ivl_23", 30 0, L_0x744e94cd7fd8;  1 drivers
L_0x744e94cd8020 .functor BUFT 1, C4<00000000000000000000000000000001>, C4<0>, C4<0>, C4<0>;
v0x5d4ad4f8ace0_0 .net/2u *"_ivl_24", 31 0, L_0x744e94cd8020;  1 drivers
v0x5d4ad4f8ae50_0 .net *"_ivl_26", 0 0, L_0x5d4ad4fac350;  1 drivers
v0x5d4ad4f8af10_0 .net *"_ivl_29", 0 0, L_0x5d4ad4fac490;  1 drivers
L_0x744e94cd7e70 .functor BUFT 1, C4<0000000000000000000000000000000>, C4<0>, C4<0>, C4<0>;
v0x5d4ad4f8afd0_0 .net *"_ivl_3", 30 0, L_0x744e94cd7e70;  1 drivers
L_0x744e94cd8068 .functor BUFT 1, C4<00000000000000000000000000000000>, C4<0>, C4<0>, C4<0>;
v0x5d4ad4f8b0b0_0 .net/2u *"_ivl_30", 31 0, L_0x744e94cd8068;  1 drivers
v0x5d4ad4f8b190_0 .net *"_ivl_32", 31 0, L_0x5d4ad4fac5a0;  1 drivers
L_0x744e94cd7eb8 .functor BUFT 1, C4<00000000000000000000000000000000>, C4<0>, C4<0>, C4<0>;
v0x5d4ad4f8b270_0 .net/2u *"_ivl_4", 31 0, L_0x744e94cd7eb8;  1 drivers
v0x5d4ad4f8b350_0 .net *"_ivl_6", 0 0, L_0x5d4ad4fabd20;  1 drivers
L_0x744e94cd7f00 .functor BUFT 1, C4<000000000000000000000000000>, C4<0>, C4<0>, C4<0>;
v0x5d4ad4f8b410_0 .net/2u *"_ivl_8", 26 0, L_0x744e94cd7f00;  1 drivers
v0x5d4ad4f8b600_0 .net "op", 0 0, L_0x5d4ad4fad630;  alias, 1 drivers
v0x5d4ad4f8b6c0_0 .net "op1", 0 0, L_0x5d4ad4fad740;  alias, 1 drivers
v0x5d4ad4f8b780_0 .net "rs", 31 0, v0x5d4ad4f794d0_0;  alias, 1 drivers
v0x5d4ad4f8b840_0 .net "shamt5", 4 0, L_0x5d4ad4fad490;  alias, 1 drivers
v0x5d4ad4f8b920_0 .net "value2shift", 31 0, L_0x5d4ad4fac730;  alias, 1 drivers
L_0x5d4ad4fabc30 .concat [ 1 31 0 0], L_0x5d4ad4fad630, L_0x744e94cd7e70;
L_0x5d4ad4fabd20 .cmp/eq 32, L_0x5d4ad4fabc30, L_0x744e94cd7eb8;
L_0x5d4ad4fabe60 .concat [ 5 27 0 0], L_0x5d4ad4fad490, L_0x744e94cd7f00;
L_0x5d4ad4fabfa0 .concat [ 1 31 0 0], L_0x5d4ad4fad630, L_0x744e94cd7f48;
L_0x5d4ad4fac090 .cmp/eq 32, L_0x5d4ad4fabfa0, L_0x744e94cd7f90;
L_0x5d4ad4fac1d0 .concat [ 1 31 0 0], L_0x5d4ad4fad740, L_0x744e94cd7fd8;
L_0x5d4ad4fac350 .cmp/eq 32, L_0x5d4ad4fac1d0, L_0x744e94cd8020;
L_0x5d4ad4fac5a0 .functor MUXZ 32, v0x5d4ad4f794d0_0, L_0x744e94cd8068, L_0x5d4ad4fac490, C4<>;
L_0x5d4ad4fac730 .functor MUXZ 32, L_0x5d4ad4fac5a0, L_0x5d4ad4fabe60, L_0x5d4ad4fabd20, C4<>;
S_0x5d4ad4f8ba80 .scope module, "r" "lsr" 23 52, 23 10 0, S_0x5d4ad4f89660;
 .timescale 0 0;
    .port_info 0 /INPUT 32 "rm";
    .port_info 1 /INPUT 32 "shift_offset";
    .port_info 2 /OUTPUT 32 "lsr_value";
v0x5d4ad4f8bcd0_0 .net "lsr_value", 31 0, L_0x5d4ad4fac9b0;  alias, 1 drivers
v0x5d4ad4f8bdd0_0 .net "rm", 31 0, v0x5d4ad4f78e40_0;  alias, 1 drivers
v0x5d4ad4f8be90_0 .net "shift_offset", 31 0, L_0x5d4ad4fac730;  alias, 1 drivers
L_0x5d4ad4fac9b0 .shift/r 32, v0x5d4ad4f78e40_0, L_0x5d4ad4fac730;
S_0x5d4ad4f91670 .scope module, "mem" "mem" 3 26, 24 1 0, S_0x5d4ad4ef6130;
 .timescale 0 0;
    .port_info 0 /INPUT 1 "clk";
    .port_info 1 /INPUT 1 "we";
    .port_info 2 /INPUT 32 "a";
    .port_info 3 /INPUT 32 "wd";
    .port_info 4 /OUTPUT 32 "rd";
L_0x5d4ad4fb1420 .functor BUFZ 32, L_0x5d4ad4fb1290, C4<00000000000000000000000000000000>, C4<00000000000000000000000000000000>, C4<00000000000000000000000000000000>;
v0x5d4ad4f918a0 .array "RAM", 63 0, 31 0;
v0x5d4ad4f91960_0 .net *"_ivl_0", 31 0, L_0x5d4ad4fb1290;  1 drivers
v0x5d4ad4f91a40_0 .net *"_ivl_3", 29 0, L_0x5d4ad4fb1330;  1 drivers
v0x5d4ad4f91b00_0 .net "a", 31 0, L_0x5d4ad4fa6c40;  alias, 1 drivers
v0x5d4ad4f91bc0_0 .net "clk", 0 0, v0x5d4ad4f92a70_0;  alias, 1 drivers
v0x5d4ad4f91c60_0 .net "rd", 31 0, L_0x5d4ad4fb1420;  alias, 1 drivers
v0x5d4ad4f91db0_0 .net "wd", 31 0, L_0x5d4ad4fad350;  alias, 1 drivers
v0x5d4ad4f91f00_0 .net "we", 0 0, L_0x5d4ad4fa6640;  alias, 1 drivers
L_0x5d4ad4fb1290 .array/port v0x5d4ad4f918a0, L_0x5d4ad4fb1330;
L_0x5d4ad4fb1330 .part L_0x5d4ad4fa6c40, 2, 30;
    .scope S_0x5d4ad4f6e6e0;
T_0 ;
    %wait E_0x5d4ad4f64910;
    %load/vec4 v0x5d4ad4f70480_0;
    %flag_set/vec4 8;
    %jmp/0xz  T_0.0, 8;
    %pushi/vec4 0, 0, 5;
    %assign/vec4 v0x5d4ad4f706a0_0, 0;
    %jmp T_0.1;
T_0.0 ;
    %load/vec4 v0x5d4ad4f703a0_0;
    %assign/vec4 v0x5d4ad4f706a0_0, 0;
T_0.1 ;
    %jmp T_0;
    .thread T_0;
    .scope S_0x5d4ad4f6e6e0;
T_1 ;
    %wait E_0x5d4ad4ec5490;
    %load/vec4 v0x5d4ad4f706a0_0;
    %dup/vec4;
    %pushi/vec4 0, 0, 5;
    %cmp/x;
    %jmp/1 T_1.0, 4;
    %dup/vec4;
    %pushi/vec4 1, 0, 5;
    %cmp/x;
    %jmp/1 T_1.1, 4;
    %dup/vec4;
    %pushi/vec4 6, 0, 5;
    %cmp/x;
    %jmp/1 T_1.2, 4;
    %dup/vec4;
    %pushi/vec4 7, 0, 5;
    %cmp/x;
    %jmp/1 T_1.3, 4;
    %dup/vec4;
    %pushi/vec4 2, 0, 5;
    %cmp/x;
    %jmp/1 T_1.4, 4;
    %dup/vec4;
    %pushi/vec4 3, 0, 5;
    %cmp/x;
    %jmp/1 T_1.5, 4;
    %dup/vec4;
    %pushi/vec4 4, 0, 5;
    %cmp/x;
    %jmp/1 T_1.6, 4;
    %dup/vec4;
    %pushi/vec4 5, 0, 5;
    %cmp/x;
    %jmp/1 T_1.7, 4;
    %dup/vec4;
    %pushi/vec4 8, 0, 5;
    %cmp/x;
    %jmp/1 T_1.8, 4;
    %dup/vec4;
    %pushi/vec4 9, 0, 5;
    %cmp/x;
    %jmp/1 T_1.9, 4;
    %pushi/vec4 0, 0, 5;
    %store/vec4 v0x5d4ad4f703a0_0, 0, 5;
    %jmp T_1.11;
T_1.0 ;
    %pushi/vec4 1, 0, 5;
    %store/vec4 v0x5d4ad4f703a0_0, 0, 5;
    %jmp T_1.11;
T_1.1 ;
    %load/vec4 v0x5d4ad4f6fb30_0;
    %dup/vec4;
    %pushi/vec4 0, 0, 2;
    %cmp/u;
    %jmp/1 T_1.12, 6;
    %dup/vec4;
    %pushi/vec4 1, 0, 2;
    %cmp/u;
    %jmp/1 T_1.13, 6;
    %dup/vec4;
    %pushi/vec4 2, 0, 2;
    %cmp/u;
    %jmp/1 T_1.14, 6;
    %pushi/vec4 0, 0, 5;
    %store/vec4 v0x5d4ad4f703a0_0, 0, 5;
    %jmp T_1.16;
T_1.12 ;
    %load/vec4 v0x5d4ad4f6f740_0;
    %parti/s 1, 5, 4;
    %flag_set/vec4 8;
    %jmp/0xz  T_1.17, 8;
    %pushi/vec4 7, 0, 5;
    %store/vec4 v0x5d4ad4f703a0_0, 0, 5;
    %jmp T_1.18;
T_1.17 ;
    %pushi/vec4 6, 0, 5;
    %store/vec4 v0x5d4ad4f703a0_0, 0, 5;
T_1.18 ;
    %jmp T_1.16;
T_1.13 ;
    %load/vec4 v0x5d4ad4f6f740_0;
    %parti/s 4, 2, 3;
    %cmpi/e 12, 0, 4;
    %flag_get/vec4 4;
    %jmp/0 T_1.23, 4;
    %load/vec4 v0x5d4ad4f6f740_0;
    %parti/s 1, 0, 2;
    %pushi/vec4 1, 0, 1;
    %cmp/e;
    %flag_get/vec4 4;
    %and;
T_1.23;
    %flag_set/vec4 10;
    %flag_get/vec4 10;
    %jmp/0 T_1.22, 10;
    %load/vec4 v0x5d4ad4f6fbd0_0;
    %pushi/vec4 15, 0, 4;
    %cmp/e;
    %flag_get/vec4 4;
    %and;
T_1.22;
    %flag_set/vec4 9;
    %flag_get/vec4 9;
    %jmp/0 T_1.21, 9;
    %load/vec4 v0x5d4ad4f6f8e0_0;
    %pushi/vec4 1, 0, 4;
    %cmp/e;
    %flag_get/vec4 4;
    %and;
T_1.21;
    %flag_set/vec4 8;
    %jmp/0xz  T_1.19, 8;
    %pushi/vec4 6, 0, 5;
    %store/vec4 v0x5d4ad4f703a0_0, 0, 5;
    %jmp T_1.20;
T_1.19 ;
    %pushi/vec4 2, 0, 5;
    %store/vec4 v0x5d4ad4f703a0_0, 0, 5;
T_1.20 ;
    %jmp T_1.16;
T_1.14 ;
    %pushi/vec4 9, 0, 5;
    %store/vec4 v0x5d4ad4f703a0_0, 0, 5;
    %jmp T_1.16;
T_1.16 ;
    %pop/vec4 1;
    %jmp T_1.11;
T_1.2 ;
    %pushi/vec4 8, 0, 5;
    %store/vec4 v0x5d4ad4f703a0_0, 0, 5;
    %jmp T_1.11;
T_1.3 ;
    %pushi/vec4 8, 0, 5;
    %store/vec4 v0x5d4ad4f703a0_0, 0, 5;
    %jmp T_1.11;
T_1.4 ;
    %load/vec4 v0x5d4ad4f6f740_0;
    %parti/s 1, 0, 2;
    %flag_set/vec4 8;
    %jmp/0xz  T_1.24, 8;
    %pushi/vec4 3, 0, 5;
    %store/vec4 v0x5d4ad4f703a0_0, 0, 5;
    %jmp T_1.25;
T_1.24 ;
    %pushi/vec4 5, 0, 5;
    %store/vec4 v0x5d4ad4f703a0_0, 0, 5;
T_1.25 ;
    %jmp T_1.11;
T_1.5 ;
    %pushi/vec4 4, 0, 5;
    %store/vec4 v0x5d4ad4f703a0_0, 0, 5;
    %jmp T_1.11;
T_1.6 ;
    %pushi/vec4 0, 0, 5;
    %store/vec4 v0x5d4ad4f703a0_0, 0, 5;
    %jmp T_1.11;
T_1.7 ;
    %pushi/vec4 0, 0, 5;
    %store/vec4 v0x5d4ad4f703a0_0, 0, 5;
    %jmp T_1.11;
T_1.8 ;
    %pushi/vec4 0, 0, 5;
    %store/vec4 v0x5d4ad4f703a0_0, 0, 5;
    %jmp T_1.11;
T_1.9 ;
    %pushi/vec4 0, 0, 5;
    %store/vec4 v0x5d4ad4f703a0_0, 0, 5;
    %jmp T_1.11;
T_1.11 ;
    %pop/vec4 1;
    %jmp T_1;
    .thread T_1, $push;
    .scope S_0x5d4ad4f6e6e0;
T_2 ;
    %wait E_0x5d4ad4ec50d0;
    %load/vec4 v0x5d4ad4f706a0_0;
    %dup/vec4;
    %pushi/vec4 0, 0, 5;
    %cmp/u;
    %jmp/1 T_2.0, 6;
    %dup/vec4;
    %pushi/vec4 1, 0, 5;
    %cmp/u;
    %jmp/1 T_2.1, 6;
    %dup/vec4;
    %pushi/vec4 6, 0, 5;
    %cmp/u;
    %jmp/1 T_2.2, 6;
    %dup/vec4;
    %pushi/vec4 7, 0, 5;
    %cmp/u;
    %jmp/1 T_2.3, 6;
    %dup/vec4;
    %pushi/vec4 8, 0, 5;
    %cmp/u;
    %jmp/1 T_2.4, 6;
    %dup/vec4;
    %pushi/vec4 2, 0, 5;
    %cmp/u;
    %jmp/1 T_2.5, 6;
    %dup/vec4;
    %pushi/vec4 5, 0, 5;
    %cmp/u;
    %jmp/1 T_2.6, 6;
    %dup/vec4;
    %pushi/vec4 3, 0, 5;
    %cmp/u;
    %jmp/1 T_2.7, 6;
    %dup/vec4;
    %pushi/vec4 4, 0, 5;
    %cmp/u;
    %jmp/1 T_2.8, 6;
    %dup/vec4;
    %pushi/vec4 9, 0, 5;
    %cmp/u;
    %jmp/1 T_2.9, 6;
    %pushi/vec4 4095, 4095, 12;
    %store/vec4 v0x5d4ad4f6ffc0_0, 0, 12;
    %jmp T_2.11;
T_2.0 ;
    %pushi/vec4 2220, 0, 12;
    %store/vec4 v0x5d4ad4f6ffc0_0, 0, 12;
    %jmp T_2.11;
T_2.1 ;
    %pushi/vec4 44, 0, 12;
    %store/vec4 v0x5d4ad4f6ffc0_0, 0, 12;
    %jmp T_2.11;
T_2.2 ;
    %pushi/vec4 1, 0, 12;
    %store/vec4 v0x5d4ad4f6ffc0_0, 0, 12;
    %jmp T_2.11;
T_2.3 ;
    %pushi/vec4 3, 0, 12;
    %store/vec4 v0x5d4ad4f6ffc0_0, 0, 12;
    %jmp T_2.11;
T_2.4 ;
    %pushi/vec4 256, 0, 12;
    %store/vec4 v0x5d4ad4f6ffc0_0, 0, 12;
    %jmp T_2.11;
T_2.5 ;
    %pushi/vec4 2, 0, 12;
    %store/vec4 v0x5d4ad4f6ffc0_0, 0, 12;
    %jmp T_2.11;
T_2.6 ;
    %pushi/vec4 576, 0, 12;
    %store/vec4 v0x5d4ad4f6ffc0_0, 0, 12;
    %jmp T_2.11;
T_2.7 ;
    %pushi/vec4 64, 0, 12;
    %store/vec4 v0x5d4ad4f6ffc0_0, 0, 12;
    %jmp T_2.11;
T_2.8 ;
    %pushi/vec4 272, 0, 12;
    %store/vec4 v0x5d4ad4f6ffc0_0, 0, 12;
    %jmp T_2.11;
T_2.9 ;
    %pushi/vec4 1058, 0, 12;
    %store/vec4 v0x5d4ad4f6ffc0_0, 0, 12;
    %jmp T_2.11;
T_2.11 ;
    %pop/vec4 1;
    %jmp T_2;
    .thread T_2, $push;
    .scope S_0x5d4ad4f6e6e0;
T_3 ;
    %wait E_0x5d4ad4f25cf0;
    %pushi/vec4 0, 0, 1;
    %store/vec4 v0x5d4ad4f702e0_0, 0, 1;
    %pushi/vec4 0, 0, 1;
    %store/vec4 v0x5d4ad4f70160_0, 0, 1;
    %pushi/vec4 0, 0, 1;
    %store/vec4 v0x5d4ad4f705e0_0, 0, 1;
    %load/vec4 v0x5d4ad4f6fb30_0;
    %dup/vec4;
    %pushi/vec4 0, 0, 2;
    %cmp/x;
    %jmp/1 T_3.0, 4;
    %dup/vec4;
    %pushi/vec4 1, 0, 2;
    %cmp/x;
    %jmp/1 T_3.1, 4;
    %pushi/vec4 0, 0, 1;
    %store/vec4 v0x5d4ad4f702e0_0, 0, 1;
    %pushi/vec4 0, 0, 1;
    %store/vec4 v0x5d4ad4f70160_0, 0, 1;
    %pushi/vec4 0, 0, 1;
    %store/vec4 v0x5d4ad4f705e0_0, 0, 1;
    %jmp T_3.3;
T_3.0 ;
    %load/vec4 v0x5d4ad4f706a0_0;
    %cmpi/e 6, 0, 5;
    %jmp/1 T_3.7, 4;
    %flag_mov 9, 4;
    %load/vec4 v0x5d4ad4f706a0_0;
    %cmpi/e 7, 0, 5;
    %flag_or 4, 9;
T_3.7;
    %flag_get/vec4 4;
    %jmp/0 T_3.6, 4;
    %load/vec4 v0x5d4ad4f6f740_0;
    %parti/s 4, 1, 2;
    %pushi/vec4 13, 0, 4;
    %cmp/e;
    %flag_get/vec4 4;
    %and;
T_3.6;
    %flag_set/vec4 8;
    %jmp/0xz  T_3.4, 8;
    %pushi/vec4 1, 0, 1;
    %store/vec4 v0x5d4ad4f705e0_0, 0, 1;
T_3.4 ;
    %load/vec4 v0x5d4ad4f6f8e0_0;
    %cmpi/e 9, 0, 4;
    %jmp/0xz  T_3.8, 4;
    %pushi/vec4 1, 0, 1;
    %store/vec4 v0x5d4ad4f702e0_0, 0, 1;
T_3.8 ;
    %jmp T_3.3;
T_3.1 ;
    %load/vec4 v0x5d4ad4f706a0_0;
    %cmpi/e 6, 0, 5;
    %flag_get/vec4 4;
    %jmp/0 T_3.15, 4;
    %load/vec4 v0x5d4ad4f6f740_0;
    %parti/s 4, 2, 3;
    %pushi/vec4 12, 0, 4;
    %cmp/e;
    %flag_get/vec4 4;
    %and;
T_3.15;
    %flag_set/vec4 11;
    %flag_get/vec4 11;
    %jmp/0 T_3.14, 11;
    %load/vec4 v0x5d4ad4f6f740_0;
    %parti/s 1, 0, 2;
    %pushi/vec4 1, 0, 1;
    %cmp/e;
    %flag_get/vec4 4;
    %and;
T_3.14;
    %flag_set/vec4 10;
    %flag_get/vec4 10;
    %jmp/0 T_3.13, 10;
    %load/vec4 v0x5d4ad4f6fbd0_0;
    %pushi/vec4 15, 0, 4;
    %cmp/e;
    %flag_get/vec4 4;
    %and;
T_3.13;
    %flag_set/vec4 9;
    %flag_get/vec4 9;
    %jmp/0 T_3.12, 9;
    %load/vec4 v0x5d4ad4f6f8e0_0;
    %pushi/vec4 1, 0, 4;
    %cmp/e;
    %flag_get/vec4 4;
    %and;
T_3.12;
    %flag_set/vec4 8;
    %jmp/0xz  T_3.10, 8;
    %pushi/vec4 1, 0, 1;
    %store/vec4 v0x5d4ad4f70160_0, 0, 1;
T_3.10 ;
    %jmp T_3.3;
T_3.3 ;
    %pop/vec4 1;
    %jmp T_3;
    .thread T_3, $push;
    .scope S_0x5d4ad4f6e2c0;
T_4 ;
    %wait E_0x5d4ad4e949c0;
    %load/vec4 v0x5d4ad4f70ae0_0;
    %flag_set/vec4 8;
    %jmp/0xz  T_4.0, 8;
    %load/vec4 v0x5d4ad4f71080_0;
    %parti/s 4, 1, 2;
    %dup/vec4;
    %pushi/vec4 4, 0, 4;
    %cmp/u;
    %jmp/1 T_4.2, 6;
    %dup/vec4;
    %pushi/vec4 2, 0, 4;
    %cmp/u;
    %jmp/1 T_4.3, 6;
    %dup/vec4;
    %pushi/vec4 0, 0, 4;
    %cmp/u;
    %jmp/1 T_4.4, 6;
    %dup/vec4;
    %pushi/vec4 12, 0, 4;
    %cmp/u;
    %jmp/1 T_4.5, 6;
    %pushi/vec4 0, 0, 2;
    %store/vec4 v0x5d4ad4f6eff0_0, 0, 2;
    %jmp T_4.7;
T_4.2 ;
    %pushi/vec4 0, 0, 2;
    %store/vec4 v0x5d4ad4f6eff0_0, 0, 2;
    %jmp T_4.7;
T_4.3 ;
    %pushi/vec4 1, 0, 2;
    %store/vec4 v0x5d4ad4f6eff0_0, 0, 2;
    %jmp T_4.7;
T_4.4 ;
    %pushi/vec4 2, 0, 2;
    %store/vec4 v0x5d4ad4f6eff0_0, 0, 2;
    %jmp T_4.7;
T_4.5 ;
    %pushi/vec4 3, 0, 2;
    %store/vec4 v0x5d4ad4f6eff0_0, 0, 2;
    %jmp T_4.7;
T_4.7 ;
    %pop/vec4 1;
    %load/vec4 v0x5d4ad4f71080_0;
    %parti/s 1, 0, 2;
    %ix/load 4, 1, 0;
    %flag_set/imm 4, 0;
    %store/vec4 v0x5d4ad4f70fb0_0, 4, 1;
    %load/vec4 v0x5d4ad4f71080_0;
    %parti/s 1, 0, 2;
    %load/vec4 v0x5d4ad4f6eff0_0;
    %pushi/vec4 0, 0, 2;
    %cmp/e;
    %flag_get/vec4 4;
    %load/vec4 v0x5d4ad4f6eff0_0;
    %pushi/vec4 1, 0, 2;
    %cmp/e;
    %flag_get/vec4 4;
    %or;
    %and;
    %ix/load 4, 0, 0;
    %flag_set/imm 4, 0;
    %store/vec4 v0x5d4ad4f70fb0_0, 4, 1;
    %jmp T_4.1;
T_4.0 ;
    %pushi/vec4 0, 0, 2;
    %store/vec4 v0x5d4ad4f6eff0_0, 0, 2;
    %pushi/vec4 0, 0, 2;
    %store/vec4 v0x5d4ad4f70fb0_0, 0, 2;
T_4.1 ;
    %jmp T_4;
    .thread T_4, $push;
    .scope S_0x5d4ad4f6cc50;
T_5 ;
    %wait E_0x5d4ad4f64910;
    %load/vec4 v0x5d4ad4f6d1b0_0;
    %flag_set/vec4 8;
    %jmp/0xz  T_5.0, 8;
    %pushi/vec4 0, 0, 2;
    %assign/vec4 v0x5d4ad4f6d0f0_0, 0;
    %jmp T_5.1;
T_5.0 ;
    %load/vec4 v0x5d4ad4f6d010_0;
    %assign/vec4 v0x5d4ad4f6d0f0_0, 0;
T_5.1 ;
    %jmp T_5;
    .thread T_5;
    .scope S_0x5d4ad4f6c520;
T_6 ;
    %wait E_0x5d4ad4f64910;
    %load/vec4 v0x5d4ad4f6cab0_0;
    %flag_set/vec4 8;
    %jmp/0xz  T_6.0, 8;
    %pushi/vec4 0, 0, 2;
    %assign/vec4 v0x5d4ad4f6c9d0_0, 0;
    %jmp T_6.1;
T_6.0 ;
    %load/vec4 v0x5d4ad4f6c900_0;
    %flag_set/vec4 8;
    %jmp/0xz  T_6.2, 8;
    %load/vec4 v0x5d4ad4f6c840_0;
    %assign/vec4 v0x5d4ad4f6c9d0_0, 0;
T_6.2 ;
T_6.1 ;
    %jmp T_6;
    .thread T_6;
    .scope S_0x5d4ad4f6bde0;
T_7 ;
    %wait E_0x5d4ad4f64910;
    %load/vec4 v0x5d4ad4f6c370_0;
    %flag_set/vec4 8;
    %jmp/0xz  T_7.0, 8;
    %pushi/vec4 0, 0, 2;
    %assign/vec4 v0x5d4ad4f6c290_0, 0;
    %jmp T_7.1;
T_7.0 ;
    %load/vec4 v0x5d4ad4f6c1f0_0;
    %flag_set/vec4 8;
    %jmp/0xz  T_7.2, 8;
    %load/vec4 v0x5d4ad4f6c110_0;
    %assign/vec4 v0x5d4ad4f6c290_0, 0;
T_7.2 ;
T_7.1 ;
    %jmp T_7;
    .thread T_7;
    .scope S_0x5d4ad4f38ed0;
T_8 ;
    %wait E_0x5d4ad4ec5450;
    %load/vec4 v0x5d4ad4f0f9e0_0;
    %dup/vec4;
    %pushi/vec4 0, 0, 4;
    %cmp/u;
    %jmp/1 T_8.0, 6;
    %dup/vec4;
    %pushi/vec4 1, 0, 4;
    %cmp/u;
    %jmp/1 T_8.1, 6;
    %dup/vec4;
    %pushi/vec4 2, 0, 4;
    %cmp/u;
    %jmp/1 T_8.2, 6;
    %dup/vec4;
    %pushi/vec4 3, 0, 4;
    %cmp/u;
    %jmp/1 T_8.3, 6;
    %dup/vec4;
    %pushi/vec4 4, 0, 4;
    %cmp/u;
    %jmp/1 T_8.4, 6;
    %dup/vec4;
    %pushi/vec4 5, 0, 4;
    %cmp/u;
    %jmp/1 T_8.5, 6;
    %dup/vec4;
    %pushi/vec4 6, 0, 4;
    %cmp/u;
    %jmp/1 T_8.6, 6;
    %dup/vec4;
    %pushi/vec4 7, 0, 4;
    %cmp/u;
    %jmp/1 T_8.7, 6;
    %dup/vec4;
    %pushi/vec4 8, 0, 4;
    %cmp/u;
    %jmp/1 T_8.8, 6;
    %dup/vec4;
    %pushi/vec4 9, 0, 4;
    %cmp/u;
    %jmp/1 T_8.9, 6;
    %dup/vec4;
    %pushi/vec4 10, 0, 4;
    %cmp/u;
    %jmp/1 T_8.10, 6;
    %dup/vec4;
    %pushi/vec4 11, 0, 4;
    %cmp/u;
    %jmp/1 T_8.11, 6;
    %dup/vec4;
    %pushi/vec4 12, 0, 4;
    %cmp/u;
    %jmp/1 T_8.12, 6;
    %dup/vec4;
    %pushi/vec4 13, 0, 4;
    %cmp/u;
    %jmp/1 T_8.13, 6;
    %dup/vec4;
    %pushi/vec4 14, 0, 4;
    %cmp/u;
    %jmp/1 T_8.14, 6;
    %pushi/vec4 1, 1, 1;
    %store/vec4 v0x5d4ad4f23040_0, 0, 1;
    %jmp T_8.16;
T_8.0 ;
    %load/vec4 v0x5d4ad4f6bca0_0;
    %store/vec4 v0x5d4ad4f23040_0, 0, 1;
    %jmp T_8.16;
T_8.1 ;
    %load/vec4 v0x5d4ad4f6bca0_0;
    %inv;
    %store/vec4 v0x5d4ad4f23040_0, 0, 1;
    %jmp T_8.16;
T_8.2 ;
    %load/vec4 v0x5d4ad4f23fc0_0;
    %store/vec4 v0x5d4ad4f23040_0, 0, 1;
    %jmp T_8.16;
T_8.3 ;
    %load/vec4 v0x5d4ad4f23fc0_0;
    %inv;
    %store/vec4 v0x5d4ad4f23040_0, 0, 1;
    %jmp T_8.16;
T_8.4 ;
    %load/vec4 v0x5d4ad4f6bb20_0;
    %store/vec4 v0x5d4ad4f23040_0, 0, 1;
    %jmp T_8.16;
T_8.5 ;
    %load/vec4 v0x5d4ad4f6bb20_0;
    %inv;
    %store/vec4 v0x5d4ad4f23040_0, 0, 1;
    %jmp T_8.16;
T_8.6 ;
    %load/vec4 v0x5d4ad4f6bbe0_0;
    %store/vec4 v0x5d4ad4f23040_0, 0, 1;
    %jmp T_8.16;
T_8.7 ;
    %load/vec4 v0x5d4ad4f6bbe0_0;
    %inv;
    %store/vec4 v0x5d4ad4f23040_0, 0, 1;
    %jmp T_8.16;
T_8.8 ;
    %load/vec4 v0x5d4ad4f23fc0_0;
    %load/vec4 v0x5d4ad4f6bca0_0;
    %inv;
    %and;
    %store/vec4 v0x5d4ad4f23040_0, 0, 1;
    %jmp T_8.16;
T_8.9 ;
    %load/vec4 v0x5d4ad4f23fc0_0;
    %load/vec4 v0x5d4ad4f6bca0_0;
    %inv;
    %and;
    %inv;
    %store/vec4 v0x5d4ad4f23040_0, 0, 1;
    %jmp T_8.16;
T_8.10 ;
    %load/vec4 v0x5d4ad4ed7030_0;
    %store/vec4 v0x5d4ad4f23040_0, 0, 1;
    %jmp T_8.16;
T_8.11 ;
    %load/vec4 v0x5d4ad4ed7030_0;
    %inv;
    %store/vec4 v0x5d4ad4f23040_0, 0, 1;
    %jmp T_8.16;
T_8.12 ;
    %load/vec4 v0x5d4ad4f6bca0_0;
    %inv;
    %load/vec4 v0x5d4ad4ed7030_0;
    %and;
    %store/vec4 v0x5d4ad4f23040_0, 0, 1;
    %jmp T_8.16;
T_8.13 ;
    %load/vec4 v0x5d4ad4f6bca0_0;
    %inv;
    %load/vec4 v0x5d4ad4ed7030_0;
    %and;
    %inv;
    %store/vec4 v0x5d4ad4f23040_0, 0, 1;
    %jmp T_8.16;
T_8.14 ;
    %pushi/vec4 1, 0, 1;
    %store/vec4 v0x5d4ad4f23040_0, 0, 1;
    %jmp T_8.16;
T_8.16 ;
    %pop/vec4 1;
    %jmp T_8;
    .thread T_8, $push;
    .scope S_0x5d4ad4f77bb0;
T_9 ;
    %wait E_0x5d4ad4f64910;
    %load/vec4 v0x5d4ad4f781e0_0;
    %flag_set/vec4 8;
    %jmp/0xz  T_9.0, 8;
    %pushi/vec4 0, 0, 32;
    %assign/vec4 v0x5d4ad4f78120_0, 0;
    %jmp T_9.1;
T_9.0 ;
    %load/vec4 v0x5d4ad4f78000_0;
    %flag_set/vec4 8;
    %jmp/0xz  T_9.2, 8;
    %load/vec4 v0x5d4ad4f77f20_0;
    %assign/vec4 v0x5d4ad4f78120_0, 0;
T_9.2 ;
T_9.1 ;
    %jmp T_9;
    .thread T_9;
    .scope S_0x5d4ad4f77440;
T_10 ;
    %wait E_0x5d4ad4f64910;
    %load/vec4 v0x5d4ad4f77a20_0;
    %flag_set/vec4 8;
    %jmp/0xz  T_10.0, 8;
    %pushi/vec4 0, 0, 32;
    %assign/vec4 v0x5d4ad4f77980_0, 0;
    %jmp T_10.1;
T_10.0 ;
    %load/vec4 v0x5d4ad4f778b0_0;
    %flag_set/vec4 8;
    %jmp/0xz  T_10.2, 8;
    %load/vec4 v0x5d4ad4f777c0_0;
    %assign/vec4 v0x5d4ad4f77980_0, 0;
T_10.2 ;
T_10.1 ;
    %jmp T_10;
    .thread T_10;
    .scope S_0x5d4ad4f76bc0;
T_11 ;
    %wait E_0x5d4ad4f64910;
    %load/vec4 v0x5d4ad4f771e0_0;
    %flag_set/vec4 8;
    %jmp/0xz  T_11.0, 8;
    %pushi/vec4 0, 0, 32;
    %assign/vec4 v0x5d4ad4f770f0_0, 0;
    %jmp T_11.1;
T_11.0 ;
    %load/vec4 v0x5d4ad4f77010_0;
    %assign/vec4 v0x5d4ad4f770f0_0, 0;
T_11.1 ;
    %jmp T_11;
    .thread T_11;
    .scope S_0x5d4ad4f86ff0;
T_12 ;
    %wait E_0x5d4ad4f82020;
    %load/vec4 v0x5d4ad4f888e0_0;
    %flag_set/vec4 8;
    %jmp/0xz  T_12.0, 8;
    %load/vec4 v0x5d4ad4f88840_0;
    %load/vec4 v0x5d4ad4f88750_0;
    %pad/u 6;
    %ix/vec4 3;
    %ix/load 4, 0, 0; Constant delay
    %assign/vec4/a/d v0x5d4ad4f886b0, 0, 4;
T_12.0 ;
    %jmp T_12;
    .thread T_12;
    .scope S_0x5d4ad4f78370;
T_13 ;
    %wait E_0x5d4ad4f64910;
    %load/vec4 v0x5d4ad4f788a0_0;
    %flag_set/vec4 8;
    %jmp/0xz  T_13.0, 8;
    %pushi/vec4 0, 0, 32;
    %assign/vec4 v0x5d4ad4f787e0_0, 0;
    %jmp T_13.1;
T_13.0 ;
    %load/vec4 v0x5d4ad4f78700_0;
    %assign/vec4 v0x5d4ad4f787e0_0, 0;
T_13.1 ;
    %jmp T_13;
    .thread T_13;
    .scope S_0x5d4ad4f789f0;
T_14 ;
    %wait E_0x5d4ad4f64910;
    %load/vec4 v0x5d4ad4f78f30_0;
    %flag_set/vec4 8;
    %jmp/0xz  T_14.0, 8;
    %pushi/vec4 0, 0, 32;
    %assign/vec4 v0x5d4ad4f78e40_0, 0;
    %jmp T_14.1;
T_14.0 ;
    %load/vec4 v0x5d4ad4f78d60_0;
    %assign/vec4 v0x5d4ad4f78e40_0, 0;
T_14.1 ;
    %jmp T_14;
    .thread T_14;
    .scope S_0x5d4ad4f79080;
T_15 ;
    %wait E_0x5d4ad4f64910;
    %load/vec4 v0x5d4ad4f795c0_0;
    %flag_set/vec4 8;
    %jmp/0xz  T_15.0, 8;
    %pushi/vec4 0, 0, 32;
    %assign/vec4 v0x5d4ad4f794d0_0, 0;
    %jmp T_15.1;
T_15.0 ;
    %load/vec4 v0x5d4ad4f793f0_0;
    %assign/vec4 v0x5d4ad4f794d0_0, 0;
T_15.1 ;
    %jmp T_15;
    .thread T_15;
    .scope S_0x5d4ad4f7f190;
T_16 ;
    %wait E_0x5d4ad4f7f340;
    %load/vec4 v0x5d4ad4f7f4c0_0;
    %dup/vec4;
    %pushi/vec4 0, 0, 2;
    %cmp/u;
    %jmp/1 T_16.0, 6;
    %dup/vec4;
    %pushi/vec4 1, 0, 2;
    %cmp/u;
    %jmp/1 T_16.1, 6;
    %dup/vec4;
    %pushi/vec4 2, 0, 2;
    %cmp/u;
    %jmp/1 T_16.2, 6;
    %pushi/vec4 4294967295, 4294967295, 32;
    %store/vec4 v0x5d4ad4f7f3c0_0, 0, 32;
    %jmp T_16.4;
T_16.0 ;
    %pushi/vec4 0, 0, 24;
    %load/vec4 v0x5d4ad4f7f580_0;
    %parti/s 8, 0, 2;
    %concat/vec4; draw_concat_vec4
    %store/vec4 v0x5d4ad4f7f3c0_0, 0, 32;
    %jmp T_16.4;
T_16.1 ;
    %pushi/vec4 0, 0, 20;
    %load/vec4 v0x5d4ad4f7f580_0;
    %parti/s 12, 0, 2;
    %concat/vec4; draw_concat_vec4
    %store/vec4 v0x5d4ad4f7f3c0_0, 0, 32;
    %jmp T_16.4;
T_16.2 ;
    %load/vec4 v0x5d4ad4f7f580_0;
    %parti/s 1, 23, 6;
    %replicate 6;
    %load/vec4 v0x5d4ad4f7f580_0;
    %concat/vec4; draw_concat_vec4
    %concati/vec4 0, 0, 2;
    %store/vec4 v0x5d4ad4f7f3c0_0, 0, 32;
    %jmp T_16.4;
T_16.4 ;
    %pop/vec4 1;
    %jmp T_16;
    .thread T_16, $push;
    .scope S_0x5d4ad4f79e30;
T_17 ;
    %wait E_0x5d4ad4ec5110;
    %load/vec4 v0x5d4ad4f7a060_0;
    %dup/vec4;
    %pushi/vec4 0, 1, 2;
    %cmp/x;
    %jmp/1 T_17.0, 4;
    %dup/vec4;
    %pushi/vec4 2, 0, 2;
    %cmp/x;
    %jmp/1 T_17.1, 4;
    %dup/vec4;
    %pushi/vec4 3, 0, 2;
    %cmp/x;
    %jmp/1 T_17.2, 4;
    %jmp T_17.3;
T_17.0 ;
    %load/vec4 v0x5d4ad4f7c190_0;
    %pad/u 32;
    %store/vec4 v0x5d4ad4f7a250_0, 0, 32;
    %jmp T_17.3;
T_17.1 ;
    %load/vec4 v0x5d4ad4f7a310_0;
    %load/vec4 v0x5d4ad4f7a3f0_0;
    %and;
    %store/vec4 v0x5d4ad4f7a250_0, 0, 32;
    %jmp T_17.3;
T_17.2 ;
    %load/vec4 v0x5d4ad4f7a310_0;
    %load/vec4 v0x5d4ad4f7a3f0_0;
    %or;
    %store/vec4 v0x5d4ad4f7a250_0, 0, 32;
    %jmp T_17.3;
T_17.3 ;
    %pop/vec4 1;
    %jmp T_17;
    .thread T_17, $push;
    .scope S_0x5d4ad4f765c0;
T_18 ;
    %wait E_0x5d4ad4f64910;
    %load/vec4 v0x5d4ad4f76aa0_0;
    %flag_set/vec4 8;
    %jmp/0xz  T_18.0, 8;
    %pushi/vec4 0, 0, 32;
    %assign/vec4 v0x5d4ad4f769e0_0, 0;
    %jmp T_18.1;
T_18.0 ;
    %load/vec4 v0x5d4ad4f76900_0;
    %assign/vec4 v0x5d4ad4f769e0_0, 0;
T_18.1 ;
    %jmp T_18;
    .thread T_18;
    .scope S_0x5d4ad4f91670;
T_19 ;
    %vpi_call 24 14 "$readmemh", "memfile.dat", v0x5d4ad4f918a0 {0 0 0};
    %end;
    .thread T_19;
    .scope S_0x5d4ad4f91670;
T_20 ;
    %wait E_0x5d4ad4f82020;
    %load/vec4 v0x5d4ad4f91f00_0;
    %flag_set/vec4 8;
    %jmp/0xz  T_20.0, 8;
    %load/vec4 v0x5d4ad4f91db0_0;
    %load/vec4 v0x5d4ad4f91b00_0;
    %parti/s 30, 2, 3;
    %ix/vec4 3;
    %ix/load 4, 0, 0; Constant delay
    %assign/vec4/a/d v0x5d4ad4f918a0, 0, 4;
T_20.0 ;
    %jmp T_20;
    .thread T_20;
    .scope S_0x5d4ad4f665f0;
T_21 ;
    %pushi/vec4 1, 0, 1;
    %store/vec4 v0x5d4ad4f92b10_0, 0, 1;
    %delay 5, 0;
    %pushi/vec4 0, 0, 1;
    %store/vec4 v0x5d4ad4f92b10_0, 0, 1;
    %delay 5, 0;
    %pushi/vec4 0, 0, 1;
    %store/vec4 v0x5d4ad4f92b10_0, 0, 1;
    %delay 220, 0;
    %vpi_call 2 18 "$finish" {0 0 0};
    %end;
    .thread T_21;
    .scope S_0x5d4ad4f665f0;
T_22 ;
    %pushi/vec4 1, 0, 1;
    %assign/vec4 v0x5d4ad4f92a70_0, 0;
    %delay 5, 0;
    %pushi/vec4 0, 0, 1;
    %assign/vec4 v0x5d4ad4f92a70_0, 0;
    %delay 5, 0;
    %jmp T_22;
    .thread T_22;
    .scope S_0x5d4ad4f665f0;
T_23 ;
    %vpi_call 2 25 "$dumpfile", "probando.vcd" {0 0 0};
    %vpi_call 2 26 "$dumpvars" {0 0 0};
    %end;
    .thread T_23;
# The file index is used to find the file name in the following table.
:file_names 25;
    "N/A";
    "<interactive>";
    "testbench.v";
    "top.v";
    "arm.v";
    "controller.v";
    "condlogic.v";
    "condcheck.v";
    "flopenr.v";
    "flopr.v";
    "decode.v";
    "mainfsm.v";
    "datapath.v";
    "mux2.v";
    "alu.v";
    "divider.v";
    "extend.v";
    "mla.v";
    "mux3.v";
    "mux4.v";
    "mux2_1.v";
    "regfile.v";
    "rotate.v";
    "shifter.v";
    "mem.v";
